2019-07-27T21:34:55.226Z: Client 1e60f145-481e-419f-9e11-3ef770de73ab made a request
2019-07-27T21:34:55.228Z: Received request for analysing video: 458820084
2019-07-27T21:34:55.228Z: RechatTool has stopped for 458820084!
2019-07-27T21:34:55.231Z: Running basic algorithm for video 458820084
2019-07-27T21:34:58.969Z: Client 1e60f145-481e-419f-9e11-3ef770de73ab made a request
2019-07-27T21:34:58.970Z: Received request for analysing video: 458820084
2019-07-27T21:34:58.970Z: RechatTool has stopped for 458820084!
2019-07-27T21:34:58.971Z: Running basic algorithm for video 458820084
2019-07-27T21:35:00.278Z: Client 1e60f145-481e-419f-9e11-3ef770de73ab made a request
2019-07-27T21:35:00.278Z: Received request for analysing video: 458820084
2019-07-27T21:35:00.279Z: RechatTool has stopped for 458820084!
2019-07-27T21:35:00.279Z: Running advance algorithm for video 458820084
2019-07-27T21:35:01.325Z: Client 1e60f145-481e-419f-9e11-3ef770de73ab made a request
2019-07-27T21:35:01.326Z: Received request for analysing video: 458820084
2019-07-27T21:35:01.326Z: RechatTool has stopped for 458820084!
2019-07-27T21:35:01.327Z: Running basic algorithm for video 458820084
2019-07-27T21:35:02.142Z: Client 1e60f145-481e-419f-9e11-3ef770de73ab made a request
2019-07-27T21:35:02.142Z: Received request for analysing video: 458820084
2019-07-27T21:35:02.142Z: RechatTool has stopped for 458820084!
2019-07-27T21:35:02.143Z: Running advance algorithm for video 458820084
2019-07-27T21:35:04.474Z: Client 1e60f145-481e-419f-9e11-3ef770de73ab made a request
2019-07-27T21:35:04.474Z: Received request for analysing video: 458820084
2019-07-27T21:35:04.475Z: RechatTool has stopped for 458820084!
2019-07-27T21:35:04.475Z: Running advance algorithm for video 458820084
2019-07-27T21:35:05.198Z: Client 1e60f145-481e-419f-9e11-3ef770de73ab made a request
2019-07-27T21:35:05.199Z: Received request for analysing video: 458820084
2019-07-27T21:35:05.199Z: RechatTool has stopped for 458820084!
2019-07-27T21:35:05.199Z: Running basic algorithm for video 458820084
2019-07-27T21:35:08.008Z: Client 1e60f145-481e-419f-9e11-3ef770de73ab made a request
2019-07-27T21:35:08.008Z: Received request for analysing video: 458820084
2019-07-27T21:35:08.009Z: RechatTool has stopped for 458820084!
2019-07-27T21:35:08.009Z: Running basic algorithm for video 458820084
