2019-08-05T00:22:03.163Z: Updating status of null
2019-08-05T00:22:03.667Z: Client 0a994d07-4ed4-4308-813f-2dfd1bd7a831 made a request
2019-08-05T00:22:05.078Z: Upgraded client null, expire on Tue Aug 06 2019 00:22:03 GMT+0000 (Greenwich Mean Time)
2019-08-05T00:22:05.082Z: While checking premium: TypeError: Cannot read property 'IsPremium' of undefined
2019-08-05T00:22:05.154Z: Client account is not activated, not premium, has 0 pending requests
2019-08-05T00:22:05.155Z: Request Error: Not activated
2019-08-05T00:22:07.843Z: Updating status of 0a994d07-4ed4-4308-813f-2dfd1bd7a831
2019-08-05T00:22:08.686Z: Upgraded client 0a994d07-4ed4-4308-813f-2dfd1bd7a831, expire on Tue Aug 06 2019 00:22:07 GMT+0000 (Greenwich Mean Time)
2019-08-05T00:22:08.843Z: Client 0a994d07-4ed4-4308-813f-2dfd1bd7a831 made a request
2019-08-05T00:22:09.685Z: Client account is activated, premium, has 0 pending requests
2019-08-05T00:22:09.689Z: Received request for analysing video: 461870417
2019-08-05T00:22:09.690Z: RechatTool has stopped for 461870417!
2019-08-05T00:22:09.690Z: Running basic algorithm for video 461870417
2019-08-05T00:22:25.446Z: Updating status of 0a994d07-4ed4-4308-813f-2dfd1bd7a831
2019-08-05T00:22:25.976Z: Client 0a994d07-4ed4-4308-813f-2dfd1bd7a831 made a request
2019-08-05T00:22:26.326Z: Upgraded client 0a994d07-4ed4-4308-813f-2dfd1bd7a831, expire on Tue Aug 06 2019 00:22:25 GMT+0000 (Greenwich Mean Time)
2019-08-05T00:22:26.854Z: Client account is activated, premium, has 0 pending requests
2019-08-05T00:22:26.856Z: Received request for analysing video: 461870417
2019-08-05T00:22:26.857Z: RechatTool has stopped for 461870417!
2019-08-05T00:22:26.857Z: Running basic algorithm for video 461870417
2019-08-05T00:22:46.043Z: Updating status of 0a994d07-4ed4-4308-813f-2dfd1bd7a831
2019-08-05T00:22:46.060Z: Upgraded client 0a994d07-4ed4-4308-813f-2dfd1bd7a831, expire on Tue Aug 06 2019 00:22:46 GMT+0000 (Greenwich Mean Time)
