2019-07-27T21:02:38.915Z: Client 98418a3c-57d1-47fa-87e3-e6de3464e94a made a request
2019-07-27T21:02:38.917Z: Received request for analysing video: 458298188
2019-07-27T21:02:38.946Z: RechatTool has stopped for 458298188!
2019-07-27T21:02:38.952Z: Running basic algorim for video 458298188
2019-07-27T21:02:56.402Z: Client 98418a3c-57d1-47fa-87e3-e6de3464e94a made a request
2019-07-27T21:02:56.403Z: Received request for analysing video: 458298188
2019-07-27T21:02:56.404Z: RechatTool has stopped for 458298188!
2019-07-27T21:02:56.405Z: Running advance algorim for video 458298188
2019-07-27T21:03:19.876Z: Client 98418a3c-57d1-47fa-87e3-e6de3464e94a made a request
2019-07-27T21:03:19.877Z: Received request for analysing video: 458298188
2019-07-27T21:03:19.877Z: RechatTool has stopped for 458298188!
2019-07-27T21:03:19.878Z: Running advance algorim for video 458298188
2019-07-27T21:03:20.335Z: Client 98418a3c-57d1-47fa-87e3-e6de3464e94a made a request
2019-07-27T21:03:20.336Z: Received request for analysing video: 458298188
2019-07-27T21:03:20.337Z: RechatTool has stopped for 458298188!
2019-07-27T21:03:20.338Z: Running advance algorim for video 458298188
2019-07-27T21:03:21.084Z: Client 98418a3c-57d1-47fa-87e3-e6de3464e94a made a request
2019-07-27T21:03:21.084Z: Received request for analysing video: 458298188
2019-07-27T21:03:21.085Z: RechatTool has stopped for 458298188!
2019-07-27T21:03:21.085Z: Running advance algorim for video 458298188
2019-07-27T21:03:21.570Z: Client 98418a3c-57d1-47fa-87e3-e6de3464e94a made a request
2019-07-27T21:03:21.571Z: Received request for analysing video: 458298188
2019-07-27T21:03:21.572Z: RechatTool has stopped for 458298188!
2019-07-27T21:03:21.572Z: Running advance algorim for video 458298188
2019-07-27T21:03:22.156Z: Client 98418a3c-57d1-47fa-87e3-e6de3464e94a made a request
2019-07-27T21:03:22.156Z: Received request for analysing video: 458298188
2019-07-27T21:03:22.157Z: RechatTool has stopped for 458298188!
2019-07-27T21:03:22.157Z: Running advance algorim for video 458298188
2019-07-27T21:04:01.280Z: Client 98418a3c-57d1-47fa-87e3-e6de3464e94a made a request
2019-07-27T21:04:01.280Z: Received request for analysing video: 458298188
2019-07-27T21:04:01.281Z: RechatTool has stopped for 458298188!
2019-07-27T21:04:01.282Z: Running advance algorim for video 458298188
2019-07-27T21:04:07.517Z: Client 98418a3c-57d1-47fa-87e3-e6de3464e94a made a request
2019-07-27T21:04:07.517Z: Received request for analysing video: 458298188
2019-07-27T21:04:07.518Z: RechatTool has stopped for 458298188!
2019-07-27T21:04:07.518Z: Running basic algorim for video 458298188
