2019-07-28T09:29:58.175Z: Client aa34b559-81ff-48f5-8a72-036817c88e2f made a request
2019-07-28T09:29:58.176Z: Received request for analysing video: 451344082
2019-07-28T09:29:58.177Z: RechatTool has stopped for 451344082!
2019-07-28T09:29:58.177Z: Running basic algorithm for video 451344082
2019-07-28T09:29:59.003Z: Client aa34b559-81ff-48f5-8a72-036817c88e2f made a request
2019-07-28T09:30:08.611Z: Client aa34b559-81ff-48f5-8a72-036817c88e2f made a request
2019-07-28T09:30:08.611Z: Received request for analysing video: 451344082
2019-07-28T09:30:08.612Z: RechatTool has stopped for 451344082!
2019-07-28T09:30:08.612Z: Running basic algorithm for video 451344082
2019-07-28T09:30:09.314Z: Client aa34b559-81ff-48f5-8a72-036817c88e2f made a request
2019-07-28T09:30:10.885Z: Client aa34b559-81ff-48f5-8a72-036817c88e2f made a request
2019-07-28T09:30:10.885Z: Received request for analysing video: 451344082
2019-07-28T09:30:10.886Z: RechatTool has stopped for 451344082!
2019-07-28T09:30:10.886Z: Running basic algorithm for video 451344082
2019-07-28T09:30:11.245Z: Client aa34b559-81ff-48f5-8a72-036817c88e2f made a request
2019-07-28T09:30:11.399Z: Client aa34b559-81ff-48f5-8a72-036817c88e2f made a request
2019-07-28T09:30:11.548Z: Client aa34b559-81ff-48f5-8a72-036817c88e2f made a request
2019-07-28T09:30:11.692Z: Client aa34b559-81ff-48f5-8a72-036817c88e2f made a request
2019-07-28T09:30:12.087Z: Client aa34b559-81ff-48f5-8a72-036817c88e2f made a request
2019-07-28T09:30:12.227Z: Client aa34b559-81ff-48f5-8a72-036817c88e2f made a request
2019-07-28T09:30:12.380Z: Client aa34b559-81ff-48f5-8a72-036817c88e2f made a request
2019-07-28T09:30:14.089Z: Client aa34b559-81ff-48f5-8a72-036817c88e2f made a request
2019-07-28T09:30:14.429Z: Client aa34b559-81ff-48f5-8a72-036817c88e2f made a request
2019-07-28T09:30:14.573Z: Client aa34b559-81ff-48f5-8a72-036817c88e2f made a request
2019-07-28T09:30:29.541Z: Client aa34b559-81ff-48f5-8a72-036817c88e2f made a request
2019-07-28T09:30:29.542Z: Received request for analysing video: 458722023
2019-07-28T09:30:29.548Z: File 458722023.done does not exist! Running RechatTool...
2019-07-28T09:30:34.818Z: Client aa34b559-81ff-48f5-8a72-036817c88e2f made a request
2019-07-28T09:30:36.571Z: Client aa34b559-81ff-48f5-8a72-036817c88e2f made a request
2019-07-28T09:30:36.572Z: Received request for analysing video: 458722023
2019-07-28T09:30:36.573Z: RechatTool is still running for 458722023!
2019-07-28T09:30:36.573Z: Running basic algorithm for video 458722023
2019-07-28T09:30:42.769Z: While running getChat(): Error: Command failed: RechatToolnew.exe -D 458722023

2019-07-28T09:30:43.704Z: Client aa34b559-81ff-48f5-8a72-036817c88e2f made a request
2019-07-28T09:30:43.704Z: Received request for analysing video: 458722023
2019-07-28T09:30:43.705Z: RechatTool is still running for 458722023!
2019-07-28T09:30:43.705Z: Running basic algorithm for video 458722023
2019-07-28T09:30:45.752Z: Client aa34b559-81ff-48f5-8a72-036817c88e2f made a request
2019-07-28T09:30:45.752Z: Received request for analysing video: 458722023
2019-07-28T09:30:45.752Z: RechatTool is still running for 458722023!
2019-07-28T09:30:45.752Z: Running basic algorithm for video 458722023
2019-07-28T09:30:50.760Z: Client aa34b559-81ff-48f5-8a72-036817c88e2f made a request
2019-07-28T09:30:50.760Z: Received request for analysing video: 458722023
2019-07-28T09:30:50.761Z: RechatTool is still running for 458722023!
2019-07-28T09:30:50.761Z: Running basic algorithm for video 458722023
2019-07-28T09:30:52.808Z: Client aa34b559-81ff-48f5-8a72-036817c88e2f made a request
2019-07-28T09:30:52.809Z: Received request for analysing video: 458722023
2019-07-28T09:30:52.810Z: RechatTool is still running for 458722023!
2019-07-28T09:30:52.811Z: Running basic algorithm for video 458722023
2019-07-28T09:30:57.377Z: Client aa34b559-81ff-48f5-8a72-036817c88e2f made a request
2019-07-28T09:30:57.813Z: Client aa34b559-81ff-48f5-8a72-036817c88e2f made a request
2019-07-28T09:30:57.814Z: Received request for analysing video: 458722023
2019-07-28T09:30:57.814Z: RechatTool is still running for 458722023!
2019-07-28T09:30:57.814Z: Running basic algorithm for video 458722023
2019-07-28T09:30:59.918Z: Client aa34b559-81ff-48f5-8a72-036817c88e2f made a request
2019-07-28T09:30:59.918Z: Received request for analysing video: 458722023
2019-07-28T09:30:59.919Z: RechatTool is still running for 458722023!
2019-07-28T09:30:59.919Z: Running basic algorithm for video 458722023
2019-07-28T09:31:00.988Z: Client aa34b559-81ff-48f5-8a72-036817c88e2f made a request
2019-07-28T09:31:04.344Z: Client aa34b559-81ff-48f5-8a72-036817c88e2f made a request
2019-07-28T09:31:04.344Z: Received request for analysing video: 458722023
2019-07-28T09:31:04.345Z: RechatTool is still running for 458722023!
2019-07-28T09:31:04.346Z: Running basic algorithm for video 458722023
2019-07-28T09:31:07.960Z: Client aa34b559-81ff-48f5-8a72-036817c88e2f made a request
2019-07-28T09:31:07.961Z: Received request for analysing video: 458722023
2019-07-28T09:31:07.961Z: RechatTool is still running for 458722023!
2019-07-28T09:31:07.961Z: Running basic algorithm for video 458722023
2019-07-28T09:31:11.470Z: Client aa34b559-81ff-48f5-8a72-036817c88e2f made a request
2019-07-28T09:31:11.470Z: Received request for analysing video: 458722023
2019-07-28T09:31:11.471Z: RechatTool is still running for 458722023!
2019-07-28T09:31:11.471Z: Running basic algorithm for video 458722023
2019-07-28T09:31:12.064Z: Client aa34b559-81ff-48f5-8a72-036817c88e2f made a request
2019-07-28T09:31:12.064Z: Received request for analysing video: 458722023
2019-07-28T09:31:12.065Z: RechatTool is still running for 458722023!
2019-07-28T09:31:12.065Z: Running basic algorithm for video 458722023
2019-07-28T09:31:15.581Z: Client aa34b559-81ff-48f5-8a72-036817c88e2f made a request
2019-07-28T09:31:15.581Z: Received request for analysing video: 458722023
2019-07-28T09:31:15.582Z: RechatTool is still running for 458722023!
2019-07-28T09:31:15.582Z: Running basic algorithm for video 458722023
2019-07-28T09:31:18.520Z: Client aa34b559-81ff-48f5-8a72-036817c88e2f made a request
2019-07-28T09:31:18.520Z: Received request for analysing video: 458722023
2019-07-28T09:31:18.521Z: RechatTool is still running for 458722023!
2019-07-28T09:31:18.521Z: Running basic algorithm for video 458722023
2019-07-28T09:31:19.120Z: Client aa34b559-81ff-48f5-8a72-036817c88e2f made a request
2019-07-28T09:31:19.120Z: Received request for analysing video: 458722023
2019-07-28T09:31:19.120Z: RechatTool is still running for 458722023!
2019-07-28T09:31:19.121Z: Running basic algorithm for video 458722023
2019-07-28T09:31:22.637Z: Client aa34b559-81ff-48f5-8a72-036817c88e2f made a request
2019-07-28T09:31:22.637Z: Received request for analysing video: 458722023
2019-07-28T09:31:22.638Z: RechatTool is still running for 458722023!
2019-07-28T09:31:22.640Z: Running basic algorithm for video 458722023
2019-07-28T09:31:23.858Z: Client aa34b559-81ff-48f5-8a72-036817c88e2f made a request
2019-07-28T09:31:25.085Z: Client aa34b559-81ff-48f5-8a72-036817c88e2f made a request
2019-07-28T09:31:25.085Z: Received request for analysing video: 458722023
2019-07-28T09:31:25.086Z: RechatTool is still running for 458722023!
2019-07-28T09:31:25.086Z: Running basic algorithm for video 458722023
2019-07-28T09:31:25.574Z: Client aa34b559-81ff-48f5-8a72-036817c88e2f made a request
2019-07-28T09:31:25.575Z: Received request for analysing video: 458722023
2019-07-28T09:31:25.575Z: RechatTool is still running for 458722023!
2019-07-28T09:31:25.576Z: Running basic algorithm for video 458722023
2019-07-28T09:31:26.053Z: Client aa34b559-81ff-48f5-8a72-036817c88e2f made a request
2019-07-28T09:31:26.173Z: Client aa34b559-81ff-48f5-8a72-036817c88e2f made a request
2019-07-28T09:31:26.173Z: Received request for analysing video: 458722023
2019-07-28T09:31:26.174Z: RechatTool is still running for 458722023!
2019-07-28T09:31:26.174Z: Running basic algorithm for video 458722023
2019-07-28T09:31:26.620Z: Client aa34b559-81ff-48f5-8a72-036817c88e2f made a request
2019-07-28T09:31:26.620Z: Received request for analysing video: 458722023
2019-07-28T09:31:26.621Z: RechatTool is still running for 458722023!
2019-07-28T09:31:26.621Z: Running basic algorithm for video 458722023
2019-07-28T09:31:29.542Z: Client aa34b559-81ff-48f5-8a72-036817c88e2f made a request
2019-07-28T09:31:29.543Z: Received request for analysing video: 458722023
2019-07-28T09:31:29.544Z: RechatTool is still running for 458722023!
2019-07-28T09:31:29.544Z: Running basic algorithm for video 458722023
2019-07-28T09:31:36.672Z: Client aa34b559-81ff-48f5-8a72-036817c88e2f made a request
2019-07-28T09:31:36.673Z: Received request for analysing video: 458722023
2019-07-28T09:31:36.674Z: RechatTool is still running for 458722023!
2019-07-28T09:31:36.675Z: Running basic algorithm for video 458722023
2019-07-28T09:31:43.797Z: Client aa34b559-81ff-48f5-8a72-036817c88e2f made a request
2019-07-28T09:31:43.797Z: Received request for analysing video: 458722023
2019-07-28T09:31:43.798Z: RechatTool is still running for 458722023!
2019-07-28T09:31:43.798Z: Running basic algorithm for video 458722023
2019-07-28T09:31:50.931Z: Client aa34b559-81ff-48f5-8a72-036817c88e2f made a request
2019-07-28T09:31:50.932Z: Received request for analysing video: 458722023
2019-07-28T09:31:50.932Z: RechatTool is still running for 458722023!
2019-07-28T09:31:50.932Z: Running basic algorithm for video 458722023
2019-07-28T09:31:58.015Z: Client aa34b559-81ff-48f5-8a72-036817c88e2f made a request
2019-07-28T09:31:58.016Z: Received request for analysing video: 458722023
2019-07-28T09:31:58.016Z: RechatTool is still running for 458722023!
2019-07-28T09:31:58.016Z: Running basic algorithm for video 458722023
2019-07-28T09:32:05.074Z: Client aa34b559-81ff-48f5-8a72-036817c88e2f made a request
2019-07-28T09:32:05.074Z: Received request for analysing video: 458722023
2019-07-28T09:32:05.075Z: RechatTool is still running for 458722023!
2019-07-28T09:32:05.077Z: Running basic algorithm for video 458722023
2019-07-28T09:32:14.987Z: Client aa34b559-81ff-48f5-8a72-036817c88e2f made a request
2019-07-28T09:32:14.988Z: Received request for analysing video: 458722023
2019-07-28T09:32:14.989Z: RechatTool is still running for 458722023!
2019-07-28T09:32:14.990Z: Running basic algorithm for video 458722023
2019-07-28T09:32:22.056Z: Client aa34b559-81ff-48f5-8a72-036817c88e2f made a request
2019-07-28T09:32:22.057Z: Received request for analysing video: 458722023
2019-07-28T09:32:22.058Z: RechatTool is still running for 458722023!
2019-07-28T09:32:22.058Z: Running basic algorithm for video 458722023
2019-07-28T09:33:22.909Z: Client aa34b559-81ff-48f5-8a72-036817c88e2f made a request
2019-07-28T09:33:22.910Z: Received request for analysing video: 458722023
2019-07-28T09:33:22.912Z: RechatTool is still running for 458722023!
2019-07-28T09:33:22.912Z: Running basic algorithm for video 458722023
2019-07-28T09:33:30.048Z: Client aa34b559-81ff-48f5-8a72-036817c88e2f made a request
2019-07-28T09:33:30.049Z: Received request for analysing video: 458722023
2019-07-28T09:33:30.050Z: RechatTool is still running for 458722023!
2019-07-28T09:33:30.050Z: Running basic algorithm for video 458722023
2019-07-28T09:33:37.100Z: Client aa34b559-81ff-48f5-8a72-036817c88e2f made a request
2019-07-28T09:33:37.101Z: Received request for analysing video: 458722023
2019-07-28T09:33:37.102Z: RechatTool is still running for 458722023!
2019-07-28T09:33:37.102Z: Running basic algorithm for video 458722023
2019-07-28T09:33:44.207Z: Client aa34b559-81ff-48f5-8a72-036817c88e2f made a request
2019-07-28T09:33:44.208Z: Received request for analysing video: 458722023
2019-07-28T09:33:44.210Z: RechatTool is still running for 458722023!
2019-07-28T09:33:44.210Z: Running basic algorithm for video 458722023
2019-07-28T09:33:51.389Z: Client aa34b559-81ff-48f5-8a72-036817c88e2f made a request
2019-07-28T09:33:51.389Z: Received request for analysing video: 458722023
2019-07-28T09:33:51.390Z: RechatTool is still running for 458722023!
2019-07-28T09:33:51.390Z: Running basic algorithm for video 458722023
2019-07-28T09:33:58.493Z: Client aa34b559-81ff-48f5-8a72-036817c88e2f made a request
2019-07-28T09:33:58.493Z: Received request for analysing video: 458722023
2019-07-28T09:33:58.494Z: RechatTool is still running for 458722023!
2019-07-28T09:33:58.494Z: Running basic algorithm for video 458722023
2019-07-28T09:34:05.631Z: Client aa34b559-81ff-48f5-8a72-036817c88e2f made a request
2019-07-28T09:34:05.632Z: Received request for analysing video: 458722023
2019-07-28T09:34:05.632Z: RechatTool is still running for 458722023!
2019-07-28T09:34:05.632Z: Running basic algorithm for video 458722023
2019-07-28T09:34:12.715Z: Client aa34b559-81ff-48f5-8a72-036817c88e2f made a request
2019-07-28T09:34:12.715Z: Received request for analysing video: 458722023
2019-07-28T09:34:12.716Z: RechatTool is still running for 458722023!
2019-07-28T09:34:12.716Z: Running basic algorithm for video 458722023
2019-07-28T09:34:19.777Z: Client aa34b559-81ff-48f5-8a72-036817c88e2f made a request
2019-07-28T09:34:19.778Z: Received request for analysing video: 458722023
2019-07-28T09:34:19.778Z: RechatTool is still running for 458722023!
2019-07-28T09:34:19.778Z: Running basic algorithm for video 458722023
2019-07-28T09:34:26.829Z: Client aa34b559-81ff-48f5-8a72-036817c88e2f made a request
2019-07-28T09:34:26.830Z: Received request for analysing video: 458722023
2019-07-28T09:34:26.831Z: RechatTool is still running for 458722023!
2019-07-28T09:34:26.831Z: Running basic algorithm for video 458722023
2019-07-28T09:34:33.889Z: Client aa34b559-81ff-48f5-8a72-036817c88e2f made a request
2019-07-28T09:34:33.889Z: Received request for analysing video: 458722023
2019-07-28T09:34:33.890Z: RechatTool is still running for 458722023!
2019-07-28T09:34:33.890Z: Running basic algorithm for video 458722023
2019-07-28T09:34:40.945Z: Client aa34b559-81ff-48f5-8a72-036817c88e2f made a request
2019-07-28T09:34:40.945Z: Received request for analysing video: 458722023
2019-07-28T09:34:40.946Z: RechatTool is still running for 458722023!
2019-07-28T09:34:40.946Z: Running basic algorithm for video 458722023
