2019-08-05T16:47:39.926Z: Updating status of null
2019-08-05T16:47:39.946Z: Client de83ecb4-b27f-49b1-8fd7-a02c24cce2c6 made a request
2019-08-05T16:47:42.026Z: Upgraded client null, expire on Tue Aug 06 2019 16:47:39 GMT+0000 (Greenwich Mean Time)
2019-08-05T16:47:42.934Z: Client account is activated, not premium, has 0 pending requests
2019-08-05T16:47:42.936Z: Received request for analysing video: 462334912
2019-08-05T16:47:42.944Z: File 462334912.done does not exist! Running RechatTool...
2019-08-05T16:47:49.969Z: Client de83ecb4-b27f-49b1-8fd7-a02c24cce2c6 made a request
2019-08-05T16:47:51.673Z: Client account is activated, not premium, has 0 pending requests
2019-08-05T16:47:51.676Z: Received request for analysing video: 462334912
2019-08-05T16:47:51.676Z: RechatTool is still running for 462334912!
2019-08-05T16:47:51.677Z: Running basic algorithm for video 462334912
2019-08-05T16:47:58.587Z: Updating status of de83ecb4-b27f-49b1-8fd7-a02c24cce2c6
2019-08-05T16:47:59.249Z: Client de83ecb4-b27f-49b1-8fd7-a02c24cce2c6 made a request
2019-08-05T16:47:59.428Z: Upgraded client de83ecb4-b27f-49b1-8fd7-a02c24cce2c6, expire on Tue Aug 06 2019 16:47:58 GMT+0000 (Greenwich Mean Time)
2019-08-05T16:48:01.017Z: Client account is activated, premium, has 0 pending requests
2019-08-05T16:48:01.021Z: Received request for analysing video: 462334912
2019-08-05T16:48:01.022Z: RechatTool is still running for 462334912!
2019-08-05T16:48:01.022Z: Running basic algorithm for video 462334912
2019-08-05T16:48:08.090Z: Client de83ecb4-b27f-49b1-8fd7-a02c24cce2c6 made a request
2019-08-05T16:48:09.815Z: Client account is activated, premium, has 0 pending requests
2019-08-05T16:48:09.848Z: Received request for analysing video: 462334912
2019-08-05T16:48:09.849Z: RechatTool is still running for 462334912!
2019-08-05T16:48:09.850Z: Running basic algorithm for video 462334912
2019-08-05T16:48:53.065Z: Updating status of de83ecb4-b27f-49b1-8fd7-a02c24cce2c6
2019-08-05T16:48:53.069Z: Upgraded client de83ecb4-b27f-49b1-8fd7-a02c24cce2c6, expire on Tue Aug 06 2019 16:48:53 GMT+0000 (Greenwich Mean Time)
2019-08-05T16:48:53.587Z: Client de83ecb4-b27f-49b1-8fd7-a02c24cce2c6 made a request
2019-08-05T16:48:53.594Z: Client account is activated, premium, has 1 pending requests
2019-08-05T16:48:53.595Z: Received request for analysing video: 460667082
2019-08-05T16:48:53.649Z: File 460667082.done does not exist! Running RechatTool...
2019-08-05T16:48:57.568Z: Client de83ecb4-b27f-49b1-8fd7-a02c24cce2c6 made a request
2019-08-05T16:48:57.574Z: Client account is activated, premium, has 2 pending requests
2019-08-05T16:48:57.574Z: Received request for analysing video: 462084334
2019-08-05T16:48:57.581Z: File 462084334.done does not exist! Running RechatTool...
2019-08-05T16:49:03.452Z: Client de83ecb4-b27f-49b1-8fd7-a02c24cce2c6 made a request
2019-08-05T16:49:03.457Z: Client account is activated, premium, has 3 pending requests
2019-08-05T16:49:03.458Z: Received request for analysing video: 461134524
2019-08-05T16:49:03.465Z: File 461134524.done does not exist! Running RechatTool...
2019-08-05T16:49:13.887Z: Client de83ecb4-b27f-49b1-8fd7-a02c24cce2c6 made a request
2019-08-05T16:49:13.898Z: Client account is activated, premium, has 4 pending requests
2019-08-05T16:49:13.899Z: Received request for analysing video: 459644481
2019-08-05T16:49:13.942Z: File 459644481.done does not exist! Running RechatTool...
2019-08-05T16:49:18.267Z: Client de83ecb4-b27f-49b1-8fd7-a02c24cce2c6 made a request
2019-08-05T16:49:19.960Z: Client account is activated, premium, has 5 pending requests
2019-08-05T16:49:19.961Z: Request Error: Not premium
2019-08-05T16:49:31.876Z: Client de83ecb4-b27f-49b1-8fd7-a02c24cce2c6 made a request
2019-08-05T16:49:31.895Z: Client account is activated, premium, has 3 pending requests
2019-08-05T16:49:31.896Z: Received request for analysing video: 459644481
2019-08-05T16:49:31.897Z: RechatTool is still running for 459644481!
2019-08-05T16:49:31.897Z: Running basic algorithm for video 459644481
2019-08-05T16:49:36.041Z: Client de83ecb4-b27f-49b1-8fd7-a02c24cce2c6 made a request
2019-08-05T16:49:36.047Z: Client account is activated, premium, has 4 pending requests
2019-08-05T16:49:36.048Z: Received request for analysing video: 460481618
2019-08-05T16:49:36.054Z: File 460481618.done does not exist! Running RechatTool...
2019-08-05T16:49:40.178Z: Client de83ecb4-b27f-49b1-8fd7-a02c24cce2c6 made a request
2019-08-05T16:49:40.184Z: Client account is activated, premium, has 5 pending requests
2019-08-05T16:49:40.185Z: Request Error: Not premium
2019-08-05T16:50:19.180Z: Updating status of de83ecb4-b27f-49b1-8fd7-a02c24cce2c6
2019-08-05T16:50:19.185Z: Upgraded client de83ecb4-b27f-49b1-8fd7-a02c24cce2c6, expire on Tue Aug 06 2019 16:50:19 GMT+0000 (Greenwich Mean Time)
2019-08-05T16:50:19.653Z: Client de83ecb4-b27f-49b1-8fd7-a02c24cce2c6 made a request
2019-08-05T16:50:19.656Z: Client account is activated, premium, has 4 pending requests
2019-08-05T16:50:19.657Z: Received request for analysing video: 461134524
2019-08-05T16:50:19.658Z: RechatTool is still running for 461134524!
2019-08-05T16:50:19.658Z: Running basic algorithm for video 461134524
2019-08-05T16:56:23.089Z: Updating status of de83ecb4-b27f-49b1-8fd7-a02c24cce2c6
2019-08-05T16:56:23.685Z: Client de83ecb4-b27f-49b1-8fd7-a02c24cce2c6 made a request
2019-08-05T16:56:24.665Z: Upgraded client de83ecb4-b27f-49b1-8fd7-a02c24cce2c6, expire on Tue Aug 06 2019 16:56:23 GMT+0000 (Greenwich Mean Time)
2019-08-05T16:56:25.572Z: Client account is activated, premium, has 1 pending requests
2019-08-05T16:56:25.575Z: Received request for analysing video: 461134524
2019-08-05T16:56:25.576Z: RechatTool has stopped for 461134524!
2019-08-05T16:56:25.576Z: Running basic algorithm for video 461134524
2019-08-05T16:56:30.630Z: Client de83ecb4-b27f-49b1-8fd7-a02c24cce2c6 made a request
2019-08-05T16:56:32.316Z: Client account is activated, premium, has 1 pending requests
2019-08-05T16:56:32.318Z: Received request for analysing video: 461134524
2019-08-05T16:56:32.319Z: RechatTool has stopped for 461134524!
2019-08-05T16:56:32.320Z: Running basic algorithm for video 461134524
2019-08-05T16:57:26.051Z: Updating status of de83ecb4-b27f-49b1-8fd7-a02c24cce2c6
2019-08-05T16:57:26.055Z: Upgraded client de83ecb4-b27f-49b1-8fd7-a02c24cce2c6, expire on Tue Aug 06 2019 16:57:26 GMT+0000 (Greenwich Mean Time)
2019-08-05T16:57:26.710Z: Client de83ecb4-b27f-49b1-8fd7-a02c24cce2c6 made a request
2019-08-05T16:57:26.713Z: Client account is activated, premium, has 1 pending requests
2019-08-05T16:57:26.713Z: Received request for analysing video: 461134524
2019-08-05T16:57:26.714Z: RechatTool has stopped for 461134524!
2019-08-05T16:57:26.714Z: Running basic algorithm for video 461134524
2019-08-05T16:57:41.552Z: Updating status of de83ecb4-b27f-49b1-8fd7-a02c24cce2c6
2019-08-05T16:57:41.557Z: Upgraded client de83ecb4-b27f-49b1-8fd7-a02c24cce2c6, expire on Tue Aug 06 2019 16:57:41 GMT+0000 (Greenwich Mean Time)
2019-08-05T16:57:42.192Z: Client de83ecb4-b27f-49b1-8fd7-a02c24cce2c6 made a request
2019-08-05T16:57:42.196Z: Client account is activated, premium, has 1 pending requests
2019-08-05T16:57:42.199Z: Received request for analysing video: 461134524
2019-08-05T16:57:42.199Z: RechatTool has stopped for 461134524!
2019-08-05T16:57:42.200Z: Running basic algorithm for video 461134524
2019-08-05T16:57:45.053Z: Client de83ecb4-b27f-49b1-8fd7-a02c24cce2c6 made a request
2019-08-05T16:57:46.742Z: Client account is activated, premium, has 1 pending requests
2019-08-05T16:57:46.745Z: Received request for analysing video: 461134524
2019-08-05T16:57:46.746Z: RechatTool has stopped for 461134524!
2019-08-05T16:57:46.746Z: Running basic algorithm for video 461134524
2019-08-05T17:02:20.087Z: Updating status of de83ecb4-b27f-49b1-8fd7-a02c24cce2c6
2019-08-05T17:02:20.670Z: Client de83ecb4-b27f-49b1-8fd7-a02c24cce2c6 made a request
2019-08-05T17:02:21.751Z: Upgraded client de83ecb4-b27f-49b1-8fd7-a02c24cce2c6, expire on Tue Aug 06 2019 17:02:20 GMT+0000 (Greenwich Mean Time)
2019-08-05T17:02:22.673Z: Client account is activated, premium, has 1 pending requests
2019-08-05T17:02:22.690Z: Received request for analysing video: 461134524
2019-08-05T17:02:22.691Z: RechatTool has stopped for 461134524!
2019-08-05T17:02:22.691Z: Running basic algorithm for video 461134524
2019-08-05T17:02:25.961Z: Client de83ecb4-b27f-49b1-8fd7-a02c24cce2c6 made a request
2019-08-05T17:02:27.643Z: Client account is activated, premium, has 1 pending requests
2019-08-05T17:02:27.645Z: Received request for analysing video: 461134524
2019-08-05T17:02:27.646Z: RechatTool has stopped for 461134524!
2019-08-05T17:02:27.647Z: Running basic algorithm for video 461134524
2019-08-05T17:02:28.691Z: Client de83ecb4-b27f-49b1-8fd7-a02c24cce2c6 made a request
2019-08-05T17:02:30.377Z: Client account is activated, premium, has 1 pending requests
2019-08-05T17:02:30.380Z: Received request for analysing video: 461134524
2019-08-05T17:02:30.381Z: RechatTool has stopped for 461134524!
2019-08-05T17:02:30.381Z: Running basic algorithm for video 461134524
2019-08-05T17:02:31.227Z: Client de83ecb4-b27f-49b1-8fd7-a02c24cce2c6 made a request
2019-08-05T17:02:32.909Z: Client account is activated, premium, has 1 pending requests
2019-08-05T17:02:32.913Z: Received request for analysing video: 461134524
2019-08-05T17:02:32.913Z: RechatTool has stopped for 461134524!
2019-08-05T17:02:32.914Z: Running basic algorithm for video 461134524
2019-08-05T17:02:36.017Z: Client de83ecb4-b27f-49b1-8fd7-a02c24cce2c6 made a request
2019-08-05T17:02:37.721Z: Client account is activated, premium, has 1 pending requests
2019-08-05T17:02:37.724Z: Received request for analysing video: 461134524
2019-08-05T17:02:37.725Z: RechatTool has stopped for 461134524!
2019-08-05T17:02:37.725Z: Running basic algorithm for video 461134524
2019-08-05T17:02:39.902Z: Client de83ecb4-b27f-49b1-8fd7-a02c24cce2c6 made a request
2019-08-05T17:02:41.595Z: Client account is activated, premium, has 1 pending requests
2019-08-05T17:02:41.598Z: Received request for analysing video: 461134524
2019-08-05T17:02:41.599Z: RechatTool has stopped for 461134524!
2019-08-05T17:02:41.599Z: Running basic algorithm for video 461134524
2019-08-05T17:04:24.024Z: Client 7bd221e2-01d6-40de-8eeb-98e232368b9e made a request
2019-08-05T17:04:24.059Z: Client account is activated, not premium, has 0 pending requests
2019-08-05T17:04:24.059Z: Received request for analysing video: 461134524
2019-08-05T17:04:24.060Z: RechatTool has stopped for 461134524!
2019-08-05T17:04:24.060Z: Running basic algorithm for video 461134524
2019-08-05T17:05:04.753Z: Updating status of null
2019-08-05T17:05:04.757Z: Upgraded client null, expire on Tue Aug 06 2019 17:05:04 GMT+0000 (Greenwich Mean Time)
2019-08-05T17:05:05.381Z: Client 3c90de9e-3722-4aca-93b6-ba2e95c05e5f made a request
2019-08-05T17:05:05.390Z: Client account is activated, not premium, has 0 pending requests
2019-08-05T17:05:05.392Z: Received request for analysing video: 461134524
2019-08-05T17:05:05.392Z: RechatTool has stopped for 461134524!
2019-08-05T17:05:05.393Z: Running basic algorithm for video 461134524
2019-08-05T17:11:17.900Z: Client d28cc50b-9b6f-40b4-8f3d-98690200722b made a request
2019-08-05T17:11:20.524Z: Client account is activated, not premium, has 0 pending requests
2019-08-05T17:11:20.528Z: Received request for analysing video: 461134524
2019-08-05T17:11:20.529Z: RechatTool has stopped for 461134524!
2019-08-05T17:11:20.529Z: Running basic algorithm for video 461134524
2019-08-05T17:11:53.477Z: Client d28cc50b-9b6f-40b4-8f3d-98690200722b made a request
2019-08-05T17:11:53.484Z: Client account is activated, not premium, has 0 pending requests
2019-08-05T17:11:53.485Z: Received request for analysing video: 455068857
2019-08-05T17:11:53.495Z: File 455068857.done does not exist! Running RechatTool...
2019-08-05T17:11:55.879Z: Client d28cc50b-9b6f-40b4-8f3d-98690200722b made a request
2019-08-05T17:11:55.882Z: Client account is activated, not premium, has 0 pending requests
2019-08-05T17:11:55.883Z: Request Error: Not premium
2019-08-05T17:11:57.502Z: Client d28cc50b-9b6f-40b4-8f3d-98690200722b made a request
2019-08-05T17:11:59.196Z: Client account is activated, not premium, has 0 pending requests
2019-08-05T17:11:59.196Z: Request Error: Not premium
2019-08-05T17:12:00.522Z: Client d28cc50b-9b6f-40b4-8f3d-98690200722b made a request
2019-08-05T17:12:02.212Z: Client account is activated, not premium, has 0 pending requests
2019-08-05T17:12:02.215Z: Received request for analysing video: 455068857
2019-08-05T17:12:02.216Z: RechatTool is still running for 455068857!
2019-08-05T17:12:02.216Z: Running basic algorithm for video 455068857
2019-08-05T17:12:03.288Z: Client d28cc50b-9b6f-40b4-8f3d-98690200722b made a request
2019-08-05T17:12:04.964Z: Client account is activated, not premium, has 1 pending requests
2019-08-05T17:12:04.966Z: Received request for analysing video: 454613894
2019-08-05T17:12:04.975Z: File 454613894.done does not exist! Running RechatTool...
2019-08-05T17:12:06.465Z: Client d28cc50b-9b6f-40b4-8f3d-98690200722b made a request
2019-08-05T17:12:08.153Z: Client account is activated, not premium, has 2 pending requests
2019-08-05T17:12:08.153Z: Request Error: Too many requests
2019-08-05T17:13:10.758Z: Updating status of null
2019-08-05T17:13:10.763Z: Upgraded client null, expire on Tue Aug 06 2019 17:13:10 GMT+0000 (Greenwich Mean Time)
2019-08-05T17:13:11.179Z: Client ff050fa0-5e93-4018-a210-e04e3fa7adcc made a request
2019-08-05T17:13:11.188Z: Client account is activated, not premium, has 0 pending requests
2019-08-05T17:13:11.188Z: Received request for analysing video: 462885625
2019-08-05T17:13:11.200Z: File 462885625.done does not exist! Running RechatTool...
2019-08-05T17:13:15.170Z: Client ff050fa0-5e93-4018-a210-e04e3fa7adcc made a request
2019-08-05T17:13:15.176Z: Client account is activated, not premium, has 1 pending requests
2019-08-05T17:13:15.176Z: Received request for analysing video: 459581393
2019-08-05T17:13:15.185Z: File 459581393.done does not exist! Running RechatTool...
2019-08-05T17:13:18.874Z: Client ff050fa0-5e93-4018-a210-e04e3fa7adcc made a request
2019-08-05T17:13:18.881Z: Client account is activated, not premium, has 2 pending requests
2019-08-05T17:13:18.882Z: Request Error: Too many requests
2019-08-05T17:13:26.179Z: Client ff050fa0-5e93-4018-a210-e04e3fa7adcc made a request
2019-08-05T17:13:26.184Z: Client account is activated, not premium, has 2 pending requests
2019-08-05T17:13:26.184Z: Request Error: Too many requests
2019-08-05T17:14:08.675Z: Updating status of null
2019-08-05T17:14:08.700Z: Upgraded client null, expire on Tue Aug 06 2019 17:14:08 GMT+0000 (Greenwich Mean Time)
2019-08-05T17:14:09.129Z: Client 38b58a13-bb85-44cc-8562-939f8f864251 made a request
2019-08-05T17:14:09.136Z: Client account is activated, not premium, has 0 pending requests
2019-08-05T17:14:09.137Z: Received request for analysing video: 444030435
2019-08-05T17:14:09.160Z: File 444030435.done does not exist! Running RechatTool...
2019-08-05T17:14:12.690Z: Client 38b58a13-bb85-44cc-8562-939f8f864251 made a request
2019-08-05T17:14:12.697Z: Client account is activated, not premium, has 1 pending requests
2019-08-05T17:14:12.698Z: Received request for analysing video: 452590813
2019-08-05T17:14:12.745Z: File 452590813.done does not exist! Running RechatTool...
2019-08-05T17:14:16.472Z: Client 38b58a13-bb85-44cc-8562-939f8f864251 made a request
2019-08-05T17:14:16.478Z: Client account is activated, not premium, has 2 pending requests
2019-08-05T17:14:16.479Z: Request Error: Too many requests
2019-08-05T17:14:39.987Z: Updating status of 38b58a13-bb85-44cc-8562-939f8f864251
2019-08-05T17:14:40.061Z: Upgraded client 38b58a13-bb85-44cc-8562-939f8f864251, expire on Tue Aug 06 2019 17:14:39 GMT+0000 (Greenwich Mean Time)
2019-08-05T17:14:40.519Z: Client 38b58a13-bb85-44cc-8562-939f8f864251 made a request
2019-08-05T17:14:40.523Z: Client account is activated, premium, has 2 pending requests
2019-08-05T17:14:40.524Z: Received request for analysing video: 452685716
2019-08-05T17:14:40.543Z: File 452685716.done does not exist! Running RechatTool...
2019-08-05T17:14:43.654Z: Client 38b58a13-bb85-44cc-8562-939f8f864251 made a request
2019-08-05T17:14:43.660Z: Client account is activated, premium, has 3 pending requests
2019-08-05T17:14:43.663Z: Received request for analysing video: 453102431
2019-08-05T17:14:43.672Z: File 453102431.done does not exist! Running RechatTool...
2019-08-05T17:14:46.668Z: Client 38b58a13-bb85-44cc-8562-939f8f864251 made a request
2019-08-05T17:14:46.676Z: Client account is activated, premium, has 4 pending requests
2019-08-05T17:14:46.677Z: Received request for analysing video: 453560197
2019-08-05T17:14:46.686Z: File 453560197.done does not exist! Running RechatTool...
2019-08-05T17:14:50.034Z: Client 38b58a13-bb85-44cc-8562-939f8f864251 made a request
2019-08-05T17:14:51.723Z: Client account is activated, premium, has 5 pending requests
2019-08-05T17:14:51.723Z: Request Error: Not premium
2019-08-05T17:15:08.662Z: Updating status of 38b58a13-bb85-44cc-8562-939f8f864251
2019-08-05T17:15:09.502Z: Upgraded client 38b58a13-bb85-44cc-8562-939f8f864251, expire on Tue Aug 06 2019 17:15:08 GMT+0000 (Greenwich Mean Time)
2019-08-05T17:15:41.520Z: Updating status of 38b58a13-bb85-44cc-8562-939f8f864251
2019-08-05T17:15:41.525Z: Upgraded client 38b58a13-bb85-44cc-8562-939f8f864251, expire on Tue Aug 06 2019 17:15:41 GMT+0000 (Greenwich Mean Time)
2019-08-05T17:15:41.844Z: Client 38b58a13-bb85-44cc-8562-939f8f864251 made a request
2019-08-05T17:15:41.849Z: Client account is activated, premium, has 2 pending requests
2019-08-05T17:15:41.850Z: Received request for analysing video: 461571040
2019-08-05T17:15:41.858Z: File 461571040.done does not exist! Running RechatTool...
2019-08-05T17:15:45.780Z: Client 38b58a13-bb85-44cc-8562-939f8f864251 made a request
2019-08-05T17:15:45.787Z: Client account is activated, premium, has 3 pending requests
2019-08-05T17:15:45.788Z: Received request for analysing video: 461103687
2019-08-05T17:15:45.807Z: File 461103687.done does not exist! Running RechatTool...
2019-08-05T17:15:50.746Z: Client 38b58a13-bb85-44cc-8562-939f8f864251 made a request
2019-08-05T17:15:50.753Z: Client account is activated, premium, has 3 pending requests
2019-08-05T17:15:50.754Z: Received request for analysing video: 460131657
2019-08-05T17:15:50.764Z: File 460131657.done does not exist! Running RechatTool...
2019-08-05T17:15:55.185Z: Client 38b58a13-bb85-44cc-8562-939f8f864251 made a request
2019-08-05T17:15:55.192Z: Client account is activated, premium, has 3 pending requests
2019-08-05T17:15:55.193Z: Received request for analysing video: 459206080
2019-08-05T17:15:55.206Z: File 459206080.done does not exist! Running RechatTool...
2019-08-05T17:16:54.025Z: Updating status of 38b58a13-bb85-44cc-8562-939f8f864251
2019-08-05T17:16:54.030Z: Upgraded client 38b58a13-bb85-44cc-8562-939f8f864251, expire on Tue Aug 06 2019 17:16:54 GMT+0000 (Greenwich Mean Time)
2019-08-05T17:16:54.441Z: Client 38b58a13-bb85-44cc-8562-939f8f864251 made a request
2019-08-05T17:16:54.447Z: Client account is activated, premium, has 4 pending requests
2019-08-05T17:16:54.448Z: Received request for analysing video: 460320018
2019-08-05T17:16:54.458Z: File 460320018.done does not exist! Running RechatTool...
2019-08-05T17:16:57.430Z: Updating status of 38b58a13-bb85-44cc-8562-939f8f864251
2019-08-05T17:16:57.436Z: Upgraded client 38b58a13-bb85-44cc-8562-939f8f864251, expire on Tue Aug 06 2019 17:16:57 GMT+0000 (Greenwich Mean Time)
2019-08-05T17:16:58.398Z: Client 38b58a13-bb85-44cc-8562-939f8f864251 made a request
2019-08-05T17:16:58.404Z: Client account is activated, premium, has 5 pending requests
2019-08-05T17:16:58.405Z: Request Error: Not premium
2019-08-05T17:17:07.515Z: Client 38b58a13-bb85-44cc-8562-939f8f864251 made a request
2019-08-05T17:17:07.519Z: Client account is activated, premium, has 5 pending requests
2019-08-05T17:17:07.520Z: Request Error: Not premium
