2019-07-30T21:07:11.184Z: Client ee82a960-5d12-43a7-a600-bc6984ce06c0 made a request
2019-07-30T21:07:13.917Z: Client account is activated, not premium, has 0 pending requests
2019-07-30T21:07:13.920Z: Received request for analysing video: 459669673
2019-07-30T21:07:13.931Z: File 459669673.done does not exist! Running RechatTool...
2019-07-30T21:07:20.961Z: Client ee82a960-5d12-43a7-a600-bc6984ce06c0 made a request
2019-07-30T21:07:22.650Z: Client account is activated, not premium, has 0 pending requests
2019-07-30T21:07:22.652Z: Received request for analysing video: 459669673
2019-07-30T21:07:22.653Z: RechatTool is still running for 459669673!
2019-07-30T21:07:22.653Z: Running basic algorithm for video 459669673
2019-07-30T21:07:29.706Z: Client ee82a960-5d12-43a7-a600-bc6984ce06c0 made a request
2019-07-30T21:07:31.581Z: Client account is activated, not premium, has 0 pending requests
2019-07-30T21:07:31.594Z: Received request for analysing video: 459669673
2019-07-30T21:07:31.614Z: RechatTool is still running for 459669673!
2019-07-30T21:07:31.620Z: Running basic algorithm for video 459669673
2019-07-30T21:07:38.700Z: Client ee82a960-5d12-43a7-a600-bc6984ce06c0 made a request
2019-07-30T21:07:40.386Z: Client account is activated, not premium, has 0 pending requests
2019-07-30T21:07:40.389Z: Received request for analysing video: 459669673
2019-07-30T21:07:40.390Z: RechatTool is still running for 459669673!
2019-07-30T21:07:40.390Z: Running basic algorithm for video 459669673
2019-07-30T21:07:48.025Z: Client ee82a960-5d12-43a7-a600-bc6984ce06c0 made a request
2019-07-30T21:07:48.029Z: Client account is activated, not premium, has 0 pending requests
2019-07-30T21:07:48.030Z: Received request for analysing video: 459669673
2019-07-30T21:07:48.030Z: RechatTool is still running for 459669673!
2019-07-30T21:07:48.031Z: Running basic algorithm for video 459669673
2019-07-30T21:07:51.161Z: Client ee82a960-5d12-43a7-a600-bc6984ce06c0 made a request
2019-07-30T21:07:52.012Z: Client account is activated, not premium, has 0 pending requests
2019-07-30T21:07:52.016Z: Received request for analysing video: 459669673
2019-07-30T21:07:52.017Z: RechatTool is still running for 459669673!
2019-07-30T21:07:52.017Z: Running basic algorithm for video 459669673
2019-07-30T21:07:59.143Z: Client ee82a960-5d12-43a7-a600-bc6984ce06c0 made a request
2019-07-30T21:07:59.147Z: Client account is activated, not premium, has 0 pending requests
2019-07-30T21:07:59.149Z: Received request for analysing video: 459669673
2019-07-30T21:07:59.150Z: RechatTool is still running for 459669673!
2019-07-30T21:07:59.150Z: Running basic algorithm for video 459669673
2019-07-30T21:08:06.345Z: Client ee82a960-5d12-43a7-a600-bc6984ce06c0 made a request
2019-07-30T21:08:06.350Z: Client account is activated, not premium, has 0 pending requests
2019-07-30T21:08:06.350Z: Received request for analysing video: 459669673
2019-07-30T21:08:06.351Z: RechatTool is still running for 459669673!
2019-07-30T21:08:06.353Z: Running basic algorithm for video 459669673
2019-07-30T21:09:59.963Z: Client ee82a960-5d12-43a7-a600-bc6984ce06c0 made a request
2019-07-30T21:10:00.810Z: Client account is activated, not premium, has 0 pending requests
2019-07-30T21:10:00.813Z: Received request for analysing video: 459669673
2019-07-30T21:10:00.814Z: RechatTool has stopped for 459669673!
2019-07-30T21:10:00.814Z: Running basic algorithm for video 459669673
2019-07-30T21:10:27.182Z: Client ee82a960-5d12-43a7-a600-bc6984ce06c0 made a request
2019-07-30T21:10:28.873Z: Client account is activated, not premium, has 0 pending requests
2019-07-30T21:10:28.877Z: Received request for analysing video: 459669673
2019-07-30T21:10:28.878Z: RechatTool has stopped for 459669673!
2019-07-30T21:10:28.878Z: Running basic algorithm for video 459669673
