2019-07-31T21:50:59.107Z: Client eddcd1a2-798f-4714-a93e-75516f406286 made a request
2019-07-31T21:50:59.110Z: Client c3adad61-6d48-4589-b1c5-f366f427cac1 made a request
2019-07-31T21:50:59.111Z: Client 0bfcb452-44c7-4cbc-b2da-653945263ce6 made a request
2019-07-31T21:50:59.180Z: Client 4c3c9ec2-f70e-47b7-b1d5-1ae3d44c543a made a request
2019-07-31T21:50:59.267Z: Client 557ca360-7887-417b-adab-b38f55ee621a made a request
2019-07-31T21:50:59.274Z: Client f4d70f6e-44f9-4209-963f-251665d3679c made a request
2019-07-31T21:51:02.894Z: While checking premium: TypeError: Cannot read property 'PremiumExpireDate' of undefined
2019-07-31T21:51:03.816Z: Client account is not activated, not premium, has 0 pending requests
2019-07-31T21:51:03.817Z: Request Error: Not activated
2019-07-31T21:51:03.818Z: Client account is activated, not premium, has 0 pending requests
2019-07-31T21:51:03.818Z: Request Error: Not premium
2019-07-31T21:51:03.819Z: Client account is activated, not premium, has 0 pending requests
2019-07-31T21:51:03.819Z: Request Error: Not premium
2019-07-31T21:51:03.826Z: Client account is activated, not premium, has 0 pending requests
2019-07-31T21:51:03.826Z: Request Error: Not premium
2019-07-31T21:51:04.150Z: Client 2dae66d0-7e46-4a64-8bf9-5e8cd8445faa made a request
2019-07-31T21:51:04.166Z: Client 588f9ef2-90cc-493c-a855-865a2ef87476 made a request
2019-07-31T21:51:04.230Z: Client af1bfc49-3989-4eca-8442-3518e270fd1b made a request
2019-07-31T21:51:04.230Z: Client b294c65d-ca3a-4933-98f4-001737e86246 made a request
2019-07-31T21:51:05.888Z: Client account is activated, not premium, has 0 pending requests
2019-07-31T21:51:05.888Z: Request Error: Not premium
2019-07-31T21:51:05.889Z: Client account is activated, not premium, has 0 pending requests
2019-07-31T21:51:05.889Z: Request Error: Not premium
2019-07-31T21:51:06.007Z: Client 77e6c4e6-2136-48fb-ab8d-e36c4aa3f067 made a request
2019-07-31T21:51:06.072Z: Client bb301550-171a-43b5-8062-f697629f68e6 made a request
2019-07-31T21:51:07.169Z: While checking premium: TypeError: Cannot read property 'PremiumExpireDate' of undefined
2019-07-31T21:51:07.171Z: Client account is activated, not premium, has 0 pending requests
2019-07-31T21:51:07.171Z: Request Error: Not premium
2019-07-31T21:51:07.172Z: Client account is activated, not premium, has 0 pending requests
2019-07-31T21:51:07.172Z: Request Error: Not premium
2019-07-31T21:51:07.246Z: Client 3bde77bb-03dd-42cd-aceb-72248c61146a made a request
2019-07-31T21:51:07.266Z: Client 5b19a263-8c9f-4928-a1cb-237c33b3903c made a request
2019-07-31T21:51:07.590Z: Client account is activated, not premium, has 0 pending requests
2019-07-31T21:51:07.590Z: Request Error: Not premium
2019-07-31T21:51:07.671Z: Client ef100f59-efef-4731-b275-0858be973967 made a request
2019-07-31T21:51:08.902Z: While checking premium: TypeError: Cannot read property 'PremiumExpireDate' of undefined
2019-07-31T21:51:08.904Z: Client account is not activated, not premium, has 0 pending requests
2019-07-31T21:51:08.904Z: Request Error: Not activated
2019-07-31T21:51:08.995Z: Client 52d9fd4a-cb63-434c-9118-67bbe6be1085 made a request
2019-07-31T21:51:09.324Z: Client account is activated, not premium, has 0 pending requests
2019-07-31T21:51:09.324Z: Request Error: Not premium
2019-07-31T21:51:09.419Z: Client 00fded9a-4c05-44fa-bacb-0108cd1af730 made a request
2019-07-31T21:51:10.602Z: Client account is not activated, not premium, has 0 pending requests
2019-07-31T21:51:10.602Z: Request Error: Not activated
2019-07-31T21:51:10.735Z: Client c66ec46c-d54f-4071-932e-91df99bb7576 made a request
2019-07-31T21:51:11.027Z: Client account is activated, not premium, has 0 pending requests
2019-07-31T21:51:11.027Z: Request Error: Not premium
2019-07-31T21:51:11.028Z: Client account is activated, not premium, has 0 pending requests
2019-07-31T21:51:11.028Z: Request Error: Not premium
2019-07-31T21:51:11.169Z: Client 6333feb5-c5b5-4517-85e0-d47e279934db made a request
2019-07-31T21:51:11.185Z: Client af9e1fa8-3025-49c4-823f-bb4a3c8cc17b made a request
2019-07-31T21:51:12.307Z: While checking premium: TypeError: Cannot read property 'PremiumExpireDate' of undefined
2019-07-31T21:51:12.308Z: While checking premium: TypeError: Cannot read property 'PremiumExpireDate' of undefined
2019-07-31T21:51:12.308Z: Client account is activated, not premium, has 0 pending requests
2019-07-31T21:51:12.308Z: Request Error: Not premium
2019-07-31T21:51:12.309Z: Client account is activated, not premium, has 0 pending requests
2019-07-31T21:51:12.309Z: Request Error: Not premium
2019-07-31T21:51:12.409Z: Client 9c89637f-416e-43ac-8113-9fdc1e885850 made a request
2019-07-31T21:51:12.425Z: Client a07a7c3f-c426-4b14-9d6c-73f8f541b312 made a request
2019-07-31T21:51:13.588Z: While checking premium: TypeError: Cannot read property 'PremiumExpireDate' of undefined
2019-07-31T21:51:13.590Z: Client account is not activated, not premium, has 0 pending requests
2019-07-31T21:51:13.590Z: Request Error: Not activated
2019-07-31T21:51:13.590Z: Client account is activated, not premium, has 0 pending requests
2019-07-31T21:51:13.591Z: Request Error: Not premium
2019-07-31T21:51:13.699Z: Client 8e37b9b5-62e6-418e-8291-395f1ca55421 made a request
2019-07-31T21:51:13.718Z: Client 7d7bd61b-ff05-498c-b7d5-85016da0f586 made a request
2019-07-31T21:51:14.011Z: Client account is not activated, not premium, has 0 pending requests
2019-07-31T21:51:14.011Z: Request Error: Not activated
2019-07-31T21:51:14.090Z: Client c8f783f6-0ea7-4962-a733-f517620d77d0 made a request
2019-07-31T21:51:15.361Z: Client account is not activated, not premium, has 0 pending requests
2019-07-31T21:51:15.361Z: Request Error: Not activated
2019-07-31T21:51:15.452Z: Client a8973130-f15e-4b67-8aa3-fee1c891dbd2 made a request
2019-07-31T21:51:15.702Z: While checking premium: TypeError: Cannot read property 'PremiumExpireDate' of undefined
2019-07-31T21:51:15.703Z: While checking premium: TypeError: Cannot read property 'PremiumExpireDate' of undefined
2019-07-31T21:51:16.555Z: While checking premium: TypeError: Cannot read property 'PremiumExpireDate' of undefined
2019-07-31T21:51:16.556Z: Client account is activated, not premium, has 0 pending requests
2019-07-31T21:51:16.558Z: Request Error: Not premium
2019-07-31T21:51:16.559Z: Client account is not activated, not premium, has 0 pending requests
2019-07-31T21:51:16.559Z: Request Error: Not activated
2019-07-31T21:51:16.609Z: Client account is activated, not premium, has 0 pending requests
2019-07-31T21:51:16.610Z: Request Error: Not premium
2019-07-31T21:51:16.693Z: Client 7e7dc0d8-1763-4a4c-9c68-03fbd0c956fe made a request
2019-07-31T21:51:16.768Z: Client 703d2e9a-6140-4115-a5e2-d7c1733b9657 made a request
2019-07-31T21:51:16.769Z: Client bd0d6d34-a208-49b1-90e5-23979e1784d7 made a request
2019-07-31T21:51:18.321Z: Client account is not activated, not premium, has 0 pending requests
2019-07-31T21:51:18.322Z: Request Error: Not activated
2019-07-31T21:51:18.323Z: Client account is not activated, not premium, has 0 pending requests
2019-07-31T21:51:18.323Z: Request Error: Not activated
2019-07-31T21:51:18.394Z: Client account is activated, not premium, has 0 pending requests
2019-07-31T21:51:18.395Z: Request Error: Not premium
2019-07-31T21:51:18.488Z: Client 7281c3cd-9c6c-429e-87f5-758ed17d2905 made a request
2019-07-31T21:51:18.556Z: Client 58eb33e2-f887-404e-ba96-4acfa2f5c152 made a request
2019-07-31T21:51:18.620Z: Client 62dbdd62-2427-48e7-ab7d-4007027428b4 made a request
2019-07-31T21:51:20.026Z: Client account is activated, not premium, has 0 pending requests
2019-07-31T21:51:20.026Z: Request Error: Not premium
2019-07-31T21:51:20.461Z: Client account is activated, not premium, has 0 pending requests
2019-07-31T21:51:20.461Z: Request Error: Not premium
2019-07-31T21:51:20.514Z: Client account is activated, not premium, has 0 pending requests
2019-07-31T21:51:20.514Z: Request Error: Not premium
2019-07-31T21:51:20.873Z: Client account is activated, not premium, has 0 pending requests
2019-07-31T21:51:20.874Z: Request Error: Not premium
2019-07-31T21:51:21.374Z: Client account is activated, not premium, has 0 pending requests
2019-07-31T21:51:21.375Z: Request Error: Not premium
2019-07-31T21:51:21.856Z: Client account is activated, not premium, has 0 pending requests
2019-07-31T21:51:21.856Z: Request Error: Not premium
2019-07-31T21:52:48.084Z: Client 58eb33e2-f887-404e-ba96-4acfa2f5c152 made a request
2019-07-31T21:52:48.088Z: Client account is activated, not premium, has 0 pending requests
2019-07-31T21:52:48.090Z: Received request for analysing video: 460481985
2019-07-31T21:52:48.105Z: File 460481985.done does not exist! Running RechatTool...
2019-07-31T21:52:49.278Z: Client 58eb33e2-f887-404e-ba96-4acfa2f5c152 made a request
2019-07-31T21:52:49.282Z: Client account is activated, not premium, has 0 pending requests
2019-07-31T21:52:49.283Z: Received request for analysing video: 460481985
2019-07-31T21:52:49.283Z: RechatTool is still running for 460481985!
2019-07-31T21:52:49.284Z: Running basic algorithm for video 460481985
2019-07-31T21:52:49.541Z: While running highlightFinder(): Error: Command failed: highlight_finder.exe 460481985.txt 460481985results.txt 6 2 5

2019-07-31T21:52:49.568Z: Client 58eb33e2-f887-404e-ba96-4acfa2f5c152 made a request
2019-07-31T21:52:49.667Z: Client account is activated, not premium, has 0 pending requests
2019-07-31T21:52:49.676Z: Request Error: Not premium
2019-07-31T21:52:50.037Z: Client 58eb33e2-f887-404e-ba96-4acfa2f5c152 made a request
2019-07-31T21:52:50.044Z: Client account is activated, not premium, has 0 pending requests
2019-07-31T21:52:50.045Z: Received request for analysing video: 460481985
2019-07-31T21:52:50.046Z: RechatTool is still running for 460481985!
2019-07-31T21:52:50.047Z: Running basic algorithm for video 460481985
2019-07-31T21:52:50.258Z: While running highlightFinder(): Error: Command failed: highlight_finder.exe 460481985.txt 460481985results.txt 6 2 5

2019-07-31T21:52:50.536Z: Client 58eb33e2-f887-404e-ba96-4acfa2f5c152 made a request
2019-07-31T21:52:50.554Z: Client account is activated, not premium, has 0 pending requests
2019-07-31T21:52:50.564Z: Request Error: Not premium
2019-07-31T21:52:52.208Z: Client 58eb33e2-f887-404e-ba96-4acfa2f5c152 made a request
2019-07-31T21:52:52.212Z: Client account is activated, not premium, has 0 pending requests
2019-07-31T21:52:52.213Z: Request Error: Not premium
2019-07-31T21:52:53.134Z: Client 58eb33e2-f887-404e-ba96-4acfa2f5c152 made a request
2019-07-31T21:52:53.137Z: Client account is activated, not premium, has 0 pending requests
2019-07-31T21:52:53.138Z: Request Error: Not premium
2019-07-31T21:52:55.200Z: Client 58eb33e2-f887-404e-ba96-4acfa2f5c152 made a request
2019-07-31T21:52:55.204Z: Client account is activated, not premium, has 0 pending requests
2019-07-31T21:52:55.205Z: Received request for analysing video: 460481985
2019-07-31T21:52:55.205Z: RechatTool is still running for 460481985!
2019-07-31T21:52:55.206Z: Running basic algorithm for video 460481985
2019-07-31T21:53:02.382Z: Client 58eb33e2-f887-404e-ba96-4acfa2f5c152 made a request
2019-07-31T21:53:04.067Z: Client account is activated, not premium, has 0 pending requests
2019-07-31T21:53:04.071Z: Received request for analysing video: 460481985
2019-07-31T21:53:04.072Z: RechatTool is still running for 460481985!
2019-07-31T21:53:04.072Z: Running basic algorithm for video 460481985
2019-07-31T21:53:11.563Z: Client 58eb33e2-f887-404e-ba96-4acfa2f5c152 made a request
2019-07-31T21:53:13.255Z: Client account is activated, not premium, has 0 pending requests
2019-07-31T21:53:13.258Z: Received request for analysing video: 460481985
2019-07-31T21:53:13.259Z: RechatTool is still running for 460481985!
2019-07-31T21:53:13.259Z: Running basic algorithm for video 460481985
2019-07-31T21:53:20.420Z: Client 58eb33e2-f887-404e-ba96-4acfa2f5c152 made a request
2019-07-31T21:53:20.424Z: Client account is activated, not premium, has 0 pending requests
2019-07-31T21:53:20.425Z: Request Error: Not premium
2019-07-31T21:53:20.626Z: Client 58eb33e2-f887-404e-ba96-4acfa2f5c152 made a request
2019-07-31T21:53:20.632Z: Client account is activated, not premium, has 0 pending requests
2019-07-31T21:53:20.632Z: Request Error: Not premium
2019-07-31T21:53:21.252Z: Client 58eb33e2-f887-404e-ba96-4acfa2f5c152 made a request
2019-07-31T21:53:21.256Z: Client account is activated, not premium, has 0 pending requests
2019-07-31T21:53:21.258Z: Request Error: Not premium
2019-07-31T21:53:21.951Z: Client 58eb33e2-f887-404e-ba96-4acfa2f5c152 made a request
2019-07-31T21:53:21.955Z: Client account is activated, not premium, has 0 pending requests
2019-07-31T21:53:21.956Z: Request Error: Not premium
2019-07-31T21:53:22.821Z: Client 58eb33e2-f887-404e-ba96-4acfa2f5c152 made a request
2019-07-31T21:53:22.825Z: Client account is activated, not premium, has 0 pending requests
2019-07-31T21:53:22.825Z: Request Error: Not premium
2019-07-31T21:53:22.906Z: Client 58eb33e2-f887-404e-ba96-4acfa2f5c152 made a request
2019-07-31T21:53:22.910Z: Client account is activated, not premium, has 0 pending requests
2019-07-31T21:53:22.910Z: Request Error: Not premium
2019-07-31T21:53:23.128Z: Client 58eb33e2-f887-404e-ba96-4acfa2f5c152 made a request
2019-07-31T21:53:23.132Z: Client account is activated, not premium, has 0 pending requests
2019-07-31T21:53:23.133Z: Request Error: Not premium
2019-07-31T21:53:24.185Z: Client 58eb33e2-f887-404e-ba96-4acfa2f5c152 made a request
2019-07-31T21:53:24.189Z: Client account is activated, not premium, has 0 pending requests
2019-07-31T21:53:24.189Z: Request Error: Not premium
2019-07-31T21:53:32.875Z: Client 58eb33e2-f887-404e-ba96-4acfa2f5c152 made a request
2019-07-31T21:53:32.883Z: Client account is activated, not premium, has 0 pending requests
2019-07-31T21:53:32.886Z: Received request for analysing video: 460481985
2019-07-31T21:53:32.887Z: RechatTool is still running for 460481985!
2019-07-31T21:53:32.888Z: Running basic algorithm for video 460481985
2019-07-31T21:54:01.309Z: Client 58eb33e2-f887-404e-ba96-4acfa2f5c152 made a request
2019-07-31T21:54:01.313Z: Client account is activated, not premium, has 0 pending requests
2019-07-31T21:54:01.313Z: Received request for analysing video: 460481985
2019-07-31T21:54:01.314Z: RechatTool is still running for 460481985!
2019-07-31T21:54:01.314Z: Running basic algorithm for video 460481985
2019-07-31T21:54:01.738Z: Client 58eb33e2-f887-404e-ba96-4acfa2f5c152 made a request
2019-07-31T21:54:01.741Z: Client account is activated, not premium, has 0 pending requests
2019-07-31T21:54:01.742Z: Request Error: Not premium
2019-07-31T21:54:02.399Z: Client 58eb33e2-f887-404e-ba96-4acfa2f5c152 made a request
2019-07-31T21:54:02.402Z: Client account is activated, not premium, has 0 pending requests
2019-07-31T21:54:02.402Z: Request Error: Not premium
2019-07-31T21:54:02.823Z: Client 58eb33e2-f887-404e-ba96-4acfa2f5c152 made a request
2019-07-31T21:54:02.826Z: Client account is activated, not premium, has 0 pending requests
2019-07-31T21:54:02.828Z: Request Error: Not premium
2019-07-31T21:54:03.141Z: Client 58eb33e2-f887-404e-ba96-4acfa2f5c152 made a request
2019-07-31T21:54:03.144Z: Client account is activated, not premium, has 0 pending requests
2019-07-31T21:54:03.144Z: Request Error: Not premium
2019-07-31T21:54:03.387Z: Client 58eb33e2-f887-404e-ba96-4acfa2f5c152 made a request
2019-07-31T21:54:03.395Z: Client account is activated, not premium, has 0 pending requests
2019-07-31T21:54:03.395Z: Request Error: Not premium
2019-07-31T21:54:03.764Z: Client 58eb33e2-f887-404e-ba96-4acfa2f5c152 made a request
2019-07-31T21:54:03.769Z: Client account is activated, not premium, has 0 pending requests
2019-07-31T21:54:03.770Z: Request Error: Not premium
2019-07-31T21:54:04.333Z: Client 58eb33e2-f887-404e-ba96-4acfa2f5c152 made a request
2019-07-31T21:54:04.336Z: Client account is activated, not premium, has 0 pending requests
2019-07-31T21:54:04.336Z: Request Error: Not premium
2019-07-31T21:54:05.050Z: Client 58eb33e2-f887-404e-ba96-4acfa2f5c152 made a request
2019-07-31T21:54:05.053Z: Client account is activated, not premium, has 0 pending requests
2019-07-31T21:54:05.053Z: Request Error: Not premium
2019-07-31T21:54:05.398Z: Client 58eb33e2-f887-404e-ba96-4acfa2f5c152 made a request
2019-07-31T21:54:05.404Z: Client account is activated, not premium, has 0 pending requests
2019-07-31T21:54:05.404Z: Request Error: Not premium
2019-07-31T21:54:06.895Z: Client 58eb33e2-f887-404e-ba96-4acfa2f5c152 made a request
2019-07-31T21:54:06.898Z: Client account is activated, not premium, has 0 pending requests
2019-07-31T21:54:06.898Z: Request Error: Not premium
2019-07-31T21:54:07.330Z: Client 58eb33e2-f887-404e-ba96-4acfa2f5c152 made a request
2019-07-31T21:54:07.333Z: Client account is activated, not premium, has 0 pending requests
2019-07-31T21:54:07.333Z: Request Error: Not premium
2019-07-31T21:54:08.637Z: Client 58eb33e2-f887-404e-ba96-4acfa2f5c152 made a request
2019-07-31T21:54:08.641Z: Client account is activated, not premium, has 0 pending requests
2019-07-31T21:54:08.642Z: Received request for analysing video: 460481985
2019-07-31T21:54:08.642Z: RechatTool is still running for 460481985!
2019-07-31T21:54:08.644Z: Running basic algorithm for video 460481985
2019-07-31T21:54:10.078Z: Client 58eb33e2-f887-404e-ba96-4acfa2f5c152 made a request
2019-07-31T21:54:10.082Z: Client account is activated, not premium, has 0 pending requests
2019-07-31T21:54:10.082Z: Request Error: Not premium
2019-07-31T21:54:10.933Z: Client 58eb33e2-f887-404e-ba96-4acfa2f5c152 made a request
2019-07-31T21:54:11.540Z: Client 58eb33e2-f887-404e-ba96-4acfa2f5c152 made a request
2019-07-31T21:54:12.615Z: Client account is activated, not premium, has 0 pending requests
2019-07-31T21:54:12.615Z: Request Error: Not premium
2019-07-31T21:54:13.207Z: Client account is activated, not premium, has 0 pending requests
2019-07-31T21:54:13.207Z: Request Error: Not premium
2019-07-31T21:54:16.205Z: Client 58eb33e2-f887-404e-ba96-4acfa2f5c152 made a request
2019-07-31T21:54:17.894Z: Client account is activated, not premium, has 0 pending requests
2019-07-31T21:54:17.898Z: Received request for analysing video: 460481985
2019-07-31T21:54:17.899Z: RechatTool is still running for 460481985!
2019-07-31T21:54:17.899Z: Running basic algorithm for video 460481985
2019-07-31T21:54:25.255Z: Client 58eb33e2-f887-404e-ba96-4acfa2f5c152 made a request
2019-07-31T21:54:26.940Z: Client account is activated, not premium, has 0 pending requests
2019-07-31T21:54:26.944Z: Received request for analysing video: 460481985
2019-07-31T21:54:26.945Z: RechatTool is still running for 460481985!
2019-07-31T21:54:26.945Z: Running basic algorithm for video 460481985
2019-07-31T21:54:34.334Z: Client 58eb33e2-f887-404e-ba96-4acfa2f5c152 made a request
2019-07-31T21:54:34.337Z: Client account is activated, not premium, has 0 pending requests
2019-07-31T21:54:34.338Z: Received request for analysing video: 460481985
2019-07-31T21:54:34.338Z: RechatTool is still running for 460481985!
2019-07-31T21:54:34.339Z: Running basic algorithm for video 460481985
2019-07-31T21:54:48.057Z: Client 58eb33e2-f887-404e-ba96-4acfa2f5c152 made a request
2019-07-31T21:54:48.060Z: Client account is activated, not premium, has 0 pending requests
2019-07-31T21:54:48.061Z: Received request for analysing video: 460481985
2019-07-31T21:54:48.061Z: RechatTool is still running for 460481985!
2019-07-31T21:54:48.061Z: Running basic algorithm for video 460481985
2019-07-31T21:54:55.470Z: Client 58eb33e2-f887-404e-ba96-4acfa2f5c152 made a request
2019-07-31T21:54:55.474Z: Client account is activated, not premium, has 0 pending requests
2019-07-31T21:54:55.474Z: Received request for analysing video: 460481985
2019-07-31T21:54:55.475Z: RechatTool is still running for 460481985!
2019-07-31T21:54:55.475Z: Running basic algorithm for video 460481985
2019-07-31T21:55:03.009Z: Client 58eb33e2-f887-404e-ba96-4acfa2f5c152 made a request
2019-07-31T21:55:03.013Z: Client account is activated, not premium, has 0 pending requests
2019-07-31T21:55:03.014Z: Received request for analysing video: 460481985
2019-07-31T21:55:03.014Z: RechatTool is still running for 460481985!
2019-07-31T21:55:03.014Z: Running basic algorithm for video 460481985
2019-07-31T21:55:10.573Z: Client 58eb33e2-f887-404e-ba96-4acfa2f5c152 made a request
2019-07-31T21:55:10.599Z: Client account is activated, not premium, has 0 pending requests
2019-07-31T21:55:10.601Z: Received request for analysing video: 460481985
2019-07-31T21:55:10.606Z: RechatTool is still running for 460481985!
2019-07-31T21:55:10.607Z: Running basic algorithm for video 460481985
2019-07-31T21:55:18.883Z: Client 58eb33e2-f887-404e-ba96-4acfa2f5c152 made a request
2019-07-31T21:55:18.886Z: Client account is activated, not premium, has 0 pending requests
2019-07-31T21:55:18.888Z: Received request for analysing video: 460481985
2019-07-31T21:55:18.888Z: RechatTool is still running for 460481985!
2019-07-31T21:55:18.888Z: Running basic algorithm for video 460481985
2019-07-31T21:55:37.579Z: Client 58eb33e2-f887-404e-ba96-4acfa2f5c152 made a request
2019-07-31T21:55:37.582Z: Client account is activated, not premium, has 0 pending requests
2019-07-31T21:55:37.583Z: Received request for analysing video: 460481985
2019-07-31T21:55:37.583Z: RechatTool is still running for 460481985!
2019-07-31T21:55:37.584Z: Running basic algorithm for video 460481985
2019-07-31T21:55:45.176Z: Client 58eb33e2-f887-404e-ba96-4acfa2f5c152 made a request
2019-07-31T21:55:45.180Z: Client account is activated, not premium, has 0 pending requests
2019-07-31T21:55:45.182Z: Received request for analysing video: 460481985
2019-07-31T21:55:45.183Z: RechatTool is still running for 460481985!
2019-07-31T21:55:45.183Z: Running basic algorithm for video 460481985
2019-07-31T21:55:52.710Z: Client 58eb33e2-f887-404e-ba96-4acfa2f5c152 made a request
2019-07-31T21:55:52.713Z: Client account is activated, not premium, has 0 pending requests
2019-07-31T21:55:52.716Z: Received request for analysing video: 460481985
2019-07-31T21:55:52.717Z: RechatTool is still running for 460481985!
2019-07-31T21:55:52.717Z: Running basic algorithm for video 460481985
2019-07-31T21:56:00.455Z: Client 58eb33e2-f887-404e-ba96-4acfa2f5c152 made a request
2019-07-31T21:56:00.458Z: Client account is activated, not premium, has 0 pending requests
2019-07-31T21:56:00.459Z: Received request for analysing video: 460481985
2019-07-31T21:56:00.461Z: RechatTool is still running for 460481985!
2019-07-31T21:56:00.461Z: Running basic algorithm for video 460481985
2019-07-31T21:56:08.180Z: Client 58eb33e2-f887-404e-ba96-4acfa2f5c152 made a request
2019-07-31T21:56:08.184Z: Client account is activated, not premium, has 0 pending requests
2019-07-31T21:56:08.188Z: Received request for analysing video: 460481985
2019-07-31T21:56:08.189Z: RechatTool is still running for 460481985!
2019-07-31T21:56:08.189Z: Running basic algorithm for video 460481985
2019-07-31T21:56:22.041Z: Client 58eb33e2-f887-404e-ba96-4acfa2f5c152 made a request
2019-07-31T21:56:22.045Z: Client account is activated, not premium, has 0 pending requests
2019-07-31T21:56:22.046Z: Received request for analysing video: 460481985
2019-07-31T21:56:22.047Z: RechatTool is still running for 460481985!
2019-07-31T21:56:22.047Z: Running basic algorithm for video 460481985
2019-07-31T21:57:12.733Z: Client 58eb33e2-f887-404e-ba96-4acfa2f5c152 made a request
2019-07-31T21:57:12.737Z: Client account is activated, not premium, has 0 pending requests
2019-07-31T21:57:12.738Z: Received request for analysing video: 460481985
2019-07-31T21:57:12.738Z: RechatTool has stopped for 460481985!
2019-07-31T21:57:12.738Z: Running basic algorithm for video 460481985
2019-07-31T21:58:31.273Z: Client 58eb33e2-f887-404e-ba96-4acfa2f5c152 made a request
2019-07-31T21:58:31.277Z: Client account is activated, not premium, has 0 pending requests
2019-07-31T21:58:31.277Z: Received request for analysing video: 460481985
2019-07-31T21:58:31.278Z: RechatTool has stopped for 460481985!
2019-07-31T21:58:31.278Z: Running basic algorithm for video 460481985
2019-07-31T21:59:52.548Z: Client 58eb33e2-f887-404e-ba96-4acfa2f5c152 made a request
2019-07-31T21:59:52.552Z: Client account is activated, not premium, has 0 pending requests
2019-07-31T21:59:52.553Z: Received request for analysing video: 460481985
2019-07-31T21:59:52.553Z: RechatTool has stopped for 460481985!
2019-07-31T21:59:52.553Z: Running basic algorithm for video 460481985
2019-07-31T21:59:53.299Z: Client 58eb33e2-f887-404e-ba96-4acfa2f5c152 made a request
2019-07-31T21:59:54.988Z: Client account is activated, not premium, has 0 pending requests
2019-07-31T21:59:54.989Z: Request Error: Not premium
2019-07-31T21:59:56.253Z: Client 58eb33e2-f887-404e-ba96-4acfa2f5c152 made a request
2019-07-31T21:59:57.062Z: Client 58eb33e2-f887-404e-ba96-4acfa2f5c152 made a request
2019-07-31T21:59:57.957Z: Client account is activated, not premium, has 0 pending requests
2019-07-31T21:59:57.958Z: Request Error: Not premium
2019-07-31T21:59:58.755Z: Client account is activated, not premium, has 0 pending requests
2019-07-31T21:59:58.755Z: Request Error: Not premium
2019-07-31T21:59:58.760Z: Client 58eb33e2-f887-404e-ba96-4acfa2f5c152 made a request
2019-07-31T21:59:59.951Z: Client 58eb33e2-f887-404e-ba96-4acfa2f5c152 made a request
2019-07-31T22:00:00.427Z: Client account is activated, not premium, has 0 pending requests
2019-07-31T22:00:00.430Z: Received request for analysing video: 460481985
2019-07-31T22:00:00.431Z: RechatTool has stopped for 460481985!
2019-07-31T22:00:00.431Z: Running basic algorithm for video 460481985
2019-07-31T22:00:01.336Z: Client 58eb33e2-f887-404e-ba96-4acfa2f5c152 made a request
2019-07-31T22:00:01.792Z: Client account is activated, not premium, has 0 pending requests
2019-07-31T22:00:01.796Z: Received request for analysing video: 460481985
2019-07-31T22:00:01.797Z: RechatTool has stopped for 460481985!
2019-07-31T22:00:01.797Z: Running basic algorithm for video 460481985
2019-07-31T22:00:03.115Z: Client account is activated, not premium, has 0 pending requests
2019-07-31T22:00:03.118Z: Received request for analysing video: 460481985
2019-07-31T22:00:03.120Z: RechatTool has stopped for 460481985!
2019-07-31T22:00:03.120Z: Running basic algorithm for video 460481985
2019-07-31T22:00:19.128Z: Client 58eb33e2-f887-404e-ba96-4acfa2f5c152 made a request
2019-07-31T22:00:20.816Z: Client account is activated, not premium, has 0 pending requests
2019-07-31T22:00:20.816Z: Request Error: Not premium
2019-07-31T22:00:21.384Z: Client 58eb33e2-f887-404e-ba96-4acfa2f5c152 made a request
2019-07-31T22:00:23.067Z: Client account is activated, not premium, has 0 pending requests
2019-07-31T22:00:23.068Z: Received request for analysing video: 460481985
2019-07-31T22:00:23.070Z: RechatTool has stopped for 460481985!
2019-07-31T22:00:23.074Z: Running basic algorithm for video 460481985
2019-07-31T22:00:30.976Z: Client 58eb33e2-f887-404e-ba96-4acfa2f5c152 made a request
2019-07-31T22:00:30.981Z: Client account is activated, not premium, has 0 pending requests
2019-07-31T22:00:30.982Z: Received request for analysing video: 460481985
2019-07-31T22:00:30.983Z: RechatTool has stopped for 460481985!
2019-07-31T22:00:30.983Z: Running basic algorithm for video 460481985
2019-07-31T22:00:31.916Z: Client 58eb33e2-f887-404e-ba96-4acfa2f5c152 made a request
2019-07-31T22:00:31.920Z: Client account is activated, not premium, has 0 pending requests
2019-07-31T22:00:31.920Z: Received request for analysing video: 460481985
2019-07-31T22:00:31.921Z: RechatTool has stopped for 460481985!
2019-07-31T22:00:31.921Z: Running basic algorithm for video 460481985
2019-07-31T22:00:35.109Z: Client 58eb33e2-f887-404e-ba96-4acfa2f5c152 made a request
2019-07-31T22:00:35.112Z: Client account is activated, not premium, has 0 pending requests
2019-07-31T22:00:35.113Z: Received request for analysing video: 460481985
2019-07-31T22:00:35.114Z: RechatTool has stopped for 460481985!
2019-07-31T22:00:35.114Z: Running basic algorithm for video 460481985
2019-07-31T22:00:36.226Z: Client 58eb33e2-f887-404e-ba96-4acfa2f5c152 made a request
2019-07-31T22:00:36.231Z: Client account is activated, not premium, has 0 pending requests
2019-07-31T22:00:36.231Z: Received request for analysing video: 460481985
2019-07-31T22:00:36.232Z: RechatTool has stopped for 460481985!
2019-07-31T22:00:36.232Z: Running basic algorithm for video 460481985
2019-07-31T22:00:37.637Z: Client 58eb33e2-f887-404e-ba96-4acfa2f5c152 made a request
2019-07-31T22:00:37.641Z: Client account is activated, not premium, has 0 pending requests
2019-07-31T22:00:37.644Z: Received request for analysing video: 460481985
2019-07-31T22:00:37.644Z: RechatTool has stopped for 460481985!
2019-07-31T22:00:37.645Z: Running basic algorithm for video 460481985
2019-07-31T22:00:38.157Z: Client 58eb33e2-f887-404e-ba96-4acfa2f5c152 made a request
2019-07-31T22:00:39.848Z: Client account is activated, not premium, has 0 pending requests
2019-07-31T22:00:39.852Z: Received request for analysing video: 460481985
2019-07-31T22:00:39.852Z: RechatTool has stopped for 460481985!
2019-07-31T22:00:39.853Z: Running basic algorithm for video 460481985
2019-07-31T22:00:46.848Z: Client 58eb33e2-f887-404e-ba96-4acfa2f5c152 made a request
2019-07-31T22:00:48.536Z: Client account is activated, not premium, has 0 pending requests
2019-07-31T22:00:48.540Z: Received request for analysing video: 460481985
2019-07-31T22:00:48.544Z: RechatTool has stopped for 460481985!
2019-07-31T22:00:48.544Z: Running basic algorithm for video 460481985
2019-07-31T22:01:41.512Z: Client 58eb33e2-f887-404e-ba96-4acfa2f5c152 made a request
2019-07-31T22:01:41.517Z: Client account is activated, not premium, has 0 pending requests
2019-07-31T22:01:41.518Z: Received request for analysing video: 460481985
2019-07-31T22:01:41.518Z: RechatTool has stopped for 460481985!
2019-07-31T22:01:41.519Z: Running basic algorithm for video 460481985
2019-07-31T22:01:41.988Z: Client 58eb33e2-f887-404e-ba96-4acfa2f5c152 made a request
2019-07-31T22:01:41.992Z: Client 58eb33e2-f887-404e-ba96-4acfa2f5c152 made a request
2019-07-31T22:01:42.043Z: Client account is activated, not premium, has 0 pending requests
2019-07-31T22:01:42.044Z: Received request for analysing video: 460481985
2019-07-31T22:01:42.045Z: RechatTool has stopped for 460481985!
2019-07-31T22:01:42.045Z: Running basic algorithm for video 460481985
2019-07-31T22:01:42.092Z: Client account is activated, not premium, has 0 pending requests
2019-07-31T22:01:42.093Z: Received request for analysing video: 460481985
2019-07-31T22:01:42.095Z: RechatTool has stopped for 460481985!
2019-07-31T22:01:42.095Z: Running basic algorithm for video 460481985
2019-07-31T22:01:44.019Z: Client 58eb33e2-f887-404e-ba96-4acfa2f5c152 made a request
2019-07-31T22:01:44.022Z: Client account is activated, not premium, has 0 pending requests
2019-07-31T22:01:44.023Z: Received request for analysing video: 460481985
2019-07-31T22:01:44.033Z: RechatTool has stopped for 460481985!
2019-07-31T22:01:44.034Z: Running basic algorithm for video 460481985
2019-07-31T22:02:52.095Z: Client 58eb33e2-f887-404e-ba96-4acfa2f5c152 made a request
2019-07-31T22:02:52.098Z: Client account is activated, not premium, has 0 pending requests
2019-07-31T22:02:52.098Z: Received request for analysing video: 460481985
2019-07-31T22:02:52.099Z: RechatTool has stopped for 460481985!
2019-07-31T22:02:52.099Z: Running basic algorithm for video 460481985
2019-07-31T22:02:53.007Z: Client 58eb33e2-f887-404e-ba96-4acfa2f5c152 made a request
2019-07-31T22:02:53.010Z: Client account is activated, not premium, has 0 pending requests
2019-07-31T22:02:53.011Z: Received request for analysing video: 460481985
2019-07-31T22:02:53.012Z: RechatTool has stopped for 460481985!
2019-07-31T22:02:53.012Z: Running basic algorithm for video 460481985
2019-07-31T22:02:53.564Z: Client 58eb33e2-f887-404e-ba96-4acfa2f5c152 made a request
2019-07-31T22:02:53.568Z: Client account is activated, not premium, has 0 pending requests
2019-07-31T22:02:53.570Z: Received request for analysing video: 460481985
2019-07-31T22:02:53.570Z: RechatTool has stopped for 460481985!
2019-07-31T22:02:53.571Z: Running basic algorithm for video 460481985
2019-07-31T22:02:54.135Z: Client 58eb33e2-f887-404e-ba96-4acfa2f5c152 made a request
2019-07-31T22:02:54.137Z: Client 58eb33e2-f887-404e-ba96-4acfa2f5c152 made a request
2019-07-31T22:02:54.200Z: Client account is activated, not premium, has 0 pending requests
2019-07-31T22:02:54.202Z: Received request for analysing video: 460481985
2019-07-31T22:02:54.203Z: RechatTool has stopped for 460481985!
2019-07-31T22:02:54.204Z: Running basic algorithm for video 460481985
2019-07-31T22:02:54.211Z: Client account is activated, not premium, has 0 pending requests
2019-07-31T22:02:54.264Z: Received request for analysing video: 460481985
2019-07-31T22:02:54.266Z: RechatTool has stopped for 460481985!
2019-07-31T22:02:54.268Z: Running basic algorithm for video 460481985
2019-07-31T22:02:54.795Z: Client 58eb33e2-f887-404e-ba96-4acfa2f5c152 made a request
2019-07-31T22:02:54.799Z: Client 58eb33e2-f887-404e-ba96-4acfa2f5c152 made a request
2019-07-31T22:02:54.802Z: Client 58eb33e2-f887-404e-ba96-4acfa2f5c152 made a request
2019-07-31T22:02:57.172Z: Client account is activated, not premium, has 0 pending requests
2019-07-31T22:02:57.175Z: Received request for analysing video: 460481985
2019-07-31T22:02:57.176Z: RechatTool has stopped for 460481985!
2019-07-31T22:02:57.176Z: Running basic algorithm for video 460481985
2019-07-31T22:02:57.187Z: Client account is activated, not premium, has 0 pending requests
2019-07-31T22:02:57.191Z: Received request for analysing video: 460481985
2019-07-31T22:02:57.192Z: RechatTool has stopped for 460481985!
2019-07-31T22:02:57.193Z: Running basic algorithm for video 460481985
2019-07-31T22:02:58.178Z: Client account is activated, not premium, has 0 pending requests
2019-07-31T22:02:58.180Z: Received request for analysing video: 460481985
2019-07-31T22:02:58.220Z: RechatTool has stopped for 460481985!
2019-07-31T22:02:58.223Z: Running basic algorithm for video 460481985
2019-07-31T22:03:18.314Z: Client 58eb33e2-f887-404e-ba96-4acfa2f5c152 made a request
2019-07-31T22:03:19.998Z: Client account is activated, not premium, has 0 pending requests
2019-07-31T22:03:20.002Z: Received request for analysing video: 460481985
2019-07-31T22:03:20.003Z: RechatTool has stopped for 460481985!
2019-07-31T22:03:20.003Z: Running basic algorithm for video 460481985
2019-07-31T22:03:21.313Z: Client 58eb33e2-f887-404e-ba96-4acfa2f5c152 made a request
2019-07-31T22:03:22.997Z: Client account is activated, not premium, has 0 pending requests
2019-07-31T22:03:22.998Z: Received request for analysing video: 460481985
2019-07-31T22:03:22.999Z: RechatTool has stopped for 460481985!
2019-07-31T22:03:22.999Z: Running basic algorithm for video 460481985
2019-07-31T22:03:32.863Z: Client 58eb33e2-f887-404e-ba96-4acfa2f5c152 made a request
2019-07-31T22:03:32.867Z: Client account is activated, not premium, has 0 pending requests
2019-07-31T22:03:32.867Z: Request Error: Not premium
