2019-07-27T21:04:50.883Z: Client 98418a3c-57d1-47fa-87e3-e6de3464e94a made a request
2019-07-27T21:04:50.884Z: Received request for analysing video: 458298188
2019-07-27T21:04:50.884Z: RechatTool has stopped for 458298188!
2019-07-27T21:04:50.884Z: Running basic algorithm for video 458298188
2019-07-27T21:04:55.853Z: Client 98418a3c-57d1-47fa-87e3-e6de3464e94a made a request
2019-07-27T21:04:55.853Z: Received request for analysing video: 458298188
2019-07-27T21:04:55.853Z: RechatTool has stopped for 458298188!
2019-07-27T21:04:55.853Z: Running advance algorithm for video 458298188
2019-07-27T21:07:09.174Z: Client 98418a3c-57d1-47fa-87e3-e6de3464e94a made a request
2019-07-27T21:07:09.175Z: Received request for analysing video: 458298188
2019-07-27T21:07:09.175Z: RechatTool has stopped for 458298188!
2019-07-27T21:07:09.175Z: Running advance algorithm for video 458298188
2019-07-27T21:10:27.014Z: Client 1f0ad0d2-611f-4a1c-a786-cff60280272e made a request
2019-07-27T21:10:27.014Z: Received request for analysing video: 458820084
2019-07-27T21:10:27.025Z: File 458820084.done does not exist! Running RechatTool...
2019-07-27T21:10:34.046Z: Client 9baec916-7793-4fcb-bdc6-7bd6d3f8659b made a request
2019-07-27T21:10:34.046Z: Received request for analysing video: 458820084
2019-07-27T21:10:34.047Z: RechatTool is still running for 458820084!
2019-07-27T21:10:34.047Z: Running advance algorithm for video 458820084
2019-07-27T21:10:41.135Z: Client e2a1e4e5-bf83-49d8-8d62-a305fe66436b made a request
2019-07-27T21:10:41.135Z: Received request for analysing video: 458820084
2019-07-27T21:10:41.136Z: RechatTool is still running for 458820084!
2019-07-27T21:10:41.136Z: Running advance algorithm for video 458820084
2019-07-27T21:10:48.196Z: Client 001167a4-7c02-48b9-999b-3b9e711ae424 made a request
2019-07-27T21:10:48.196Z: Received request for analysing video: 458820084
2019-07-27T21:10:48.197Z: RechatTool is still running for 458820084!
2019-07-27T21:10:48.197Z: Running advance algorithm for video 458820084
2019-07-27T21:10:54.664Z: Client 1e3791c7-fdf4-4f6f-9215-c2b54d48be8d made a request
2019-07-27T21:10:54.665Z: Received request for analysing video: 458820084
2019-07-27T21:10:54.665Z: RechatTool is still running for 458820084!
2019-07-27T21:10:54.666Z: Running advance algorithm for video 458820084
2019-07-27T21:11:01.752Z: Client c241559b-526f-4e36-b27d-b78054b1c14d made a request
2019-07-27T21:11:01.753Z: Received request for analysing video: 458820084
2019-07-27T21:11:01.757Z: RechatTool has stopped for 458820084!
2019-07-27T21:11:01.757Z: Running advance algorithm for video 458820084
2019-07-27T21:11:24.619Z: Client 03a73161-2484-4a29-8511-44ec8abdeb89 made a request
2019-07-27T21:11:24.619Z: Received request for analysing video: 458820084
2019-07-27T21:11:24.620Z: RechatTool has stopped for 458820084!
2019-07-27T21:11:24.620Z: Running advance algorithm for video 458820084
2019-07-27T21:11:27.263Z: Client f7a367d3-3810-4052-8fcd-5336d61af0bb made a request
2019-07-27T21:11:27.263Z: Received request for analysing video: 458820084
2019-07-27T21:11:27.264Z: RechatTool has stopped for 458820084!
2019-07-27T21:11:27.264Z: Running advance algorithm for video 458820084
2019-07-27T21:11:30.263Z: Client 86849041-8c33-423e-90df-28e7561846e6 made a request
2019-07-27T21:11:30.263Z: Received request for analysing video: 458820084
2019-07-27T21:11:30.264Z: RechatTool has stopped for 458820084!
2019-07-27T21:11:30.264Z: Running advance algorithm for video 458820084
2019-07-27T21:11:33.249Z: Client 74e509a8-9d11-4513-882a-5e3e89d10aff made a request
2019-07-27T21:11:33.249Z: Received request for analysing video: 458820084
2019-07-27T21:11:33.250Z: RechatTool has stopped for 458820084!
2019-07-27T21:11:33.250Z: Running advance algorithm for video 458820084
2019-07-27T21:11:50.188Z: Client 9cb86634-c5b3-48f7-a47e-408826c5da15 made a request
2019-07-27T21:11:50.189Z: Received request for analysing video: 458820084
2019-07-27T21:11:50.189Z: RechatTool has stopped for 458820084!
2019-07-27T21:11:50.189Z: Running advance algorithm for video 458820084
2019-07-27T21:13:03.516Z: Client 48a43401-b05f-4c0d-bb03-2153abbd4cf6 made a request
2019-07-27T21:13:03.517Z: Received request for analysing video: 458820084
2019-07-27T21:13:03.517Z: RechatTool has stopped for 458820084!
2019-07-27T21:13:03.517Z: Running advance algorithm for video 458820084
2019-07-27T21:13:07.988Z: Client 7c60937c-ad64-4f07-b289-a54f1827465d made a request
2019-07-27T21:13:07.989Z: Received request for analysing video: 458820084
2019-07-27T21:13:07.989Z: RechatTool has stopped for 458820084!
2019-07-27T21:13:07.990Z: Running advance algorithm for video 458820084
2019-07-27T21:15:44.364Z: Client cae00922-4e09-4978-8028-e9cd24143cd2 made a request
2019-07-27T21:15:44.364Z: Received request for analysing video: 458820084
2019-07-27T21:15:44.364Z: RechatTool has stopped for 458820084!
2019-07-27T21:15:44.365Z: Running basic algorithm for video 458820084
2019-07-27T21:15:48.411Z: Client cae00922-4e09-4978-8028-e9cd24143cd2 made a request
2019-07-27T21:15:48.412Z: Received request for analysing video: 458820084
2019-07-27T21:15:48.412Z: RechatTool has stopped for 458820084!
2019-07-27T21:15:48.412Z: Running advance algorithm for video 458820084
