2019-07-29T21:04:52.499Z: Client aa34b559-81ff-48f5-8a72-036817c88e2f made a request
2019-07-29T21:04:54.195Z: Request Error: Not premium
2019-07-29T21:06:07.066Z: Client aa34b559-81ff-48f5-8a72-036817c88e2f made a request
2019-07-29T21:06:07.073Z: Received request for analysing video: 455966022
2019-07-29T21:06:07.074Z: RechatTool has stopped for 455966022!
2019-07-29T21:06:07.074Z: Running basic algorithm for video 455966022
2019-07-29T21:06:18.616Z: Client aa34b559-81ff-48f5-8a72-036817c88e2f made a request
2019-07-29T21:06:20.270Z: Received request for analysing video: 455966022
2019-07-29T21:06:20.271Z: RechatTool has stopped for 455966022!
2019-07-29T21:06:20.272Z: Running basic algorithm for video 455966022
2019-07-29T21:06:21.479Z: Client aa34b559-81ff-48f5-8a72-036817c88e2f made a request
2019-07-29T21:06:23.138Z: Received request for analysing video: 455966022
2019-07-29T21:06:23.138Z: RechatTool has stopped for 455966022!
2019-07-29T21:06:23.139Z: Running basic algorithm for video 455966022
2019-07-29T21:06:24.647Z: Client aa34b559-81ff-48f5-8a72-036817c88e2f made a request
2019-07-29T21:06:26.339Z: Received request for analysing video: 455966022
2019-07-29T21:06:26.339Z: RechatTool has stopped for 455966022!
2019-07-29T21:06:26.340Z: Running basic algorithm for video 455966022
2019-07-29T21:07:11.552Z: Client aa34b559-81ff-48f5-8a72-036817c88e2f made a request
2019-07-29T21:07:11.557Z: Received request for analysing video: 455966022
2019-07-29T21:07:11.558Z: RechatTool has stopped for 455966022!
2019-07-29T21:07:11.558Z: Running basic algorithm for video 455966022
