2019-08-04T23:49:19.158Z: Updating status of 14819fff-ab5f-4b83-bf85-b49f992970e1
2019-08-04T23:49:19.529Z: Client 14819fff-ab5f-4b83-bf85-b49f992970e1 made a request
2019-08-04T23:49:20.677Z: Upgraded client 14819fff-ab5f-4b83-bf85-b49f992970e1, expire on Mon Aug 05 2019 23:49:19 GMT+0000 (Greenwich Mean Time)
2019-08-04T23:49:20.769Z: Client account is activated, not premium, has 0 pending requests
2019-08-04T23:49:20.770Z: Received request for analysing video: 461870417
2019-08-04T23:49:20.771Z: RechatTool has stopped for 461870417!
2019-08-04T23:49:20.771Z: Running basic algorithm for video 461870417
2019-08-04T23:59:35.260Z: Updating status of 14819fff-ab5f-4b83-bf85-b49f992970e1
2019-08-04T23:59:35.889Z: Client 14819fff-ab5f-4b83-bf85-b49f992970e1 made a request
2019-08-04T23:59:36.197Z: Upgraded client 14819fff-ab5f-4b83-bf85-b49f992970e1, expire on Mon Aug 05 2019 23:59:35 GMT+0000 (Greenwich Mean Time)
2019-08-04T23:59:36.819Z: Client account is activated, premium, has 0 pending requests
2019-08-04T23:59:36.823Z: Received request for analysing video: 461870417
2019-08-04T23:59:36.824Z: RechatTool has stopped for 461870417!
2019-08-04T23:59:36.824Z: Running basic algorithm for video 461870417
2019-08-04T23:59:37.765Z: Client 14819fff-ab5f-4b83-bf85-b49f992970e1 made a request
2019-08-04T23:59:39.458Z: Client account is activated, premium, has 0 pending requests
2019-08-04T23:59:39.461Z: Received request for analysing video: 461870417
2019-08-04T23:59:39.462Z: RechatTool has stopped for 461870417!
2019-08-04T23:59:39.462Z: Running advance algorithm for video 461870417
2019-08-05T00:00:08.532Z: Updating status of 14819fff-ab5f-4b83-bf85-b49f992970e1
2019-08-05T00:00:08.938Z: Client 14819fff-ab5f-4b83-bf85-b49f992970e1 made a request
2019-08-05T00:00:10.170Z: Client account is activated, premium, has 0 pending requests
2019-08-05T00:00:10.172Z: Received request for analysing video: 461870417
2019-08-05T00:00:10.378Z: RechatTool has stopped for 461870417!
2019-08-05T00:00:10.610Z: Running advance algorithm for video 461870417
2019-08-05T00:00:13.485Z: Upgraded client 14819fff-ab5f-4b83-bf85-b49f992970e1, expire on Tue Aug 06 2019 00:00:06 GMT+0000 (Greenwich Mean Time)
