2019-08-03T09:33:16.055Z: Client cf2d9c97-418d-47a8-a2cb-7769d88913e1 made a request
2019-08-03T09:33:18.789Z: Client account is activated, not premium, has 0 pending requests
2019-08-03T09:33:18.793Z: Received request for analysing video: 461400891
2019-08-03T09:33:18.823Z: File 461400891.done does not exist! Running RechatTool...
2019-08-03T09:33:25.854Z: Client cf2d9c97-418d-47a8-a2cb-7769d88913e1 made a request
2019-08-03T09:33:27.549Z: Client account is activated, not premium, has 0 pending requests
2019-08-03T09:33:27.553Z: Received request for analysing video: 461400891
2019-08-03T09:33:27.554Z: RechatTool is still running for 461400891!
2019-08-03T09:33:27.554Z: Running basic algorithm for video 461400891
2019-08-03T09:33:34.440Z: Client cf2d9c97-418d-47a8-a2cb-7769d88913e1 made a request
2019-08-03T09:33:34.602Z: Client cf2d9c97-418d-47a8-a2cb-7769d88913e1 made a request
2019-08-03T09:33:36.137Z: Client account is activated, not premium, has 0 pending requests
2019-08-03T09:33:36.140Z: Received request for analysing video: 461400891
2019-08-03T09:33:36.141Z: RechatTool is still running for 461400891!
2019-08-03T09:33:36.143Z: Running basic algorithm for video 461400891
2019-08-03T09:33:36.281Z: Client account is activated, not premium, has 0 pending requests
2019-08-03T09:33:36.292Z: Received request for analysing video: 461400891
2019-08-03T09:33:36.303Z: RechatTool is still running for 461400891!
2019-08-03T09:33:36.303Z: Running basic algorithm for video 461400891
2019-08-03T09:33:37.025Z: Client cf2d9c97-418d-47a8-a2cb-7769d88913e1 made a request
2019-08-03T09:33:38.708Z: Client account is activated, not premium, has 0 pending requests
2019-08-03T09:33:38.711Z: Received request for analysing video: 461400891
2019-08-03T09:33:38.711Z: RechatTool is still running for 461400891!
2019-08-03T09:33:38.712Z: Running basic algorithm for video 461400891
2019-08-03T09:33:40.197Z: Client cf2d9c97-418d-47a8-a2cb-7769d88913e1 made a request
2019-08-03T09:33:41.953Z: Client account is activated, not premium, has 0 pending requests
2019-08-03T09:33:41.957Z: Received request for analysing video: 461400891
2019-08-03T09:33:41.958Z: RechatTool is still running for 461400891!
2019-08-03T09:33:41.958Z: Running basic algorithm for video 461400891
2019-08-03T09:33:43.209Z: Client cf2d9c97-418d-47a8-a2cb-7769d88913e1 made a request
2019-08-03T09:33:43.401Z: Client cf2d9c97-418d-47a8-a2cb-7769d88913e1 made a request
2019-08-03T09:33:44.888Z: Client account is activated, not premium, has 0 pending requests
2019-08-03T09:33:44.891Z: Received request for analysing video: 461400891
2019-08-03T09:33:44.893Z: RechatTool is still running for 461400891!
2019-08-03T09:33:44.893Z: Running basic algorithm for video 461400891
2019-08-03T09:33:45.088Z: Client account is activated, not premium, has 0 pending requests
2019-08-03T09:33:45.092Z: Received request for analysing video: 461400891
2019-08-03T09:33:45.093Z: RechatTool is still running for 461400891!
2019-08-03T09:33:45.093Z: Running basic algorithm for video 461400891
2019-08-03T09:33:45.774Z: Client cf2d9c97-418d-47a8-a2cb-7769d88913e1 made a request
2019-08-03T09:33:47.445Z: Client account is activated, not premium, has 0 pending requests
2019-08-03T09:33:47.449Z: Received request for analysing video: 461400891
2019-08-03T09:33:47.449Z: RechatTool is still running for 461400891!
2019-08-03T09:33:47.450Z: Running basic algorithm for video 461400891
2019-08-03T09:33:49.043Z: Client cf2d9c97-418d-47a8-a2cb-7769d88913e1 made a request
2019-08-03T09:33:49.047Z: Client account is activated, not premium, has 0 pending requests
2019-08-03T09:33:49.051Z: Received request for analysing video: 461400891
2019-08-03T09:33:49.086Z: RechatTool is still running for 461400891!
2019-08-03T09:33:49.099Z: Running basic algorithm for video 461400891
2019-08-03T09:33:50.196Z: Client cf2d9c97-418d-47a8-a2cb-7769d88913e1 made a request
2019-08-03T09:33:50.201Z: Client account is activated, not premium, has 0 pending requests
2019-08-03T09:33:50.212Z: Received request for analysing video: 461400891
2019-08-03T09:33:50.216Z: RechatTool is still running for 461400891!
2019-08-03T09:33:50.216Z: Running basic algorithm for video 461400891
2019-08-03T09:33:50.892Z: Client cf2d9c97-418d-47a8-a2cb-7769d88913e1 made a request
2019-08-03T09:33:52.040Z: Client cf2d9c97-418d-47a8-a2cb-7769d88913e1 made a request
2019-08-03T09:33:52.197Z: Client cf2d9c97-418d-47a8-a2cb-7769d88913e1 made a request
2019-08-03T09:33:52.549Z: Client account is activated, not premium, has 0 pending requests
2019-08-03T09:33:52.553Z: Received request for analysing video: 461400891
2019-08-03T09:33:52.554Z: RechatTool is still running for 461400891!
2019-08-03T09:33:52.554Z: Running basic algorithm for video 461400891
2019-08-03T09:33:53.729Z: Client account is activated, not premium, has 0 pending requests
2019-08-03T09:33:53.733Z: Received request for analysing video: 461400891
2019-08-03T09:33:53.734Z: RechatTool is still running for 461400891!
2019-08-03T09:33:53.734Z: Running basic algorithm for video 461400891
2019-08-03T09:33:53.883Z: Client account is activated, not premium, has 0 pending requests
2019-08-03T09:33:53.887Z: Received request for analysing video: 461400891
2019-08-03T09:33:53.888Z: RechatTool is still running for 461400891!
2019-08-03T09:33:53.888Z: Running basic algorithm for video 461400891
2019-08-03T09:33:54.170Z: Client cf2d9c97-418d-47a8-a2cb-7769d88913e1 made a request
2019-08-03T09:33:54.540Z: Client cf2d9c97-418d-47a8-a2cb-7769d88913e1 made a request
2019-08-03T09:33:56.198Z: Client cf2d9c97-418d-47a8-a2cb-7769d88913e1 made a request
2019-08-03T09:33:56.311Z: Client account is activated, not premium, has 0 pending requests
2019-08-03T09:33:56.315Z: Received request for analysing video: 461400891
2019-08-03T09:33:56.316Z: RechatTool is still running for 461400891!
2019-08-03T09:33:56.316Z: Running basic algorithm for video 461400891
2019-08-03T09:33:56.323Z: Client account is activated, not premium, has 0 pending requests
2019-08-03T09:33:56.325Z: Received request for analysing video: 461400891
2019-08-03T09:33:56.327Z: RechatTool is still running for 461400891!
2019-08-03T09:33:56.328Z: Running basic algorithm for video 461400891
2019-08-03T09:33:57.310Z: Client account is activated, not premium, has 0 pending requests
2019-08-03T09:33:57.312Z: Received request for analysing video: 461400891
2019-08-03T09:33:57.314Z: RechatTool is still running for 461400891!
2019-08-03T09:33:57.315Z: Running basic algorithm for video 461400891
2019-08-03T09:33:57.451Z: Client cf2d9c97-418d-47a8-a2cb-7769d88913e1 made a request
2019-08-03T09:33:58.283Z: Client account is activated, not premium, has 0 pending requests
2019-08-03T09:33:58.286Z: Received request for analysing video: 461400891
2019-08-03T09:33:58.287Z: RechatTool is still running for 461400891!
2019-08-03T09:33:58.288Z: Running basic algorithm for video 461400891
2019-08-03T09:33:59.724Z: Client cf2d9c97-418d-47a8-a2cb-7769d88913e1 made a request
2019-08-03T09:33:59.729Z: Client account is activated, not premium, has 0 pending requests
2019-08-03T09:33:59.735Z: Received request for analysing video: 461400891
2019-08-03T09:33:59.736Z: RechatTool is still running for 461400891!
2019-08-03T09:33:59.778Z: Running basic algorithm for video 461400891
2019-08-03T09:34:00.886Z: Client cf2d9c97-418d-47a8-a2cb-7769d88913e1 made a request
2019-08-03T09:34:01.180Z: Client cf2d9c97-418d-47a8-a2cb-7769d88913e1 made a request
2019-08-03T09:34:02.560Z: Client account is activated, not premium, has 0 pending requests
2019-08-03T09:34:02.563Z: Received request for analysing video: 461400891
2019-08-03T09:34:02.565Z: RechatTool is still running for 461400891!
2019-08-03T09:34:02.566Z: Running basic algorithm for video 461400891
2019-08-03T09:34:02.854Z: Client account is activated, not premium, has 0 pending requests
2019-08-03T09:34:02.858Z: Received request for analysing video: 461400891
2019-08-03T09:34:02.859Z: RechatTool is still running for 461400891!
2019-08-03T09:34:02.859Z: Running basic algorithm for video 461400891
2019-08-03T09:34:03.497Z: Client cf2d9c97-418d-47a8-a2cb-7769d88913e1 made a request
2019-08-03T09:34:03.635Z: Client cf2d9c97-418d-47a8-a2cb-7769d88913e1 made a request
2019-08-03T09:34:03.791Z: Client cf2d9c97-418d-47a8-a2cb-7769d88913e1 made a request
2019-08-03T09:34:04.463Z: Client cf2d9c97-418d-47a8-a2cb-7769d88913e1 made a request
2019-08-03T09:34:05.154Z: Client account is activated, not premium, has 0 pending requests
2019-08-03T09:34:05.157Z: Received request for analysing video: 461400891
2019-08-03T09:34:05.157Z: RechatTool is still running for 461400891!
2019-08-03T09:34:05.157Z: Running basic algorithm for video 461400891
2019-08-03T09:34:05.366Z: Client account is activated, not premium, has 0 pending requests
2019-08-03T09:34:05.369Z: Received request for analysing video: 461400891
2019-08-03T09:34:05.370Z: RechatTool is still running for 461400891!
2019-08-03T09:34:05.371Z: Running basic algorithm for video 461400891
2019-08-03T09:34:05.523Z: Client cf2d9c97-418d-47a8-a2cb-7769d88913e1 made a request
2019-08-03T09:34:06.211Z: Client account is activated, not premium, has 0 pending requests
2019-08-03T09:34:06.211Z: Request Error: Not premium
2019-08-03T09:34:06.901Z: Client account is activated, not premium, has 0 pending requests
2019-08-03T09:34:06.901Z: Request Error: Not premium
2019-08-03T09:34:06.976Z: Client cf2d9c97-418d-47a8-a2cb-7769d88913e1 made a request
2019-08-03T09:34:06.983Z: Client account is activated, not premium, has 0 pending requests
2019-08-03T09:34:06.984Z: Received request for analysing video: 461400891
2019-08-03T09:34:06.985Z: RechatTool is still running for 461400891!
2019-08-03T09:34:06.985Z: Running basic algorithm for video 461400891
2019-08-03T09:34:07.189Z: Client account is activated, not premium, has 0 pending requests
2019-08-03T09:34:07.190Z: Request Error: Not premium
2019-08-03T09:34:09.754Z: Client cf2d9c97-418d-47a8-a2cb-7769d88913e1 made a request
2019-08-03T09:34:09.759Z: Client account is activated, not premium, has 0 pending requests
2019-08-03T09:34:09.759Z: Received request for analysing video: 461400891
2019-08-03T09:34:09.760Z: RechatTool is still running for 461400891!
2019-08-03T09:34:09.760Z: Running basic algorithm for video 461400891
2019-08-03T09:34:10.047Z: Client cf2d9c97-418d-47a8-a2cb-7769d88913e1 made a request
2019-08-03T09:34:10.052Z: Client account is activated, not premium, has 0 pending requests
2019-08-03T09:34:10.055Z: Received request for analysing video: 461400891
2019-08-03T09:34:10.056Z: RechatTool is still running for 461400891!
2019-08-03T09:34:10.056Z: Running basic algorithm for video 461400891
2019-08-03T09:34:12.375Z: Client cf2d9c97-418d-47a8-a2cb-7769d88913e1 made a request
2019-08-03T09:34:12.393Z: Client account is activated, not premium, has 0 pending requests
2019-08-03T09:34:12.407Z: Received request for analysing video: 461400891
2019-08-03T09:34:12.408Z: RechatTool is still running for 461400891!
2019-08-03T09:34:12.409Z: Running basic algorithm for video 461400891
2019-08-03T09:34:12.698Z: Client cf2d9c97-418d-47a8-a2cb-7769d88913e1 made a request
2019-08-03T09:34:13.548Z: Client account is activated, not premium, has 0 pending requests
2019-08-03T09:34:13.551Z: Received request for analysing video: 461400891
2019-08-03T09:34:13.552Z: RechatTool is still running for 461400891!
2019-08-03T09:34:13.552Z: Running basic algorithm for video 461400891
2019-08-03T09:34:14.203Z: Client cf2d9c97-418d-47a8-a2cb-7769d88913e1 made a request
2019-08-03T09:34:15.046Z: Client account is activated, not premium, has 0 pending requests
2019-08-03T09:34:15.047Z: Received request for analysing video: 461400891
2019-08-03T09:34:15.048Z: RechatTool is still running for 461400891!
2019-08-03T09:34:15.048Z: Running basic algorithm for video 461400891
2019-08-03T09:34:16.924Z: Client cf2d9c97-418d-47a8-a2cb-7769d88913e1 made a request
2019-08-03T09:34:16.927Z: Client account is activated, not premium, has 0 pending requests
2019-08-03T09:34:16.928Z: Received request for analysing video: 461400891
2019-08-03T09:34:16.928Z: RechatTool is still running for 461400891!
2019-08-03T09:34:16.928Z: Running basic algorithm for video 461400891
2019-08-03T09:34:17.281Z: Client cf2d9c97-418d-47a8-a2cb-7769d88913e1 made a request
2019-08-03T09:34:17.285Z: Client account is activated, not premium, has 0 pending requests
2019-08-03T09:34:17.288Z: Received request for analysing video: 461400891
2019-08-03T09:34:17.289Z: RechatTool is still running for 461400891!
2019-08-03T09:34:17.289Z: Running basic algorithm for video 461400891
2019-08-03T09:34:19.705Z: Client cf2d9c97-418d-47a8-a2cb-7769d88913e1 made a request
2019-08-03T09:34:19.709Z: Client account is activated, not premium, has 0 pending requests
2019-08-03T09:34:19.711Z: Received request for analysing video: 461400891
2019-08-03T09:34:19.711Z: RechatTool is still running for 461400891!
2019-08-03T09:34:19.711Z: Running basic algorithm for video 461400891
2019-08-03T09:34:20.741Z: Client cf2d9c97-418d-47a8-a2cb-7769d88913e1 made a request
2019-08-03T09:34:20.744Z: Client account is activated, not premium, has 0 pending requests
2019-08-03T09:34:20.745Z: Received request for analysing video: 461400891
2019-08-03T09:34:20.745Z: RechatTool is still running for 461400891!
2019-08-03T09:34:20.745Z: Running basic algorithm for video 461400891
2019-08-03T09:34:22.311Z: Client cf2d9c97-418d-47a8-a2cb-7769d88913e1 made a request
2019-08-03T09:34:22.317Z: Client account is activated, not premium, has 0 pending requests
2019-08-03T09:34:22.318Z: Received request for analysing video: 461400891
2019-08-03T09:34:22.319Z: RechatTool is still running for 461400891!
2019-08-03T09:34:22.319Z: Running basic algorithm for video 461400891
2019-08-03T09:34:24.144Z: Client cf2d9c97-418d-47a8-a2cb-7769d88913e1 made a request
2019-08-03T09:34:24.197Z: Client account is activated, not premium, has 0 pending requests
2019-08-03T09:34:24.198Z: Received request for analysing video: 461400891
2019-08-03T09:34:24.199Z: RechatTool is still running for 461400891!
2019-08-03T09:34:24.199Z: Running basic algorithm for video 461400891
2019-08-03T09:34:24.472Z: Client cf2d9c97-418d-47a8-a2cb-7769d88913e1 made a request
2019-08-03T09:34:24.475Z: Client account is activated, not premium, has 0 pending requests
2019-08-03T09:34:24.477Z: Received request for analysing video: 461400891
2019-08-03T09:34:24.477Z: RechatTool is still running for 461400891!
2019-08-03T09:34:24.478Z: Running basic algorithm for video 461400891
2019-08-03T09:34:26.932Z: Client cf2d9c97-418d-47a8-a2cb-7769d88913e1 made a request
2019-08-03T09:34:26.935Z: Client account is activated, not premium, has 0 pending requests
2019-08-03T09:34:26.936Z: Received request for analysing video: 461400891
2019-08-03T09:34:26.936Z: RechatTool is still running for 461400891!
2019-08-03T09:34:26.937Z: Running basic algorithm for video 461400891
2019-08-03T09:34:27.922Z: Client cf2d9c97-418d-47a8-a2cb-7769d88913e1 made a request
2019-08-03T09:34:27.926Z: Client account is activated, not premium, has 0 pending requests
2019-08-03T09:34:27.927Z: Received request for analysing video: 461400891
2019-08-03T09:34:27.928Z: RechatTool is still running for 461400891!
2019-08-03T09:34:27.928Z: Running basic algorithm for video 461400891
2019-08-03T09:34:29.531Z: Client cf2d9c97-418d-47a8-a2cb-7769d88913e1 made a request
2019-08-03T09:34:29.535Z: Client account is activated, not premium, has 0 pending requests
2019-08-03T09:34:29.538Z: Received request for analysing video: 461400891
2019-08-03T09:34:29.538Z: RechatTool is still running for 461400891!
2019-08-03T09:34:29.538Z: Running basic algorithm for video 461400891
2019-08-03T09:34:31.453Z: Client cf2d9c97-418d-47a8-a2cb-7769d88913e1 made a request
2019-08-03T09:34:31.457Z: Client account is activated, not premium, has 0 pending requests
2019-08-03T09:34:31.459Z: Received request for analysing video: 461400891
2019-08-03T09:34:31.460Z: RechatTool is still running for 461400891!
2019-08-03T09:34:31.461Z: Running basic algorithm for video 461400891
2019-08-03T09:34:31.773Z: Client cf2d9c97-418d-47a8-a2cb-7769d88913e1 made a request
2019-08-03T09:34:31.785Z: Client account is activated, not premium, has 0 pending requests
2019-08-03T09:34:31.827Z: Received request for analysing video: 461400891
2019-08-03T09:34:31.833Z: RechatTool is still running for 461400891!
2019-08-03T09:34:31.833Z: Running basic algorithm for video 461400891
2019-08-03T09:34:34.205Z: Client cf2d9c97-418d-47a8-a2cb-7769d88913e1 made a request
2019-08-03T09:34:34.209Z: Client account is activated, not premium, has 0 pending requests
2019-08-03T09:34:34.210Z: Received request for analysing video: 461400891
2019-08-03T09:34:34.210Z: RechatTool is still running for 461400891!
2019-08-03T09:34:34.211Z: Running basic algorithm for video 461400891
2019-08-03T09:34:35.222Z: Client cf2d9c97-418d-47a8-a2cb-7769d88913e1 made a request
2019-08-03T09:34:35.226Z: Client account is activated, not premium, has 0 pending requests
2019-08-03T09:34:35.227Z: Received request for analysing video: 461400891
2019-08-03T09:34:35.227Z: RechatTool is still running for 461400891!
2019-08-03T09:34:35.228Z: Running basic algorithm for video 461400891
2019-08-03T09:34:36.736Z: Client cf2d9c97-418d-47a8-a2cb-7769d88913e1 made a request
2019-08-03T09:34:36.739Z: Client account is activated, not premium, has 0 pending requests
2019-08-03T09:34:36.740Z: Received request for analysing video: 461400891
2019-08-03T09:34:36.741Z: RechatTool is still running for 461400891!
2019-08-03T09:34:36.741Z: Running basic algorithm for video 461400891
2019-08-03T09:34:38.733Z: Client cf2d9c97-418d-47a8-a2cb-7769d88913e1 made a request
2019-08-03T09:34:38.737Z: Client account is activated, not premium, has 0 pending requests
2019-08-03T09:34:38.738Z: Received request for analysing video: 461400891
2019-08-03T09:34:38.739Z: RechatTool is still running for 461400891!
2019-08-03T09:34:38.739Z: Running basic algorithm for video 461400891
2019-08-03T09:34:39.048Z: Client cf2d9c97-418d-47a8-a2cb-7769d88913e1 made a request
2019-08-03T09:34:39.055Z: Client account is activated, not premium, has 0 pending requests
2019-08-03T09:34:39.059Z: Received request for analysing video: 461400891
2019-08-03T09:34:39.060Z: RechatTool is still running for 461400891!
2019-08-03T09:34:39.060Z: Running basic algorithm for video 461400891
2019-08-03T09:34:41.436Z: Client cf2d9c97-418d-47a8-a2cb-7769d88913e1 made a request
2019-08-03T09:34:41.483Z: Client account is activated, not premium, has 0 pending requests
2019-08-03T09:34:41.485Z: Received request for analysing video: 461400891
2019-08-03T09:34:41.485Z: RechatTool is still running for 461400891!
2019-08-03T09:34:41.487Z: Running basic algorithm for video 461400891
2019-08-03T09:34:42.437Z: Client cf2d9c97-418d-47a8-a2cb-7769d88913e1 made a request
2019-08-03T09:34:42.441Z: Client account is activated, not premium, has 0 pending requests
2019-08-03T09:34:42.441Z: Received request for analysing video: 461400891
2019-08-03T09:34:42.442Z: RechatTool is still running for 461400891!
2019-08-03T09:34:42.442Z: Running basic algorithm for video 461400891
2019-08-03T09:34:43.945Z: Client cf2d9c97-418d-47a8-a2cb-7769d88913e1 made a request
2019-08-03T09:34:43.948Z: Client account is activated, not premium, has 0 pending requests
2019-08-03T09:34:43.949Z: Received request for analysing video: 461400891
2019-08-03T09:34:43.950Z: RechatTool is still running for 461400891!
2019-08-03T09:34:43.950Z: Running basic algorithm for video 461400891
2019-08-03T09:34:45.999Z: Client cf2d9c97-418d-47a8-a2cb-7769d88913e1 made a request
2019-08-03T09:34:46.002Z: Client account is activated, not premium, has 0 pending requests
2019-08-03T09:34:46.003Z: Received request for analysing video: 461400891
2019-08-03T09:34:46.003Z: RechatTool is still running for 461400891!
2019-08-03T09:34:46.003Z: Running basic algorithm for video 461400891
2019-08-03T09:34:46.391Z: Client cf2d9c97-418d-47a8-a2cb-7769d88913e1 made a request
2019-08-03T09:34:46.401Z: Client account is activated, not premium, has 0 pending requests
2019-08-03T09:34:46.404Z: Received request for analysing video: 461400891
2019-08-03T09:34:46.405Z: RechatTool is still running for 461400891!
2019-08-03T09:34:46.405Z: Running basic algorithm for video 461400891
2019-08-03T09:34:48.891Z: Client cf2d9c97-418d-47a8-a2cb-7769d88913e1 made a request
2019-08-03T09:34:48.894Z: Client account is activated, not premium, has 0 pending requests
2019-08-03T09:34:48.895Z: Received request for analysing video: 461400891
2019-08-03T09:34:48.896Z: RechatTool is still running for 461400891!
2019-08-03T09:34:48.896Z: Running basic algorithm for video 461400891
2019-08-03T09:34:49.703Z: Client cf2d9c97-418d-47a8-a2cb-7769d88913e1 made a request
2019-08-03T09:34:49.706Z: Client account is activated, not premium, has 0 pending requests
2019-08-03T09:34:49.707Z: Received request for analysing video: 461400891
2019-08-03T09:34:49.708Z: RechatTool is still running for 461400891!
2019-08-03T09:34:49.708Z: Running basic algorithm for video 461400891
2019-08-03T09:34:51.275Z: Client cf2d9c97-418d-47a8-a2cb-7769d88913e1 made a request
2019-08-03T09:34:51.284Z: Client account is activated, not premium, has 0 pending requests
2019-08-03T09:34:51.285Z: Received request for analysing video: 461400891
2019-08-03T09:34:51.286Z: RechatTool is still running for 461400891!
2019-08-03T09:34:51.286Z: Running basic algorithm for video 461400891
2019-08-03T09:35:27.403Z: Client PremiumPineapple made a request
2019-08-03T09:35:27.456Z: Client account is activated, premium, has 0 pending requests
2019-08-03T09:35:27.457Z: Received request for analysing video: 461400891
2019-08-03T09:35:27.457Z: RechatTool has stopped for 461400891!
2019-08-03T09:35:27.458Z: Running basic algorithm for video 461400891
2019-08-03T09:35:30.058Z: Client PremiumPineapple made a request
2019-08-03T09:35:30.062Z: Client account is activated, premium, has 0 pending requests
2019-08-03T09:35:30.063Z: Received request for analysing video: 461400891
2019-08-03T09:35:30.064Z: RechatTool has stopped for 461400891!
2019-08-03T09:35:30.064Z: Running advance algorithm for video 461400891
2019-08-03T09:35:58.271Z: Client PremiumPineapple made a request
2019-08-03T09:35:58.275Z: Client account is activated, premium, has 0 pending requests
2019-08-03T09:35:58.276Z: Received request for analysing video: 461400891
2019-08-03T09:35:58.277Z: RechatTool has stopped for 461400891!
2019-08-03T09:35:58.277Z: Running advance algorithm for video 461400891
2019-08-03T09:38:52.575Z: Client PremiumPineapple made a request
2019-08-03T09:38:52.747Z: Client PremiumPineapple made a request
2019-08-03T09:38:55.071Z: Client account is activated, premium, has 0 pending requests
2019-08-03T09:38:55.075Z: Received request for analysing video: 461400891
2019-08-03T09:38:55.075Z: RechatTool has stopped for 461400891!
2019-08-03T09:38:55.075Z: Running advance algorithm for video 461400891
2019-08-03T09:38:55.081Z: Client account is activated, premium, has 0 pending requests
2019-08-03T09:38:55.084Z: Received request for analysing video: 461400891
2019-08-03T09:38:55.086Z: RechatTool has stopped for 461400891!
2019-08-03T09:38:55.086Z: Running basic algorithm for video 461400891
2019-08-03T09:39:02.435Z: Client PremiumPineapple made a request
2019-08-03T09:39:08.762Z: Client account is activated, premium, has 0 pending requests
2019-08-03T09:39:08.771Z: Received request for analysing video: 461400891
2019-08-03T09:39:08.774Z: RechatTool has stopped for 461400891!
2019-08-03T09:39:08.789Z: Running advance algorithm for video 461400891
2019-08-03T09:41:04.708Z: Client PremiumPineapple made a request
2019-08-03T09:41:09.523Z: Client account is activated, premium, has 0 pending requests
2019-08-03T09:41:09.530Z: Received request for analysing video: 461400891
2019-08-03T09:41:09.892Z: RechatTool has stopped for 461400891!
2019-08-03T09:41:10.358Z: Running advance algorithm for video 461400891
2019-08-03T09:41:38.412Z: Client PremiumPineapple made a request
2019-08-03T09:41:39.515Z: Client account is activated, premium, has 0 pending requests
2019-08-03T09:41:39.519Z: Received request for analysing video: 461400891
2019-08-03T09:41:39.521Z: RechatTool has stopped for 461400891!
2019-08-03T09:41:39.521Z: Running advance algorithm for video 461400891
2019-08-03T09:41:49.063Z: Client PremiumPineapple made a request
2019-08-03T09:41:54.806Z: Client account is activated, premium, has 0 pending requests
2019-08-03T09:41:55.055Z: Received request for analysing video: 461400891
2019-08-03T09:41:55.291Z: RechatTool has stopped for 461400891!
2019-08-03T09:41:55.535Z: Running advance algorithm for video 461400891
2019-08-03T09:44:12.470Z: Client PremiumPineapple made a request
2019-08-03T09:44:15.433Z: Client account is activated, premium, has 0 pending requests
2019-08-03T09:44:15.438Z: Received request for analysing video: 461400891
2019-08-03T09:44:15.440Z: RechatTool has stopped for 461400891!
2019-08-03T09:44:15.440Z: Running advance algorithm for video 461400891
2019-08-03T09:46:17.243Z: Client PremiumPineapple made a request
2019-08-03T09:46:19.668Z: Client account is activated, premium, has 0 pending requests
2019-08-03T09:46:19.672Z: Received request for analysing video: 461400891
2019-08-03T09:46:19.673Z: RechatTool has stopped for 461400891!
2019-08-03T09:46:19.673Z: Running advance algorithm for video 461400891
2019-08-03T09:49:13.526Z: Client PremiumPineapple made a request
2019-08-03T09:49:15.786Z: Client PremiumPineapple made a request
2019-08-03T09:49:15.966Z: Client account is activated, premium, has 0 pending requests
2019-08-03T09:49:15.970Z: Received request for analysing video: 461400891
2019-08-03T09:49:15.971Z: RechatTool has stopped for 461400891!
2019-08-03T09:49:15.971Z: Running advance algorithm for video 461400891
2019-08-03T09:49:26.137Z: Client account is activated, premium, has 0 pending requests
2019-08-03T09:49:26.341Z: Received request for analysing video: 461400891
2019-08-03T09:49:26.564Z: RechatTool has stopped for 461400891!
2019-08-03T09:49:26.565Z: Running advance algorithm for video 461400891
2019-08-03T09:50:14.856Z: Client PremiumPineapple made a request
2019-08-03T09:50:14.859Z: Client account is activated, premium, has 0 pending requests
2019-08-03T09:50:14.860Z: Received request for analysing video: 461400891
2019-08-03T09:50:14.860Z: RechatTool has stopped for 461400891!
2019-08-03T09:50:14.860Z: Running advance algorithm for video 461400891
2019-08-03T09:52:53.190Z: Client PremiumPineapple made a request
2019-08-03T09:52:55.644Z: Client account is activated, premium, has 0 pending requests
2019-08-03T09:52:55.648Z: Received request for analysing video: 461400891
2019-08-03T09:52:55.649Z: RechatTool has stopped for 461400891!
2019-08-03T09:52:55.649Z: Running basic algorithm for video 461400891
2019-08-03T09:53:24.226Z: Client PremiumPineapple made a request
2019-08-03T09:53:25.078Z: Client account is activated, premium, has 0 pending requests
2019-08-03T09:53:25.081Z: Received request for analysing video: 461400891
2019-08-03T09:53:25.082Z: RechatTool has stopped for 461400891!
2019-08-03T09:53:25.082Z: Running basic algorithm for video 461400891
2019-08-03T09:54:08.370Z: Client PremiumPineapple made a request
2019-08-03T09:54:08.374Z: Client account is activated, premium, has 0 pending requests
2019-08-03T09:54:08.374Z: Received request for analysing video: 461400891
2019-08-03T09:54:08.375Z: RechatTool has stopped for 461400891!
2019-08-03T09:54:08.375Z: Running advance algorithm for video 461400891
2019-08-03T09:56:56.718Z: Client PremiumPineapple made a request
2019-08-03T09:56:59.261Z: Client account is activated, premium, has 0 pending requests
2019-08-03T09:56:59.266Z: Received request for analysing video: 461400891
2019-08-03T09:56:59.266Z: RechatTool has stopped for 461400891!
2019-08-03T09:56:59.267Z: Running advance algorithm for video 461400891
2019-08-03T09:57:52.527Z: Client PremiumPineapple made a request
2019-08-03T09:57:52.530Z: Client account is activated, premium, has 0 pending requests
2019-08-03T09:57:52.531Z: Received request for analysing video: 461400891
2019-08-03T09:57:52.531Z: RechatTool has stopped for 461400891!
2019-08-03T09:57:52.531Z: Running advance algorithm for video 461400891
2019-08-03T09:58:11.812Z: Client PremiumPineapple made a request
2019-08-03T09:58:13.494Z: Client account is activated, premium, has 0 pending requests
2019-08-03T09:58:13.497Z: Received request for analysing video: 461400891
2019-08-03T09:58:13.497Z: RechatTool has stopped for 461400891!
2019-08-03T09:58:13.498Z: Running advance algorithm for video 461400891
2019-08-03T09:59:51.220Z: Client PremiumPineapple made a request
2019-08-03T09:59:51.224Z: Client account is activated, premium, has 0 pending requests
2019-08-03T09:59:51.226Z: Received request for analysing video: 461400891
2019-08-03T09:59:51.226Z: RechatTool has stopped for 461400891!
2019-08-03T09:59:51.227Z: Running advance algorithm for video 461400891
2019-08-03T10:07:33.784Z: Client PremiumPineapple made a request
2019-08-03T10:07:36.366Z: Client account is activated, premium, has 0 pending requests
2019-08-03T10:07:36.369Z: Received request for analysing video: 461076705
2019-08-03T10:07:36.378Z: File 461076705.done does not exist! Running RechatTool...
2019-08-03T10:08:45.457Z: Client PremiumPineapple made a request
2019-08-03T10:08:45.461Z: Client account is activated, premium, has 0 pending requests
2019-08-03T10:08:45.462Z: Received request for analysing video: 461076705
2019-08-03T10:08:45.462Z: RechatTool is still running for 461076705!
2019-08-03T10:08:45.463Z: Running advance algorithm for video 461076705
2019-08-03T10:08:55.406Z: Client PremiumPineapple made a request
2019-08-03T10:08:57.094Z: Client account is activated, premium, has 0 pending requests
2019-08-03T10:08:57.097Z: Received request for analysing video: 461076705
2019-08-03T10:08:57.098Z: RechatTool is still running for 461076705!
2019-08-03T10:08:57.098Z: Running advance algorithm for video 461076705
2019-08-03T10:09:35.608Z: Client PremiumPineapple made a request
2019-08-03T10:09:35.611Z: Client account is activated, premium, has 0 pending requests
2019-08-03T10:09:35.612Z: Received request for analysing video: 461076705
2019-08-03T10:09:35.612Z: RechatTool has stopped for 461076705!
2019-08-03T10:09:35.613Z: Running advance algorithm for video 461076705
2019-08-03T10:09:40.826Z: Client PremiumPineapple made a request
2019-08-03T10:09:41.263Z: Client account is activated, premium, has 0 pending requests
2019-08-03T10:09:41.467Z: Received request for analysing video: 461076705
2019-08-03T10:09:41.670Z: RechatTool has stopped for 461076705!
2019-08-03T10:09:41.670Z: Running advance algorithm for video 461076705
2019-08-03T10:09:47.467Z: Client PremiumPineapple made a request
2019-08-03T10:09:51.079Z: Client account is activated, premium, has 0 pending requests
2019-08-03T10:09:51.082Z: Received request for analysing video: 461076705
2019-08-03T10:09:51.084Z: RechatTool has stopped for 461076705!
2019-08-03T10:09:51.084Z: Running advance algorithm for video 461076705
2019-08-03T10:10:14.682Z: Client PremiumPineapple made a request
2019-08-03T10:10:14.686Z: Client account is activated, premium, has 0 pending requests
2019-08-03T10:10:14.686Z: Received request for analysing video: 461076705
2019-08-03T10:10:14.687Z: RechatTool has stopped for 461076705!
2019-08-03T10:10:14.687Z: Running advance algorithm for video 461076705
2019-08-03T10:10:34.033Z: Client PremiumPineapple made a request
2019-08-03T10:10:34.036Z: Client account is activated, premium, has 0 pending requests
2019-08-03T10:10:34.036Z: Received request for analysing video: 461076705
2019-08-03T10:10:34.037Z: RechatTool has stopped for 461076705!
2019-08-03T10:10:34.037Z: Running advance algorithm for video 461076705
2019-08-03T10:10:42.725Z: Client PremiumPineapple made a request
2019-08-03T10:10:42.728Z: Client account is activated, premium, has 0 pending requests
2019-08-03T10:10:42.729Z: Received request for analysing video: 461076705
2019-08-03T10:10:42.729Z: RechatTool has stopped for 461076705!
2019-08-03T10:10:42.730Z: Running advance algorithm for video 461076705
2019-08-03T12:44:16.791Z: Client PremiumPineapple made a request
2019-08-03T12:44:19.354Z: Client account is activated, premium, has 0 pending requests
2019-08-03T12:44:19.358Z: Received request for analysing video: 461476862
2019-08-03T12:44:19.369Z: File 461476862.done does not exist! Running RechatTool...
2019-08-03T12:44:20.660Z: Client PremiumPineapple made a request
2019-08-03T12:44:22.341Z: Client account is activated, premium, has 0 pending requests
2019-08-03T12:44:22.348Z: Received request for analysing video: 461476862
2019-08-03T12:44:22.349Z: RechatTool is still running for 461476862!
2019-08-03T12:44:22.349Z: Running advance algorithm for video 461476862
2019-08-03T12:44:23.749Z: Client PremiumPineapple made a request
2019-08-03T12:44:23.801Z: While running advanceFinder(): Error: Command failed: python advance_finder.py 461476862.txt 461476862advanceresults.txt 461476862durations.txt 5 50
Traceback (most recent call last):
  File "advance_finder.py", line 27, in <module>
    timestamp, signal = readfile(sys.argv[1])
  File "advance_finder.py", line 9, in readfile
    with open(filename, "r", encoding='utf8') as f:
FileNotFoundError: [Errno 2] No such file or directory: '461476862.txt'

2019-08-03T12:44:25.455Z: Client account is activated, premium, has 0 pending requests
2019-08-03T12:44:25.458Z: Received request for analysing video: 461476862
2019-08-03T12:44:25.459Z: RechatTool is still running for 461476862!
2019-08-03T12:44:25.460Z: Running advance algorithm for video 461476862
2019-08-03T12:44:33.270Z: Client PremiumPineapple made a request
2019-08-03T12:44:34.963Z: Client account is activated, premium, has 0 pending requests
2019-08-03T12:44:34.966Z: Received request for analysing video: 461476862
2019-08-03T12:44:34.967Z: RechatTool is still running for 461476862!
2019-08-03T12:44:34.967Z: Running advance algorithm for video 461476862
2019-08-03T12:45:03.843Z: Client PremiumPineapple made a request
2019-08-03T12:45:03.847Z: Client account is activated, premium, has 0 pending requests
2019-08-03T12:45:03.847Z: Received request for analysing video: 461476862
2019-08-03T12:45:03.848Z: RechatTool is still running for 461476862!
2019-08-03T12:45:03.848Z: Running advance algorithm for video 461476862
2019-08-03T12:45:40.284Z: Client PremiumPineapple made a request
2019-08-03T12:45:40.287Z: Client account is activated, premium, has 0 pending requests
2019-08-03T12:45:40.288Z: Received request for analysing video: 461476862
2019-08-03T12:45:40.288Z: RechatTool is still running for 461476862!
2019-08-03T12:45:40.288Z: Running advance algorithm for video 461476862
2019-08-03T12:46:21.617Z: Client PremiumPineapple made a request
2019-08-03T12:46:21.621Z: Client account is activated, premium, has 0 pending requests
2019-08-03T12:46:21.623Z: Received request for analysing video: 461476862
2019-08-03T12:46:21.624Z: RechatTool is still running for 461476862!
2019-08-03T12:46:21.624Z: Running advance algorithm for video 461476862
2019-08-03T12:47:05.113Z: Client PremiumPineapple made a request
2019-08-03T12:47:05.117Z: Client account is activated, premium, has 0 pending requests
2019-08-03T12:47:05.118Z: Received request for analysing video: 461476862
2019-08-03T12:47:05.119Z: RechatTool has stopped for 461476862!
2019-08-03T12:47:05.119Z: Running advance algorithm for video 461476862
2019-08-03T12:47:26.862Z: Client PremiumPineapple made a request
2019-08-03T12:47:28.556Z: Client account is activated, premium, has 0 pending requests
2019-08-03T12:47:28.558Z: Received request for analysing video: 461476862
2019-08-03T12:47:28.559Z: RechatTool has stopped for 461476862!
2019-08-03T12:47:28.559Z: Running advance algorithm for video 461476862
2019-08-03T12:49:04.899Z: Client PremiumPineapple made a request
2019-08-03T12:49:04.903Z: Client account is activated, premium, has 0 pending requests
2019-08-03T12:49:04.904Z: Received request for analysing video: 461476862
2019-08-03T12:49:04.904Z: RechatTool has stopped for 461476862!
2019-08-03T12:49:04.904Z: Running advance algorithm for video 461476862
2019-08-03T12:52:18.159Z: Client PremiumPineapple made a request
2019-08-03T12:52:20.589Z: Client account is activated, premium, has 0 pending requests
2019-08-03T12:52:20.593Z: Received request for analysing video: 461476862
2019-08-03T12:52:20.594Z: RechatTool has stopped for 461476862!
2019-08-03T12:52:20.594Z: Running advance algorithm for video 461476862
2019-08-03T12:53:35.050Z: Client PremiumPineapple made a request
2019-08-03T12:53:35.054Z: Client account is activated, premium, has 0 pending requests
2019-08-03T12:53:35.054Z: Received request for analysing video: 461476862
2019-08-03T12:53:35.055Z: RechatTool has stopped for 461476862!
2019-08-03T12:53:35.055Z: Running advance algorithm for video 461476862
2019-08-03T12:53:43.266Z: Client PremiumPineapple made a request
2019-08-03T12:53:47.126Z: Client account is activated, premium, has 0 pending requests
2019-08-03T12:53:47.532Z: Received request for analysing video: 461476862
2019-08-03T12:53:47.750Z: RechatTool has stopped for 461476862!
2019-08-03T12:53:47.969Z: Running advance algorithm for video 461476862
2019-08-03T13:00:24.574Z: Client PremiumPineapple made a request
2019-08-03T13:00:27.068Z: Client account is activated, premium, has 0 pending requests
2019-08-03T13:00:27.071Z: Received request for analysing video: 461476862
2019-08-03T13:00:27.072Z: RechatTool has stopped for 461476862!
2019-08-03T13:00:27.072Z: Running advance algorithm for video 461476862
2019-08-03T13:16:04.753Z: Client PremiumPineapple made a request
2019-08-03T13:16:07.433Z: Client account is activated, premium, has 0 pending requests
2019-08-03T13:16:07.436Z: Received request for analysing video: 460912245
2019-08-03T13:16:07.437Z: RechatTool has stopped for 460912245!
2019-08-03T13:16:07.437Z: Running advance algorithm for video 460912245
2019-08-03T13:17:15.823Z: Client 729d4829-843c-4e7f-945e-614a9fb3d2bc made a request
2019-08-03T13:17:15.952Z: Client account is activated, not premium, has 0 pending requests
2019-08-03T13:17:15.952Z: Request Error: Not premium
2019-08-03T13:17:16.202Z: Client 43ff23c3-d825-49ec-89b6-2defe2b6d224 made a request
2019-08-03T13:17:17.051Z: Client account is activated, not premium, has 0 pending requests
2019-08-03T13:17:17.051Z: Request Error: Not premium
2019-08-03T13:17:23.418Z: Client 43ff23c3-d825-49ec-89b6-2defe2b6d224 made a request
2019-08-03T13:17:24.351Z: Client 43ff23c3-d825-49ec-89b6-2defe2b6d224 made a request
2019-08-03T13:17:25.112Z: Client account is activated, not premium, has 0 pending requests
2019-08-03T13:17:25.112Z: Request Error: Not premium
2019-08-03T13:17:26.036Z: Client account is activated, not premium, has 0 pending requests
2019-08-03T13:17:26.037Z: Request Error: Not premium
2019-08-03T13:17:26.826Z: Client 43ff23c3-d825-49ec-89b6-2defe2b6d224 made a request
2019-08-03T13:17:28.518Z: Client account is activated, not premium, has 0 pending requests
2019-08-03T13:17:28.518Z: Request Error: Not premium
2019-08-03T13:17:28.814Z: Client 43ff23c3-d825-49ec-89b6-2defe2b6d224 made a request
2019-08-03T13:17:30.502Z: Client account is activated, not premium, has 0 pending requests
2019-08-03T13:17:30.502Z: Request Error: Not premium
2019-08-03T13:17:31.858Z: Client 43ff23c3-d825-49ec-89b6-2defe2b6d224 made a request
2019-08-03T13:17:33.563Z: Client account is activated, not premium, has 0 pending requests
2019-08-03T13:17:33.564Z: Request Error: Not premium
2019-08-03T13:17:33.910Z: Client 43ff23c3-d825-49ec-89b6-2defe2b6d224 made a request
2019-08-03T13:17:35.053Z: Client 43ff23c3-d825-49ec-89b6-2defe2b6d224 made a request
2019-08-03T13:17:35.595Z: Client account is activated, not premium, has 0 pending requests
2019-08-03T13:17:35.599Z: Received request for analysing video: 461441818
2019-08-03T13:17:35.607Z: File 461441818.done does not exist! Running RechatTool...
2019-08-03T13:17:36.737Z: Client 43ff23c3-d825-49ec-89b6-2defe2b6d224 made a request
2019-08-03T13:17:37.158Z: Client account is activated, not premium, has 0 pending requests
2019-08-03T13:17:37.158Z: Request Error: Not premium
2019-08-03T13:17:37.411Z: Client 43ff23c3-d825-49ec-89b6-2defe2b6d224 made a request
2019-08-03T13:17:38.409Z: Client account is activated, not premium, has 0 pending requests
2019-08-03T13:17:38.409Z: Request Error: Not premium
2019-08-03T13:17:38.510Z: Client 43ff23c3-d825-49ec-89b6-2defe2b6d224 made a request
2019-08-03T13:17:39.059Z: Client 43ff23c3-d825-49ec-89b6-2defe2b6d224 made a request
2019-08-03T13:17:39.105Z: Client account is activated, not premium, has 0 pending requests
2019-08-03T13:17:39.114Z: Received request for analysing video: 461441818
2019-08-03T13:17:39.116Z: RechatTool is still running for 461441818!
2019-08-03T13:17:39.116Z: Running basic algorithm for video 461441818
2019-08-03T13:17:39.207Z: While running highlightFinder(): Error: Command failed: highlight_finder.exe 461441818.txt 461441818results.txt 6 2 5

2019-08-03T13:17:40.189Z: Client account is activated, not premium, has 0 pending requests
2019-08-03T13:17:40.189Z: Request Error: Not premium
2019-08-03T13:17:40.402Z: Client 43ff23c3-d825-49ec-89b6-2defe2b6d224 made a request
2019-08-03T13:17:40.827Z: Client account is activated, not premium, has 0 pending requests
2019-08-03T13:17:40.828Z: Request Error: Not premium
2019-08-03T13:17:42.080Z: Client account is activated, not premium, has 0 pending requests
2019-08-03T13:17:42.081Z: Request Error: Not premium
2019-08-03T13:17:42.257Z: Client 43ff23c3-d825-49ec-89b6-2defe2b6d224 made a request
2019-08-03T13:17:42.707Z: Client 43ff23c3-d825-49ec-89b6-2defe2b6d224 made a request
2019-08-03T13:17:42.964Z: Client 43ff23c3-d825-49ec-89b6-2defe2b6d224 made a request
2019-08-03T13:17:43.971Z: Client account is activated, not premium, has 0 pending requests
2019-08-03T13:17:43.974Z: Received request for analysing video: 461441818
2019-08-03T13:17:43.975Z: RechatTool is still running for 461441818!
2019-08-03T13:17:43.975Z: Running basic algorithm for video 461441818
2019-08-03T13:17:44.394Z: Client account is activated, not premium, has 0 pending requests
2019-08-03T13:17:44.397Z: Received request for analysing video: 461441818
2019-08-03T13:17:44.398Z: RechatTool is still running for 461441818!
2019-08-03T13:17:44.398Z: Running basic algorithm for video 461441818
2019-08-03T13:17:44.966Z: Client account is activated, not premium, has 0 pending requests
2019-08-03T13:17:44.966Z: Request Error: Not premium
2019-08-03T13:17:51.112Z: Client 43ff23c3-d825-49ec-89b6-2defe2b6d224 made a request
2019-08-03T13:17:51.115Z: Client account is activated, not premium, has 0 pending requests
2019-08-03T13:17:51.116Z: Received request for analysing video: 461441818
2019-08-03T13:17:51.116Z: RechatTool is still running for 461441818!
2019-08-03T13:17:51.117Z: Running basic algorithm for video 461441818
2019-08-03T13:17:51.506Z: Client 43ff23c3-d825-49ec-89b6-2defe2b6d224 made a request
2019-08-03T13:17:51.509Z: Client account is activated, not premium, has 0 pending requests
2019-08-03T13:17:51.513Z: Received request for analysing video: 461441818
2019-08-03T13:17:51.514Z: RechatTool is still running for 461441818!
2019-08-03T13:17:51.514Z: Running basic algorithm for video 461441818
2019-08-03T13:17:51.951Z: Client 43ff23c3-d825-49ec-89b6-2defe2b6d224 made a request
2019-08-03T13:17:53.643Z: Client account is activated, not premium, has 0 pending requests
2019-08-03T13:17:53.643Z: Request Error: Not premium
2019-08-03T13:18:03.554Z: Client 43ff23c3-d825-49ec-89b6-2defe2b6d224 made a request
2019-08-03T13:18:03.557Z: Client account is activated, not premium, has 0 pending requests
2019-08-03T13:18:03.558Z: Received request for analysing video: 461441818
2019-08-03T13:18:03.558Z: RechatTool is still running for 461441818!
2019-08-03T13:18:03.558Z: Running basic algorithm for video 461441818
2019-08-03T13:18:10.749Z: Client 43ff23c3-d825-49ec-89b6-2defe2b6d224 made a request
2019-08-03T13:18:10.753Z: Client account is activated, not premium, has 0 pending requests
2019-08-03T13:18:10.754Z: Received request for analysing video: 461441818
2019-08-03T13:18:10.755Z: RechatTool is still running for 461441818!
2019-08-03T13:18:10.756Z: Running basic algorithm for video 461441818
2019-08-03T13:18:18.344Z: Client 43ff23c3-d825-49ec-89b6-2defe2b6d224 made a request
2019-08-03T13:18:18.347Z: Client account is activated, not premium, has 0 pending requests
2019-08-03T13:18:18.348Z: Received request for analysing video: 461441818
2019-08-03T13:18:18.348Z: RechatTool is still running for 461441818!
2019-08-03T13:18:18.349Z: Running basic algorithm for video 461441818
2019-08-03T13:18:22.563Z: Client 43ff23c3-d825-49ec-89b6-2defe2b6d224 made a request
2019-08-03T13:18:22.567Z: Client account is activated, not premium, has 0 pending requests
2019-08-03T13:18:22.568Z: Request Error: Not premium
2019-08-03T13:18:23.377Z: Client 43ff23c3-d825-49ec-89b6-2defe2b6d224 made a request
2019-08-03T13:18:23.381Z: Client account is activated, not premium, has 0 pending requests
2019-08-03T13:18:23.381Z: Request Error: Not premium
2019-08-03T13:18:25.607Z: Client 43ff23c3-d825-49ec-89b6-2defe2b6d224 made a request
2019-08-03T13:18:25.610Z: Client account is activated, not premium, has 0 pending requests
2019-08-03T13:18:25.611Z: Received request for analysing video: 461441818
2019-08-03T13:18:25.612Z: RechatTool is still running for 461441818!
2019-08-03T13:18:25.613Z: Running basic algorithm for video 461441818
2019-08-03T13:18:32.945Z: Client 43ff23c3-d825-49ec-89b6-2defe2b6d224 made a request
2019-08-03T13:18:32.949Z: Client account is activated, not premium, has 0 pending requests
2019-08-03T13:18:32.952Z: Received request for analysing video: 461441818
2019-08-03T13:18:32.952Z: RechatTool is still running for 461441818!
2019-08-03T13:18:32.953Z: Running basic algorithm for video 461441818
2019-08-03T13:18:40.268Z: Client 43ff23c3-d825-49ec-89b6-2defe2b6d224 made a request
2019-08-03T13:18:40.271Z: Client account is activated, not premium, has 0 pending requests
2019-08-03T13:18:40.272Z: Received request for analysing video: 461441818
2019-08-03T13:18:40.273Z: RechatTool is still running for 461441818!
2019-08-03T13:18:40.273Z: Running basic algorithm for video 461441818
2019-08-03T13:18:47.600Z: Client 43ff23c3-d825-49ec-89b6-2defe2b6d224 made a request
2019-08-03T13:18:47.607Z: Client account is activated, not premium, has 0 pending requests
2019-08-03T13:18:47.608Z: Received request for analysing video: 461441818
2019-08-03T13:18:47.609Z: RechatTool is still running for 461441818!
2019-08-03T13:18:47.610Z: Running basic algorithm for video 461441818
2019-08-03T13:19:06.776Z: Client 43ff23c3-d825-49ec-89b6-2defe2b6d224 made a request
2019-08-03T13:19:06.780Z: Client account is activated, not premium, has 0 pending requests
2019-08-03T13:19:06.780Z: Received request for analysing video: 461441818
2019-08-03T13:19:06.781Z: RechatTool is still running for 461441818!
2019-08-03T13:19:06.783Z: Running basic algorithm for video 461441818
2019-08-03T13:19:15.837Z: Client 43ff23c3-d825-49ec-89b6-2defe2b6d224 made a request
2019-08-03T13:19:15.843Z: Client account is activated, not premium, has 0 pending requests
2019-08-03T13:19:15.843Z: Request Error: Not premium
2019-08-03T13:19:16.094Z: Client 43ff23c3-d825-49ec-89b6-2defe2b6d224 made a request
2019-08-03T13:19:16.098Z: Client account is activated, not premium, has 0 pending requests
2019-08-03T13:19:16.098Z: Received request for analysing video: 461441818
2019-08-03T13:19:16.099Z: RechatTool is still running for 461441818!
2019-08-03T13:19:16.099Z: Running basic algorithm for video 461441818
2019-08-03T13:20:02.055Z: Client 43ff23c3-d825-49ec-89b6-2defe2b6d224 made a request
2019-08-03T13:20:02.059Z: Client account is activated, not premium, has 0 pending requests
2019-08-03T13:20:02.059Z: Request Error: Not premium
2019-08-03T13:20:02.379Z: Client 43ff23c3-d825-49ec-89b6-2defe2b6d224 made a request
2019-08-03T13:20:02.382Z: Client account is activated, not premium, has 0 pending requests
2019-08-03T13:20:02.383Z: Request Error: Not premium
2019-08-03T13:20:03.118Z: Client 43ff23c3-d825-49ec-89b6-2defe2b6d224 made a request
2019-08-03T13:20:03.124Z: Client account is activated, not premium, has 0 pending requests
2019-08-03T13:20:03.124Z: Request Error: Not premium
2019-08-03T13:21:07.441Z: Client 43ff23c3-d825-49ec-89b6-2defe2b6d224 made a request
2019-08-03T13:21:07.445Z: Client account is activated, not premium, has 0 pending requests
2019-08-03T13:21:07.445Z: Received request for analysing video: 461441818
2019-08-03T13:21:07.446Z: RechatTool has stopped for 461441818!
2019-08-03T13:21:07.446Z: Running basic algorithm for video 461441818
2019-08-03T13:21:14.040Z: Client 43ff23c3-d825-49ec-89b6-2defe2b6d224 made a request
2019-08-03T13:21:14.044Z: Client account is activated, not premium, has 0 pending requests
2019-08-03T13:21:14.044Z: Request Error: Not premium
2019-08-03T13:21:37.336Z: Client 43ff23c3-d825-49ec-89b6-2defe2b6d224 made a request
2019-08-03T13:21:38.190Z: Client account is activated, not premium, has 0 pending requests
2019-08-03T13:21:38.193Z: Received request for analysing video: 461441818
2019-08-03T13:21:38.194Z: RechatTool has stopped for 461441818!
2019-08-03T13:21:38.194Z: Running basic algorithm for video 461441818
2019-08-03T13:22:05.361Z: Client 43ff23c3-d825-49ec-89b6-2defe2b6d224 made a request
2019-08-03T13:22:05.364Z: Client account is activated, not premium, has 0 pending requests
2019-08-03T13:22:05.366Z: Received request for analysing video: 461441818
2019-08-03T13:22:05.367Z: RechatTool has stopped for 461441818!
2019-08-03T13:22:05.367Z: Running basic algorithm for video 461441818
2019-08-03T13:23:00.637Z: Client 43ff23c3-d825-49ec-89b6-2defe2b6d224 made a request
2019-08-03T13:23:00.642Z: Client account is activated, not premium, has 0 pending requests
2019-08-03T13:23:00.642Z: Request Error: Not premium
2019-08-03T13:23:01.372Z: Client 43ff23c3-d825-49ec-89b6-2defe2b6d224 made a request
2019-08-03T13:23:01.375Z: Client account is activated, not premium, has 0 pending requests
2019-08-03T13:23:01.375Z: Request Error: Not premium
2019-08-03T13:23:01.973Z: Client 43ff23c3-d825-49ec-89b6-2defe2b6d224 made a request
2019-08-03T13:23:01.977Z: Client account is activated, not premium, has 0 pending requests
2019-08-03T13:23:01.977Z: Request Error: Not premium
2019-08-03T13:23:02.105Z: Client 43ff23c3-d825-49ec-89b6-2defe2b6d224 made a request
2019-08-03T13:23:02.108Z: Client account is activated, not premium, has 0 pending requests
2019-08-03T13:23:02.108Z: Request Error: Not premium
2019-08-03T13:23:02.204Z: Client 43ff23c3-d825-49ec-89b6-2defe2b6d224 made a request
2019-08-03T13:23:02.209Z: Client account is activated, not premium, has 0 pending requests
2019-08-03T13:23:02.209Z: Request Error: Not premium
2019-08-03T13:23:05.714Z: Client 43ff23c3-d825-49ec-89b6-2defe2b6d224 made a request
2019-08-03T13:23:07.400Z: Client account is activated, not premium, has 0 pending requests
2019-08-03T13:23:07.400Z: Request Error: Not premium
2019-08-03T13:23:08.805Z: Client 43ff23c3-d825-49ec-89b6-2defe2b6d224 made a request
2019-08-03T13:23:10.493Z: Client account is activated, not premium, has 0 pending requests
2019-08-03T13:23:10.494Z: Request Error: Not premium
2019-08-03T13:23:23.339Z: Client 43ff23c3-d825-49ec-89b6-2defe2b6d224 made a request
2019-08-03T13:23:25.025Z: Client account is activated, not premium, has 0 pending requests
2019-08-03T13:23:25.025Z: Request Error: Not premium
2019-08-03T13:23:25.718Z: Client 43ff23c3-d825-49ec-89b6-2defe2b6d224 made a request
2019-08-03T13:23:27.400Z: Client account is activated, not premium, has 0 pending requests
2019-08-03T13:23:27.401Z: Request Error: Not premium
2019-08-03T13:23:38.249Z: Client 43ff23c3-d825-49ec-89b6-2defe2b6d224 made a request
2019-08-03T13:23:38.252Z: Client account is activated, not premium, has 0 pending requests
2019-08-03T13:23:38.252Z: Request Error: Not premium
2019-08-03T13:23:38.477Z: Client 43ff23c3-d825-49ec-89b6-2defe2b6d224 made a request
2019-08-03T13:23:38.480Z: Client account is activated, not premium, has 0 pending requests
2019-08-03T13:23:38.480Z: Request Error: Not premium
2019-08-03T13:23:38.671Z: Client 43ff23c3-d825-49ec-89b6-2defe2b6d224 made a request
2019-08-03T13:23:38.675Z: Client account is activated, not premium, has 0 pending requests
2019-08-03T13:23:38.675Z: Request Error: Not premium
2019-08-03T13:23:57.553Z: Client 43ff23c3-d825-49ec-89b6-2defe2b6d224 made a request
2019-08-03T13:23:57.575Z: Client account is activated, not premium, has 0 pending requests
2019-08-03T13:23:57.575Z: Request Error: Not premium
2019-08-03T13:24:12.357Z: Client 43ff23c3-d825-49ec-89b6-2defe2b6d224 made a request
2019-08-03T13:24:12.381Z: Client account is activated, not premium, has 0 pending requests
2019-08-03T13:24:12.382Z: Request Error: Not premium
2019-08-03T13:25:13.559Z: Client 43ff23c3-d825-49ec-89b6-2defe2b6d224 made a request
2019-08-03T13:25:13.563Z: Client account is activated, not premium, has 0 pending requests
2019-08-03T13:25:13.564Z: Received request for analysing video: 461441818
2019-08-03T13:25:13.565Z: RechatTool has stopped for 461441818!
2019-08-03T13:25:13.565Z: Running basic algorithm for video 461441818
2019-08-03T13:25:14.434Z: Client 43ff23c3-d825-49ec-89b6-2defe2b6d224 made a request
2019-08-03T13:25:14.437Z: Client account is activated, not premium, has 0 pending requests
2019-08-03T13:25:14.438Z: Request Error: Not premium
2019-08-03T13:25:19.262Z: Client 43ff23c3-d825-49ec-89b6-2defe2b6d224 made a request
2019-08-03T13:25:20.109Z: Client account is activated, not premium, has 0 pending requests
2019-08-03T13:25:20.113Z: Received request for analysing video: 461441818
2019-08-03T13:25:20.113Z: RechatTool has stopped for 461441818!
2019-08-03T13:25:20.114Z: Running basic algorithm for video 461441818
2019-08-03T13:25:43.817Z: Client 43ff23c3-d825-49ec-89b6-2defe2b6d224 made a request
2019-08-03T13:25:43.822Z: Client account is activated, not premium, has 0 pending requests
2019-08-03T13:25:43.822Z: Request Error: Not premium
2019-08-03T13:25:44.544Z: Client 43ff23c3-d825-49ec-89b6-2defe2b6d224 made a request
2019-08-03T13:25:44.547Z: Client account is activated, not premium, has 0 pending requests
2019-08-03T13:25:44.547Z: Request Error: Not premium
2019-08-03T13:26:07.185Z: Client 43ff23c3-d825-49ec-89b6-2defe2b6d224 made a request
2019-08-03T13:26:07.193Z: Client account is activated, not premium, has 0 pending requests
2019-08-03T13:26:07.194Z: Received request for analysing video: 460968630
2019-08-03T13:26:07.219Z: File 460968630.done does not exist! Running RechatTool...
2019-08-03T13:26:07.223Z: Client 43ff23c3-d825-49ec-89b6-2defe2b6d224 made a request
2019-08-03T13:26:07.317Z: Client account is activated, not premium, has 0 pending requests
2019-08-03T13:26:07.319Z: Request Error: Not premium
2019-08-03T13:26:09.713Z: Client 43ff23c3-d825-49ec-89b6-2defe2b6d224 made a request
2019-08-03T13:26:09.716Z: Client account is activated, not premium, has 0 pending requests
2019-08-03T13:26:09.716Z: Request Error: Not premium
2019-08-03T13:26:10.275Z: Client 43ff23c3-d825-49ec-89b6-2defe2b6d224 made a request
2019-08-03T13:26:11.038Z: Client 43ff23c3-d825-49ec-89b6-2defe2b6d224 made a request
2019-08-03T13:26:11.968Z: Client account is activated, not premium, has 0 pending requests
2019-08-03T13:26:11.969Z: Request Error: Not premium
2019-08-03T13:26:12.718Z: Client account is activated, not premium, has 0 pending requests
2019-08-03T13:26:12.718Z: Request Error: Not premium
2019-08-03T13:26:20.817Z: Client 43ff23c3-d825-49ec-89b6-2defe2b6d224 made a request
2019-08-03T13:26:20.822Z: Client account is activated, not premium, has 0 pending requests
2019-08-03T13:26:20.822Z: Request Error: Not premium
2019-08-03T13:26:30.687Z: Client 43ff23c3-d825-49ec-89b6-2defe2b6d224 made a request
2019-08-03T13:26:30.691Z: Client account is activated, not premium, has 0 pending requests
2019-08-03T13:26:30.692Z: Request Error: Not premium
2019-08-03T13:26:30.742Z: Client 43ff23c3-d825-49ec-89b6-2defe2b6d224 made a request
2019-08-03T13:26:30.781Z: Client 43ff23c3-d825-49ec-89b6-2defe2b6d224 made a request
2019-08-03T13:26:30.900Z: Client 43ff23c3-d825-49ec-89b6-2defe2b6d224 made a request
2019-08-03T13:26:32.471Z: Client account is activated, not premium, has 0 pending requests
2019-08-03T13:26:32.471Z: Request Error: Not premium
2019-08-03T13:26:32.474Z: Client account is activated, not premium, has 0 pending requests
2019-08-03T13:26:32.474Z: Request Error: Not premium
2019-08-03T13:26:32.594Z: Client account is activated, not premium, has 0 pending requests
2019-08-03T13:26:32.594Z: Request Error: Not premium
2019-08-03T13:27:08.861Z: Client 43ff23c3-d825-49ec-89b6-2defe2b6d224 made a request
2019-08-03T13:27:08.886Z: Client account is activated, not premium, has 0 pending requests
2019-08-03T13:27:08.886Z: Request Error: Not premium
2019-08-03T13:27:08.989Z: Client 43ff23c3-d825-49ec-89b6-2defe2b6d224 made a request
2019-08-03T13:27:09.006Z: Client account is activated, not premium, has 0 pending requests
2019-08-03T13:27:09.006Z: Request Error: Not premium
2019-08-03T13:31:21.292Z: Client PremiumPineapple made a request
2019-08-03T13:31:21.438Z: Client PremiumPineapple made a request
2019-08-03T13:31:22.190Z: Client account is activated, premium, has 0 pending requests
2019-08-03T13:31:22.194Z: Received request for analysing video: 461441818
2019-08-03T13:31:22.195Z: RechatTool has stopped for 461441818!
2019-08-03T13:31:22.195Z: Running advance algorithm for video 461441818
2019-08-03T13:31:29.401Z: Client account is activated, premium, has 0 pending requests
2019-08-03T13:31:29.807Z: Received request for analysing video: 461441818
2019-08-03T13:31:30.010Z: RechatTool has stopped for 461441818!
2019-08-03T13:31:30.213Z: Running advance algorithm for video 461441818
2019-08-03T13:32:38.383Z: Client PremiumPineapple made a request
2019-08-03T13:32:38.387Z: Client account is activated, premium, has 0 pending requests
2019-08-03T13:32:38.388Z: Received request for analysing video: 461441818
2019-08-03T13:32:38.389Z: RechatTool has stopped for 461441818!
2019-08-03T13:32:38.389Z: Running advance algorithm for video 461441818
2019-08-03T13:32:39.165Z: Client PremiumPineapple made a request
2019-08-03T13:32:42.103Z: Client account is activated, premium, has 0 pending requests
2019-08-03T13:32:42.525Z: Received request for analysing video: 461441818
2019-08-03T13:32:42.728Z: RechatTool has stopped for 461441818!
2019-08-03T13:32:42.931Z: Running advance algorithm for video 461441818
2019-08-03T13:33:29.955Z: Client PremiumPineapple made a request
2019-08-03T13:33:29.959Z: Client account is activated, premium, has 0 pending requests
2019-08-03T13:33:29.962Z: Received request for analysing video: 461441818
2019-08-03T13:33:29.963Z: RechatTool has stopped for 461441818!
2019-08-03T13:33:29.963Z: Running advance algorithm for video 461441818
2019-08-03T13:33:31.353Z: Client PremiumPineapple made a request
2019-08-03T13:33:32.181Z: Client account is activated, premium, has 0 pending requests
2019-08-03T13:33:32.384Z: Received request for analysing video: 461441818
2019-08-03T13:33:32.587Z: RechatTool has stopped for 461441818!
2019-08-03T13:33:32.790Z: Running advance algorithm for video 461441818
2019-08-03T13:33:38.009Z: Client PremiumPineapple made a request
2019-08-03T13:33:40.446Z: Client account is activated, premium, has 0 pending requests
2019-08-03T13:33:40.854Z: Received request for analysing video: 461441818
2019-08-03T13:33:40.855Z: RechatTool has stopped for 461441818!
2019-08-03T13:33:41.277Z: Running advance algorithm for video 461441818
2019-08-03T13:33:49.212Z: Client PremiumPineapple made a request
2019-08-03T13:33:50.056Z: Client PremiumPineapple made a request
2019-08-03T13:33:50.462Z: Client PremiumPineapple made a request
2019-08-03T13:34:02.275Z: Client PremiumPineapple made a request
2019-08-03T13:34:11.042Z: Client account is activated, premium, has 0 pending requests
2019-08-03T13:34:11.248Z: Received request for analysing video: 461441818
2019-08-03T13:34:11.282Z: RechatTool has stopped for 461441818!
2019-08-03T13:34:11.291Z: Running advance algorithm for video 461441818
2019-08-03T13:34:11.300Z: Client account is activated, premium, has 0 pending requests
2019-08-03T13:34:11.332Z: Received request for analysing video: 461441818
2019-08-03T13:34:11.350Z: RechatTool has stopped for 461441818!
2019-08-03T13:34:11.352Z: Running basic algorithm for video 461441818
2019-08-03T13:34:11.360Z: Client account is activated, premium, has 0 pending requests
2019-08-03T13:34:11.387Z: Received request for analysing video: 461441818
2019-08-03T13:34:11.398Z: RechatTool has stopped for 461441818!
2019-08-03T13:34:12.016Z: Running advance algorithm for video 461441818
2019-08-03T13:34:12.085Z: Client account is activated, premium, has 0 pending requests
2019-08-03T13:34:12.088Z: Received request for analysing video: 461441818
2019-08-03T13:34:12.128Z: RechatTool has stopped for 461441818!
2019-08-03T13:34:12.135Z: Running basic algorithm for video 461441818
2019-08-03T13:34:20.228Z: Client PremiumPineapple made a request
2019-08-03T13:34:27.903Z: Client PremiumPineapple made a request
2019-08-03T13:34:40.754Z: Client account is activated, premium, has 0 pending requests
2019-08-03T13:34:40.757Z: Received request for analysing video: 461441818
2019-08-03T13:34:40.758Z: RechatTool has stopped for 461441818!
2019-08-03T13:34:40.758Z: Running advance algorithm for video 461441818
2019-08-03T13:34:40.764Z: Client account is activated, premium, has 0 pending requests
2019-08-03T13:34:40.766Z: Received request for analysing video: 461441818
2019-08-03T13:34:40.768Z: RechatTool has stopped for 461441818!
2019-08-03T13:34:40.769Z: Running advance algorithm for video 461441818
2019-08-03T13:35:07.992Z: Client PremiumPineapple made a request
2019-08-03T13:35:08.010Z: Client PremiumPineapple made a request
2019-08-03T13:35:08.023Z: Client account is activated, premium, has 0 pending requests
2019-08-03T13:35:08.023Z: Received request for analysing video: 461441818
2019-08-03T13:35:08.024Z: RechatTool has stopped for 461441818!
2019-08-03T13:35:08.024Z: Running advance algorithm for video 461441818
2019-08-03T13:35:08.032Z: Client account is activated, premium, has 0 pending requests
2019-08-03T13:35:08.033Z: Received request for analysing video: 461441818
2019-08-03T13:35:08.034Z: RechatTool has stopped for 461441818!
2019-08-03T13:35:08.037Z: Running advance algorithm for video 461441818
2019-08-03T13:37:01.159Z: Client PremiumPineapple made a request
2019-08-03T13:37:01.165Z: Client account is activated, premium, has 0 pending requests
2019-08-03T13:37:01.168Z: Received request for analysing video: 461441818
2019-08-03T13:37:01.169Z: RechatTool has stopped for 461441818!
2019-08-03T13:37:01.169Z: Running advance algorithm for video 461441818
2019-08-03T13:37:04.145Z: Client PremiumPineapple made a request
2019-08-03T13:37:04.551Z: Client PremiumPineapple made a request
2019-08-03T13:37:04.765Z: Client PremiumPineapple made a request
2019-08-03T13:37:04.973Z: Client PremiumPineapple made a request
2019-08-03T13:37:13.738Z: Client account is activated, premium, has 0 pending requests
2019-08-03T13:37:13.943Z: Received request for analysing video: 461441818
2019-08-03T13:37:13.943Z: RechatTool has stopped for 461441818!
2019-08-03T13:37:14.146Z: Running advance algorithm for video 461441818
2019-08-03T13:37:15.642Z: Client account is activated, premium, has 0 pending requests
2019-08-03T13:37:15.863Z: Received request for analysing video: 461441818
2019-08-03T13:37:16.144Z: RechatTool has stopped for 461441818!
2019-08-03T13:37:16.348Z: Running advance algorithm for video 461441818
2019-08-03T13:37:16.552Z: Client account is activated, premium, has 0 pending requests
2019-08-03T13:37:16.754Z: Received request for analysing video: 461441818
2019-08-03T13:37:16.755Z: RechatTool has stopped for 461441818!
2019-08-03T13:37:16.973Z: Running advance algorithm for video 461441818
2019-08-03T13:37:23.695Z: Client PremiumPineapple made a request
2019-08-03T13:37:24.102Z: Client PremiumPineapple made a request
2019-08-03T13:37:47.445Z: Client account is activated, premium, has 0 pending requests
2019-08-03T13:37:48.273Z: Received request for analysing video: 461441818
2019-08-03T13:37:48.680Z: RechatTool has stopped for 461441818!
2019-08-03T13:37:49.087Z: Running advance algorithm for video 461441818
2019-08-03T13:37:54.787Z: Client account is activated, premium, has 0 pending requests
2019-08-03T13:37:55.801Z: Received request for analysing video: 461441818
2019-08-03T13:37:56.012Z: RechatTool has stopped for 461441818!
2019-08-03T13:37:56.176Z: Running advance algorithm for video 461441818
2019-08-03T13:37:59.384Z: Client account is activated, premium, has 0 pending requests
2019-08-03T13:38:00.447Z: Received request for analysing video: 461441818
2019-08-03T13:38:00.676Z: RechatTool has stopped for 461441818!
2019-08-03T13:38:00.883Z: Running advance algorithm for video 461441818
2019-08-03T13:38:38.839Z: Client PremiumPineapple made a request
2019-08-03T13:38:38.843Z: Client account is activated, premium, has 0 pending requests
2019-08-03T13:38:38.843Z: Received request for analysing video: 461441818
2019-08-03T13:38:38.844Z: RechatTool has stopped for 461441818!
2019-08-03T13:38:38.844Z: Running advance algorithm for video 461441818
2019-08-03T13:38:39.434Z: Client PremiumPineapple made a request
2019-08-03T13:38:41.774Z: Client account is activated, premium, has 0 pending requests
2019-08-03T13:38:42.180Z: Received request for analysing video: 461441818
2019-08-03T13:38:42.397Z: RechatTool has stopped for 461441818!
2019-08-03T13:38:42.602Z: Running advance algorithm for video 461441818
2019-08-03T13:40:16.524Z: Client PremiumPineapple made a request
2019-08-03T13:40:16.531Z: Client account is activated, premium, has 0 pending requests
2019-08-03T13:40:16.534Z: Received request for analysing video: 460912245
2019-08-03T13:40:16.535Z: RechatTool has stopped for 460912245!
2019-08-03T13:40:16.536Z: Running advance algorithm for video 460912245
2019-08-03T13:40:22.431Z: Client PremiumPineapple made a request
2019-08-03T13:40:30.212Z: Client account is activated, premium, has 0 pending requests
2019-08-03T13:40:30.415Z: Received request for analysing video: 460912245
2019-08-03T13:40:30.619Z: RechatTool has stopped for 460912245!
2019-08-03T13:40:30.824Z: Running advance algorithm for video 460912245
2019-08-03T13:40:41.822Z: Client PremiumPineapple made a request
2019-08-03T13:40:50.453Z: Client account is activated, premium, has 0 pending requests
2019-08-03T13:40:50.457Z: Received request for analysing video: 460912245
2019-08-03T13:40:50.473Z: RechatTool has stopped for 460912245!
2019-08-03T13:40:50.474Z: Running advance algorithm for video 460912245
2019-08-03T13:41:38.796Z: Client PremiumPineapple made a request
2019-08-03T13:41:38.799Z: Client account is activated, premium, has 0 pending requests
2019-08-03T13:41:38.800Z: Received request for analysing video: 460912245
2019-08-03T13:41:38.801Z: RechatTool has stopped for 460912245!
2019-08-03T13:41:38.801Z: Running advance algorithm for video 460912245
2019-08-03T23:16:40.009Z: Client PremiumPineapple made a request
2019-08-03T23:16:41.920Z: Client PremiumPineapple made a request
2019-08-03T23:16:42.614Z: Client account is activated, premium, has 0 pending requests
2019-08-03T23:16:42.618Z: Received request for analysing video: 461181526
2019-08-03T23:16:42.631Z: File 461181526.done does not exist! Running RechatTool...
2019-08-03T23:16:43.990Z: Client PremiumPineapple made a request
2019-08-03T23:16:44.032Z: Client account is activated, premium, has 0 pending requests
2019-08-03T23:16:44.036Z: Received request for analysing video: 461181526
2019-08-03T23:16:44.037Z: RechatTool is still running for 461181526!
2019-08-03T23:16:44.037Z: Running basic algorithm for video 461181526
2019-08-03T23:16:44.111Z: While running highlightFinder(): Error: Command failed: highlight_finder.exe 461181526.txt 461181526results.txt 6 2 5

2019-08-03T23:16:45.659Z: Client account is activated, premium, has 0 pending requests
2019-08-03T23:16:45.662Z: Received request for analysing video: 461181526
2019-08-03T23:16:45.663Z: RechatTool is still running for 461181526!
2019-08-03T23:16:45.663Z: Running basic algorithm for video 461181526
2019-08-03T23:16:45.698Z: While running highlightFinder(): Error: Command failed: highlight_finder.exe 461181526.txt 461181526results.txt 6 2 5

2019-08-03T23:18:04.296Z: Client PremiumPineapple made a request
2019-08-03T23:18:04.300Z: Client account is activated, premium, has 0 pending requests
2019-08-03T23:18:04.301Z: Received request for analysing video: 461181526
2019-08-03T23:18:04.301Z: RechatTool is still running for 461181526!
2019-08-03T23:18:04.301Z: Running basic algorithm for video 461181526
2019-08-03T23:18:07.262Z: Client PremiumPineapple made a request
2019-08-03T23:18:07.265Z: Client account is activated, premium, has 0 pending requests
2019-08-03T23:18:07.266Z: Received request for analysing video: 461181526
2019-08-03T23:18:07.266Z: RechatTool is still running for 461181526!
2019-08-03T23:18:07.266Z: Running basic algorithm for video 461181526
2019-08-03T23:18:11.554Z: Client PremiumPineapple made a request
2019-08-03T23:18:11.558Z: Client account is activated, premium, has 0 pending requests
2019-08-03T23:18:11.559Z: Received request for analysing video: 461181526
2019-08-03T23:18:11.559Z: RechatTool is still running for 461181526!
2019-08-03T23:18:11.560Z: Running basic algorithm for video 461181526
2019-08-03T23:18:14.496Z: Client PremiumPineapple made a request
2019-08-03T23:18:15.677Z: Client PremiumPineapple made a request
2019-08-03T23:18:16.180Z: Client account is activated, premium, has 0 pending requests
2019-08-03T23:18:16.182Z: Received request for analysing video: 461181526
2019-08-03T23:18:16.183Z: RechatTool is still running for 461181526!
2019-08-03T23:18:16.183Z: Running basic algorithm for video 461181526
2019-08-03T23:18:17.353Z: Client account is activated, premium, has 0 pending requests
2019-08-03T23:18:17.356Z: Received request for analysing video: 461181526
2019-08-03T23:18:17.357Z: RechatTool is still running for 461181526!
2019-08-03T23:18:17.357Z: Running basic algorithm for video 461181526
2019-08-03T23:18:18.882Z: Client PremiumPineapple made a request
2019-08-03T23:18:20.571Z: Client account is activated, premium, has 0 pending requests
2019-08-03T23:18:20.577Z: Received request for analysing video: 461181526
2019-08-03T23:18:20.577Z: RechatTool is still running for 461181526!
2019-08-03T23:18:20.578Z: Running basic algorithm for video 461181526
2019-08-03T23:22:28.563Z: Client PremiumPineapple made a request
2019-08-03T23:22:31.103Z: Client account is activated, premium, has 0 pending requests
2019-08-03T23:22:31.106Z: Received request for analysing video: 461629913
2019-08-03T23:22:31.114Z: File 461629913.done does not exist! Running RechatTool...
2019-08-03T23:22:37.318Z: Client PremiumPineapple made a request
2019-08-03T23:22:37.477Z: Client PremiumPineapple made a request
2019-08-03T23:22:37.948Z: Client PremiumPineapple made a request
2019-08-03T23:22:38.155Z: Client PremiumPineapple made a request
2019-08-03T23:22:38.605Z: Client PremiumPineapple made a request
2019-08-03T23:22:38.758Z: Client PremiumPineapple made a request
2019-08-03T23:22:38.996Z: Client account is activated, premium, has 0 pending requests
2019-08-03T23:22:38.997Z: Received request for analysing video: 461629913
2019-08-03T23:22:38.997Z: RechatTool is still running for 461629913!
2019-08-03T23:22:38.998Z: Running basic algorithm for video 461629913
2019-08-03T23:22:39.337Z: Client PremiumPineapple made a request
2019-08-03T23:22:39.986Z: Client account is activated, premium, has 0 pending requests
2019-08-03T23:22:39.989Z: Received request for analysing video: 461629913
2019-08-03T23:22:39.995Z: RechatTool is still running for 461629913!
2019-08-03T23:22:39.995Z: Running basic algorithm for video 461629913
2019-08-03T23:22:40.002Z: Client account is activated, premium, has 0 pending requests
2019-08-03T23:22:40.003Z: Received request for analysing video: 461629913
2019-08-03T23:22:40.004Z: RechatTool is still running for 461629913!
2019-08-03T23:22:40.005Z: Running basic algorithm for video 461629913
2019-08-03T23:22:41.592Z: Client account is activated, premium, has 0 pending requests
2019-08-03T23:22:41.594Z: Received request for analysing video: 461629913
2019-08-03T23:22:41.595Z: RechatTool is still running for 461629913!
2019-08-03T23:22:41.595Z: Running basic algorithm for video 461629913
2019-08-03T23:22:41.601Z: Client account is activated, premium, has 0 pending requests
2019-08-03T23:22:41.602Z: Received request for analysing video: 461629913
2019-08-03T23:22:41.603Z: RechatTool is still running for 461629913!
2019-08-03T23:22:41.604Z: Running basic algorithm for video 461629913
2019-08-03T23:22:42.449Z: Client account is activated, premium, has 0 pending requests
2019-08-03T23:22:42.455Z: Received request for analysing video: 461629913
2019-08-03T23:22:42.456Z: RechatTool is still running for 461629913!
2019-08-03T23:22:42.456Z: Running basic algorithm for video 461629913
2019-08-03T23:22:43.346Z: Client account is activated, premium, has 0 pending requests
2019-08-03T23:22:43.350Z: Received request for analysing video: 461629913
2019-08-03T23:22:43.350Z: RechatTool is still running for 461629913!
2019-08-03T23:22:43.351Z: Running basic algorithm for video 461629913
2019-08-03T23:22:46.080Z: Client PremiumPineapple made a request
2019-08-03T23:22:47.100Z: Client PremiumPineapple made a request
2019-08-03T23:22:47.103Z: Client PremiumPineapple made a request
2019-08-03T23:22:47.861Z: Client account is activated, premium, has 0 pending requests
2019-08-03T23:22:47.864Z: Received request for analysing video: 461629913
2019-08-03T23:22:47.865Z: RechatTool is still running for 461629913!
2019-08-03T23:22:47.868Z: Running basic algorithm for video 461629913
2019-08-03T23:22:48.768Z: Client PremiumPineapple made a request
2019-08-03T23:22:48.806Z: Client account is activated, premium, has 0 pending requests
2019-08-03T23:22:48.809Z: Received request for analysing video: 461629913
2019-08-03T23:22:48.811Z: RechatTool is still running for 461629913!
2019-08-03T23:22:48.811Z: Running basic algorithm for video 461629913
2019-08-03T23:22:48.817Z: Client PremiumPineapple made a request
2019-08-03T23:22:49.560Z: Client PremiumPineapple made a request
2019-08-03T23:22:49.662Z: Client account is activated, premium, has 0 pending requests
2019-08-03T23:22:49.670Z: Received request for analysing video: 461629913
2019-08-03T23:22:49.671Z: RechatTool is still running for 461629913!
2019-08-03T23:22:49.671Z: Running basic algorithm for video 461629913
2019-08-03T23:22:50.430Z: Client PremiumPineapple made a request
2019-08-03T23:22:50.564Z: Client account is activated, premium, has 0 pending requests
2019-08-03T23:22:50.566Z: Received request for analysing video: 461629913
2019-08-03T23:22:50.567Z: RechatTool is still running for 461629913!
2019-08-03T23:22:50.567Z: Running basic algorithm for video 461629913
2019-08-03T23:22:51.354Z: Client account is activated, premium, has 0 pending requests
2019-08-03T23:22:51.363Z: Received request for analysing video: 461629913
2019-08-03T23:22:51.363Z: RechatTool is still running for 461629913!
2019-08-03T23:22:51.364Z: Running basic algorithm for video 461629913
2019-08-03T23:22:52.296Z: Client account is activated, premium, has 0 pending requests
2019-08-03T23:22:52.298Z: Received request for analysing video: 461629913
2019-08-03T23:22:52.299Z: RechatTool is still running for 461629913!
2019-08-03T23:22:52.299Z: Running basic algorithm for video 461629913
2019-08-03T23:22:52.435Z: Client account is activated, premium, has 0 pending requests
2019-08-03T23:22:52.437Z: Received request for analysing video: 461629913
2019-08-03T23:22:52.440Z: RechatTool is still running for 461629913!
2019-08-03T23:22:52.442Z: Running basic algorithm for video 461629913
2019-08-03T23:22:54.977Z: Client PremiumPineapple made a request
2019-08-03T23:22:55.904Z: Client PremiumPineapple made a request
2019-08-03T23:22:56.656Z: Client account is activated, premium, has 0 pending requests
2019-08-03T23:22:56.660Z: Received request for analysing video: 461629913
2019-08-03T23:22:56.664Z: RechatTool is still running for 461629913!
2019-08-03T23:22:56.664Z: Running basic algorithm for video 461629913
2019-08-03T23:22:56.750Z: Client PremiumPineapple made a request
2019-08-03T23:22:57.595Z: Client account is activated, premium, has 0 pending requests
2019-08-03T23:22:57.598Z: Received request for analysing video: 461629913
2019-08-03T23:22:57.599Z: RechatTool is still running for 461629913!
2019-08-03T23:22:57.599Z: Running basic algorithm for video 461629913
2019-08-03T23:22:58.457Z: Client account is activated, premium, has 0 pending requests
2019-08-03T23:22:58.459Z: Received request for analysing video: 461629913
2019-08-03T23:22:58.460Z: RechatTool is still running for 461629913!
2019-08-03T23:22:58.460Z: Running basic algorithm for video 461629913
2019-08-03T23:23:00.442Z: Client PremiumPineapple made a request
2019-08-03T23:23:01.281Z: Client account is activated, premium, has 0 pending requests
2019-08-03T23:23:01.286Z: Received request for analysing video: 461629913
2019-08-03T23:23:01.286Z: RechatTool is still running for 461629913!
2019-08-03T23:23:01.286Z: Running basic algorithm for video 461629913
2019-08-03T23:23:36.622Z: Client PremiumPineapple made a request
2019-08-03T23:23:36.626Z: Client account is activated, premium, has 0 pending requests
2019-08-03T23:23:36.626Z: Received request for analysing video: 461629913
2019-08-03T23:23:36.627Z: RechatTool is still running for 461629913!
2019-08-03T23:23:36.627Z: Running basic algorithm for video 461629913
2019-08-03T23:23:43.891Z: Client PremiumPineapple made a request
2019-08-03T23:23:43.894Z: Client account is activated, premium, has 0 pending requests
2019-08-03T23:23:43.895Z: Received request for analysing video: 461629913
2019-08-03T23:23:43.895Z: RechatTool is still running for 461629913!
2019-08-03T23:23:43.896Z: Running basic algorithm for video 461629913
2019-08-03T23:23:48.621Z: Client PremiumPineapple made a request
2019-08-03T23:23:48.624Z: Client account is activated, premium, has 0 pending requests
2019-08-03T23:23:48.625Z: Received request for analysing video: 461629913
2019-08-03T23:23:48.625Z: RechatTool is still running for 461629913!
2019-08-03T23:23:48.626Z: Running basic algorithm for video 461629913
2019-08-03T23:23:55.900Z: Client PremiumPineapple made a request
2019-08-03T23:23:55.903Z: Client account is activated, premium, has 0 pending requests
2019-08-03T23:23:55.904Z: Received request for analysing video: 461629913
2019-08-03T23:23:55.904Z: RechatTool is still running for 461629913!
2019-08-03T23:23:55.905Z: Running basic algorithm for video 461629913
2019-08-03T23:24:03.588Z: Client PremiumPineapple made a request
2019-08-03T23:24:03.592Z: Client account is activated, premium, has 0 pending requests
2019-08-03T23:24:03.592Z: Received request for analysing video: 461629913
2019-08-03T23:24:03.593Z: RechatTool is still running for 461629913!
2019-08-03T23:24:03.593Z: Running basic algorithm for video 461629913
2019-08-03T23:24:10.847Z: Client PremiumPineapple made a request
2019-08-03T23:24:10.850Z: Client account is activated, premium, has 0 pending requests
2019-08-03T23:24:10.850Z: Received request for analysing video: 461629913
2019-08-03T23:24:10.851Z: RechatTool is still running for 461629913!
2019-08-03T23:24:10.851Z: Running basic algorithm for video 461629913
2019-08-03T23:24:18.168Z: Client PremiumPineapple made a request
2019-08-03T23:24:18.172Z: Client account is activated, premium, has 0 pending requests
2019-08-03T23:24:18.173Z: Received request for analysing video: 461629913
2019-08-03T23:24:18.173Z: RechatTool is still running for 461629913!
2019-08-03T23:24:18.173Z: Running basic algorithm for video 461629913
2019-08-03T23:27:27.012Z: Client PremiumPineapple made a request
2019-08-03T23:27:29.471Z: Client account is activated, premium, has 0 pending requests
2019-08-03T23:27:29.475Z: Received request for analysing video: 461629913
2019-08-03T23:27:29.477Z: RechatTool has stopped for 461629913!
2019-08-03T23:27:29.478Z: Running basic algorithm for video 461629913
2019-08-03T23:27:38.503Z: Client PremiumPineapple made a request
2019-08-03T23:27:40.194Z: Client account is activated, premium, has 0 pending requests
2019-08-03T23:27:40.198Z: Received request for analysing video: 461629913
2019-08-03T23:27:40.198Z: RechatTool has stopped for 461629913!
2019-08-03T23:27:40.199Z: Running basic algorithm for video 461629913
