2019-07-29T20:35:00.807Z: Client aa34b559-81ff-48f5-8a72-036817c88e2f made a request
2019-07-29T20:35:01.090Z: Received request for analysing video: 456983927
2019-07-29T20:35:01.701Z: File 456983927.done does not exist! Running RechatTool...
2019-07-29T20:35:10.072Z: Client aa34b559-81ff-48f5-8a72-036817c88e2f made a request
2019-07-29T20:35:10.097Z: Received request for analysing video: 456983927
2019-07-29T20:35:10.375Z: RechatTool is still running for 456983927!
2019-07-29T20:35:10.723Z: Running basic algorithm for video 456983927
2019-07-29T20:35:23.282Z: Client aa34b559-81ff-48f5-8a72-036817c88e2f made a request
2019-07-29T20:35:23.450Z: Received request for analysing video: 456983927
2019-07-29T20:35:23.608Z: RechatTool is still running for 456983927!
2019-07-29T20:35:23.667Z: Running basic algorithm for video 456983927
2019-07-29T20:35:31.131Z: Client aa34b559-81ff-48f5-8a72-036817c88e2f made a request
2019-07-29T20:35:31.138Z: Received request for analysing video: 456983927
2019-07-29T20:35:31.139Z: RechatTool has stopped for 456983927!
2019-07-29T20:35:31.141Z: Running basic algorithm for video 456983927
2019-07-29T20:35:52.049Z: Client aa34b559-81ff-48f5-8a72-036817c88e2f made a request
2019-07-29T20:35:52.050Z: Received request for analysing video: 456983927
2019-07-29T20:35:52.051Z: RechatTool has stopped for 456983927!
2019-07-29T20:35:52.205Z: Running basic algorithm for video 456983927
2019-07-29T20:41:05.278Z: Client aa34b559-81ff-48f5-8a72-036817c88e2f made a request
2019-07-29T20:41:05.284Z: Received request for analysing video: 455966022
2019-07-29T20:41:05.298Z: File 455966022.done does not exist! Running RechatTool...
2019-07-29T20:41:12.312Z: Client aa34b559-81ff-48f5-8a72-036817c88e2f made a request
2019-07-29T20:41:12.314Z: Received request for analysing video: 455966022
2019-07-29T20:41:12.315Z: RechatTool is still running for 455966022!
2019-07-29T20:41:12.315Z: Running basic algorithm for video 455966022
2019-07-29T20:41:19.380Z: Client aa34b559-81ff-48f5-8a72-036817c88e2f made a request
2019-07-29T20:41:19.383Z: Received request for analysing video: 455966022
2019-07-29T20:41:19.383Z: RechatTool is still running for 455966022!
2019-07-29T20:41:19.384Z: Running basic algorithm for video 455966022
2019-07-29T20:41:26.467Z: Client aa34b559-81ff-48f5-8a72-036817c88e2f made a request
2019-07-29T20:41:26.470Z: Received request for analysing video: 455966022
2019-07-29T20:41:26.470Z: RechatTool is still running for 455966022!
2019-07-29T20:41:26.510Z: Running basic algorithm for video 455966022
2019-07-29T20:41:33.646Z: Client aa34b559-81ff-48f5-8a72-036817c88e2f made a request
2019-07-29T20:41:33.651Z: Received request for analysing video: 455966022
2019-07-29T20:41:33.658Z: RechatTool is still running for 455966022!
2019-07-29T20:41:33.660Z: Running basic algorithm for video 455966022
2019-07-29T20:41:40.808Z: Client aa34b559-81ff-48f5-8a72-036817c88e2f made a request
2019-07-29T20:41:40.809Z: Received request for analysing video: 455966022
2019-07-29T20:41:40.810Z: RechatTool is still running for 455966022!
2019-07-29T20:41:40.810Z: Running basic algorithm for video 455966022
2019-07-29T20:41:48.029Z: Client aa34b559-81ff-48f5-8a72-036817c88e2f made a request
2019-07-29T20:41:48.032Z: Received request for analysing video: 455966022
2019-07-29T20:41:48.033Z: RechatTool is still running for 455966022!
2019-07-29T20:41:48.034Z: Running basic algorithm for video 455966022
2019-07-29T20:41:55.326Z: Client aa34b559-81ff-48f5-8a72-036817c88e2f made a request
2019-07-29T20:41:55.327Z: Received request for analysing video: 455966022
2019-07-29T20:41:55.328Z: RechatTool is still running for 455966022!
2019-07-29T20:41:55.328Z: Running basic algorithm for video 455966022
2019-07-29T20:42:02.574Z: Client aa34b559-81ff-48f5-8a72-036817c88e2f made a request
2019-07-29T20:42:02.578Z: Received request for analysing video: 455966022
2019-07-29T20:42:02.579Z: RechatTool is still running for 455966022!
2019-07-29T20:42:02.579Z: Running basic algorithm for video 455966022
2019-07-29T20:42:09.989Z: Client aa34b559-81ff-48f5-8a72-036817c88e2f made a request
2019-07-29T20:42:09.990Z: Received request for analysing video: 455966022
2019-07-29T20:42:09.991Z: RechatTool is still running for 455966022!
2019-07-29T20:42:09.991Z: Running basic algorithm for video 455966022
2019-07-29T20:42:17.222Z: Client aa34b559-81ff-48f5-8a72-036817c88e2f made a request
2019-07-29T20:42:17.223Z: Received request for analysing video: 455966022
2019-07-29T20:42:17.261Z: RechatTool is still running for 455966022!
2019-07-29T20:42:17.264Z: Running basic algorithm for video 455966022
2019-07-29T20:42:24.691Z: Client aa34b559-81ff-48f5-8a72-036817c88e2f made a request
2019-07-29T20:42:24.692Z: Received request for analysing video: 455966022
2019-07-29T20:42:24.693Z: RechatTool is still running for 455966022!
2019-07-29T20:42:24.693Z: Running basic algorithm for video 455966022
2019-07-29T20:42:31.938Z: Client aa34b559-81ff-48f5-8a72-036817c88e2f made a request
2019-07-29T20:42:31.939Z: Received request for analysing video: 455966022
2019-07-29T20:42:31.940Z: RechatTool is still running for 455966022!
2019-07-29T20:42:31.942Z: Running basic algorithm for video 455966022
2019-07-29T20:42:39.383Z: Client aa34b559-81ff-48f5-8a72-036817c88e2f made a request
2019-07-29T20:42:39.385Z: Received request for analysing video: 455966022
2019-07-29T20:42:39.385Z: RechatTool is still running for 455966022!
2019-07-29T20:42:39.385Z: Running basic algorithm for video 455966022
2019-07-29T20:42:46.821Z: Client aa34b559-81ff-48f5-8a72-036817c88e2f made a request
2019-07-29T20:42:46.822Z: Received request for analysing video: 455966022
2019-07-29T20:42:46.823Z: RechatTool is still running for 455966022!
2019-07-29T20:42:46.823Z: Running basic algorithm for video 455966022
2019-07-29T20:42:54.269Z: Client aa34b559-81ff-48f5-8a72-036817c88e2f made a request
2019-07-29T20:42:54.276Z: Received request for analysing video: 455966022
2019-07-29T20:42:54.280Z: RechatTool has stopped for 455966022!
2019-07-29T20:42:54.281Z: Running basic algorithm for video 455966022
