2019-07-29T19:56:40.470Z: Client aa34b559-81ff-48f5-8a72-036817c88e2f made a request
2019-07-29T19:56:40.476Z: Received request for analysing video: 451344082
2019-07-29T19:56:40.476Z: RechatTool has stopped for 451344082!
2019-07-29T19:56:40.477Z: Running basic algorithm for video 451344082
2019-07-29T19:59:01.904Z: Client aa34b559-81ff-48f5-8a72-036817c88e2f made a request
2019-07-29T19:59:01.911Z: Received request for analysing video: 451344082
2019-07-29T19:59:01.957Z: RechatTool has stopped for 451344082!
2019-07-29T19:59:01.960Z: Running basic algorithm for video 451344082
2019-07-29T19:59:49.675Z: Client aa34b559-81ff-48f5-8a72-036817c88e2f made a request
2019-07-29T19:59:49.676Z: Received request for analysing video: 451344082
2019-07-29T19:59:49.677Z: RechatTool has stopped for 451344082!
2019-07-29T19:59:49.677Z: Running basic algorithm for video 451344082
2019-07-29T20:01:11.654Z: Client aa34b559-81ff-48f5-8a72-036817c88e2f made a request
2019-07-29T20:01:11.655Z: Received request for analysing video: 456138193
2019-07-29T20:01:11.670Z: File 456138193.done does not exist! Running RechatTool...
2019-07-29T20:01:18.697Z: Client aa34b559-81ff-48f5-8a72-036817c88e2f made a request
2019-07-29T20:01:18.700Z: Received request for analysing video: 456138193
2019-07-29T20:01:18.703Z: RechatTool is still running for 456138193!
2019-07-29T20:01:18.704Z: Running basic algorithm for video 456138193
2019-07-29T20:01:25.798Z: Client aa34b559-81ff-48f5-8a72-036817c88e2f made a request
2019-07-29T20:01:25.802Z: Received request for analysing video: 456138193
2019-07-29T20:01:25.804Z: RechatTool is still running for 456138193!
2019-07-29T20:01:25.805Z: Running basic algorithm for video 456138193
2019-07-29T20:01:32.857Z: Client aa34b559-81ff-48f5-8a72-036817c88e2f made a request
2019-07-29T20:01:32.866Z: Received request for analysing video: 456138193
2019-07-29T20:01:32.867Z: RechatTool is still running for 456138193!
2019-07-29T20:01:32.868Z: Running basic algorithm for video 456138193
2019-07-29T20:01:39.943Z: Client aa34b559-81ff-48f5-8a72-036817c88e2f made a request
2019-07-29T20:01:39.947Z: Received request for analysing video: 456138193
2019-07-29T20:01:39.949Z: RechatTool is still running for 456138193!
2019-07-29T20:01:39.949Z: Running basic algorithm for video 456138193
2019-07-29T20:01:47.084Z: Client aa34b559-81ff-48f5-8a72-036817c88e2f made a request
2019-07-29T20:01:47.086Z: Received request for analysing video: 456138193
2019-07-29T20:01:47.087Z: RechatTool is still running for 456138193!
2019-07-29T20:01:47.087Z: Running basic algorithm for video 456138193
2019-07-29T20:01:54.420Z: Client aa34b559-81ff-48f5-8a72-036817c88e2f made a request
2019-07-29T20:01:54.421Z: Received request for analysing video: 456138193
2019-07-29T20:01:54.421Z: RechatTool is still running for 456138193!
2019-07-29T20:01:54.421Z: Running basic algorithm for video 456138193
2019-07-29T20:02:01.594Z: Client aa34b559-81ff-48f5-8a72-036817c88e2f made a request
2019-07-29T20:02:01.595Z: Received request for analysing video: 456138193
2019-07-29T20:02:01.596Z: RechatTool is still running for 456138193!
2019-07-29T20:02:01.596Z: Running basic algorithm for video 456138193
2019-07-29T20:02:08.852Z: Client aa34b559-81ff-48f5-8a72-036817c88e2f made a request
2019-07-29T20:02:08.853Z: Received request for analysing video: 456138193
2019-07-29T20:02:08.853Z: RechatTool is still running for 456138193!
2019-07-29T20:02:08.854Z: Running basic algorithm for video 456138193
2019-07-29T20:02:16.187Z: Client aa34b559-81ff-48f5-8a72-036817c88e2f made a request
2019-07-29T20:02:16.188Z: Received request for analysing video: 456138193
2019-07-29T20:02:16.189Z: RechatTool is still running for 456138193!
2019-07-29T20:02:16.189Z: Running basic algorithm for video 456138193
2019-07-29T20:02:23.479Z: Client aa34b559-81ff-48f5-8a72-036817c88e2f made a request
2019-07-29T20:02:23.492Z: Received request for analysing video: 456138193
2019-07-29T20:02:23.493Z: RechatTool is still running for 456138193!
2019-07-29T20:02:23.493Z: Running basic algorithm for video 456138193
2019-07-29T20:02:30.754Z: Client aa34b559-81ff-48f5-8a72-036817c88e2f made a request
2019-07-29T20:02:30.755Z: Received request for analysing video: 456138193
2019-07-29T20:02:30.755Z: RechatTool is still running for 456138193!
2019-07-29T20:02:30.755Z: Running basic algorithm for video 456138193
2019-07-29T20:02:38.092Z: Client aa34b559-81ff-48f5-8a72-036817c88e2f made a request
2019-07-29T20:02:38.100Z: Received request for analysing video: 456138193
2019-07-29T20:02:38.102Z: RechatTool is still running for 456138193!
2019-07-29T20:02:38.103Z: Running basic algorithm for video 456138193
2019-07-29T20:02:46.123Z: Client aa34b559-81ff-48f5-8a72-036817c88e2f made a request
2019-07-29T20:02:46.124Z: Received request for analysing video: 456138193
2019-07-29T20:02:46.125Z: RechatTool is still running for 456138193!
2019-07-29T20:02:46.125Z: Running basic algorithm for video 456138193
2019-07-29T20:02:53.540Z: Client aa34b559-81ff-48f5-8a72-036817c88e2f made a request
2019-07-29T20:02:53.552Z: Received request for analysing video: 456138193
2019-07-29T20:02:53.553Z: RechatTool is still running for 456138193!
2019-07-29T20:02:53.554Z: Running basic algorithm for video 456138193
2019-07-29T20:03:01.366Z: Client aa34b559-81ff-48f5-8a72-036817c88e2f made a request
2019-07-29T20:03:01.367Z: Received request for analysing video: 456138193
2019-07-29T20:03:01.368Z: RechatTool is still running for 456138193!
2019-07-29T20:03:01.369Z: Running basic algorithm for video 456138193
2019-07-29T20:03:09.240Z: Client aa34b559-81ff-48f5-8a72-036817c88e2f made a request
2019-07-29T20:03:09.241Z: Received request for analysing video: 456138193
2019-07-29T20:03:09.242Z: RechatTool is still running for 456138193!
2019-07-29T20:03:09.242Z: Running basic algorithm for video 456138193
2019-07-29T20:03:16.802Z: Client aa34b559-81ff-48f5-8a72-036817c88e2f made a request
2019-07-29T20:03:16.803Z: Received request for analysing video: 456138193
2019-07-29T20:03:16.804Z: RechatTool is still running for 456138193!
2019-07-29T20:03:16.804Z: Running basic algorithm for video 456138193
2019-07-29T20:03:24.339Z: Client aa34b559-81ff-48f5-8a72-036817c88e2f made a request
2019-07-29T20:03:24.340Z: Received request for analysing video: 456138193
2019-07-29T20:03:24.340Z: RechatTool is still running for 456138193!
2019-07-29T20:03:24.341Z: Running basic algorithm for video 456138193
2019-07-29T20:03:31.822Z: Client aa34b559-81ff-48f5-8a72-036817c88e2f made a request
2019-07-29T20:03:31.824Z: Received request for analysing video: 456138193
2019-07-29T20:03:31.824Z: RechatTool is still running for 456138193!
2019-07-29T20:03:31.824Z: Running basic algorithm for video 456138193
2019-07-29T20:03:40.266Z: Client aa34b559-81ff-48f5-8a72-036817c88e2f made a request
2019-07-29T20:03:40.283Z: Received request for analysing video: 456138193
2019-07-29T20:03:40.287Z: RechatTool is still running for 456138193!
2019-07-29T20:03:40.396Z: Running basic algorithm for video 456138193
2019-07-29T20:23:34.954Z: While running getChat(): RangeError [ERR_CHILD_PROCESS_STDIO_MAXBUFFER]: stdout maxBuffer length exceeded
2019-07-29T20:25:04.209Z: Client aa34b559-81ff-48f5-8a72-036817c88e2f made a request
2019-07-29T20:25:04.216Z: Received request for analysing video: 456138193
2019-07-29T20:25:04.218Z: RechatTool is still running for 456138193!
2019-07-29T20:25:04.218Z: Running basic algorithm for video 456138193
