2019-07-28T22:15:47.256Z: Client aa34b559-81ff-48f5-8a72-036817c88e2f made a request
2019-07-28T22:15:47.260Z: Received request for analysing video: 457956530
2019-07-28T22:15:47.269Z: File 457956530.done does not exist! Running RechatTool...
2019-07-28T22:28:21.046Z: Client aa34b559-81ff-48f5-8a72-036817c88e2f made a request
2019-07-28T22:28:21.052Z: Received request for analysing video: 457956530
2019-07-28T22:28:21.054Z: RechatTool has stopped for 457956530!
2019-07-28T22:28:21.054Z: Running basic algorithm for video 457956530
2019-07-28T22:28:40.609Z: Client aa34b559-81ff-48f5-8a72-036817c88e2f made a request
2019-07-28T22:28:40.616Z: Received request for analysing video: 457956530
2019-07-28T22:28:40.617Z: RechatTool has stopped for 457956530!
2019-07-28T22:28:40.619Z: Running basic algorithm for video 457956530
2019-07-28T22:29:56.562Z: Client aa34b559-81ff-48f5-8a72-036817c88e2f made a request
2019-07-28T22:29:56.563Z: Received request for analysing video: 457956530
2019-07-28T22:29:56.564Z: RechatTool has stopped for 457956530!
2019-07-28T22:29:56.564Z: Running basic algorithm for video 457956530
2019-07-28T22:31:07.952Z: Client aa34b559-81ff-48f5-8a72-036817c88e2f made a request
2019-07-28T22:31:07.954Z: Received request for analysing video: 457956530
2019-07-28T22:31:07.960Z: RechatTool has stopped for 457956530!
2019-07-28T22:31:07.960Z: Running basic algorithm for video 457956530
2019-07-28T22:32:03.092Z: Client aa34b559-81ff-48f5-8a72-036817c88e2f made a request
2019-07-28T22:32:03.221Z: Received request for analysing video: 457956530
2019-07-28T22:32:03.639Z: RechatTool has stopped for 457956530!
2019-07-28T22:32:03.832Z: Running basic algorithm for video 457956530
