2019-08-05T00:04:51.121Z: Updating status of 14819fff-ab5f-4b83-bf85-b49f992970e1
2019-08-05T00:04:51.669Z: Client 14819fff-ab5f-4b83-bf85-b49f992970e1 made a request
2019-08-05T00:04:52.012Z: Upgraded client 14819fff-ab5f-4b83-bf85-b49f992970e1, expire on Tue Aug 06 2019 00:04:51 GMT+0000 (Greenwich Mean Time)
2019-08-05T00:04:53.337Z: Client account is activated, premium, has 0 pending requests
2019-08-05T00:04:53.338Z: Received request for analysing video: 461870417
2019-08-05T00:04:53.339Z: RechatTool has stopped for 461870417!
2019-08-05T00:04:53.339Z: Running advance algorithm for video 461870417
2019-08-05T00:04:56.413Z: Updating status of 14819fff-ab5f-4b83-bf85-b49f992970e1
2019-08-05T00:04:57.459Z: Client 14819fff-ab5f-4b83-bf85-b49f992970e1 made a request
2019-08-05T00:04:57.461Z: Client 14819fff-ab5f-4b83-bf85-b49f992970e1 made a request
2019-08-05T00:05:00.129Z: Upgraded client 14819fff-ab5f-4b83-bf85-b49f992970e1, expire on Tue Aug 06 2019 00:04:56 GMT+0000 (Greenwich Mean Time)
2019-08-05T00:05:05.538Z: Client account is activated, premium, has 0 pending requests
2019-08-05T00:05:05.539Z: Received request for analysing video: 461870417
2019-08-05T00:05:05.539Z: RechatTool has stopped for 461870417!
2019-08-05T00:05:05.539Z: Running basic algorithm for video 461870417
2019-08-05T00:05:07.866Z: Client account is activated, premium, has 0 pending requests
2019-08-05T00:05:07.867Z: Received request for analysing video: 461870417
2019-08-05T00:05:07.867Z: RechatTool has stopped for 461870417!
2019-08-05T00:05:07.867Z: Running basic algorithm for video 461870417
2019-08-05T00:06:43.173Z: Updating status of 14819fff-ab5f-4b83-bf85-b49f992970e1
2019-08-05T00:06:43.178Z: Upgraded client 14819fff-ab5f-4b83-bf85-b49f992970e1, expire on Tue Aug 06 2019 00:06:43 GMT+0000 (Greenwich Mean Time)
2019-08-05T00:06:43.768Z: Client 14819fff-ab5f-4b83-bf85-b49f992970e1 made a request
2019-08-05T00:06:43.771Z: Client account is activated, premium, has 0 pending requests
2019-08-05T00:06:43.772Z: Received request for analysing video: 461870417
2019-08-05T00:06:43.772Z: RechatTool has stopped for 461870417!
2019-08-05T00:06:43.773Z: Running basic algorithm for video 461870417
