2019-07-28T09:36:53.198Z: Client aa34b559-81ff-48f5-8a72-036817c88e2f made a request
2019-07-28T09:36:53.262Z: Received request for analysing video: 458722023
2019-07-28T09:36:53.581Z: File 458722023.done does not exist! Running RechatTool...
2019-07-28T09:37:01.134Z: Client aa34b559-81ff-48f5-8a72-036817c88e2f made a request
2019-07-28T09:37:01.134Z: Received request for analysing video: 458722023
2019-07-28T09:37:01.135Z: RechatTool is still running for 458722023!
2019-07-28T09:37:01.135Z: Running basic algorithm for video 458722023
2019-07-28T09:37:08.201Z: Client aa34b559-81ff-48f5-8a72-036817c88e2f made a request
2019-07-28T09:37:08.202Z: Received request for analysing video: 458722023
2019-07-28T09:37:08.202Z: RechatTool is still running for 458722023!
2019-07-28T09:37:08.204Z: Running basic algorithm for video 458722023
2019-07-28T09:37:15.334Z: Client aa34b559-81ff-48f5-8a72-036817c88e2f made a request
2019-07-28T09:37:15.335Z: Received request for analysing video: 458722023
2019-07-28T09:37:15.335Z: RechatTool is still running for 458722023!
2019-07-28T09:37:15.336Z: Running basic algorithm for video 458722023
2019-07-28T09:37:22.442Z: Client aa34b559-81ff-48f5-8a72-036817c88e2f made a request
2019-07-28T09:37:22.445Z: Received request for analysing video: 458722023
2019-07-28T09:37:22.456Z: RechatTool is still running for 458722023!
2019-07-28T09:37:22.458Z: Running basic algorithm for video 458722023
2019-07-28T09:37:29.603Z: Client aa34b559-81ff-48f5-8a72-036817c88e2f made a request
2019-07-28T09:37:29.603Z: Received request for analysing video: 458722023
2019-07-28T09:37:29.604Z: RechatTool is still running for 458722023!
2019-07-28T09:37:29.604Z: Running basic algorithm for video 458722023
2019-07-28T09:37:36.819Z: Client aa34b559-81ff-48f5-8a72-036817c88e2f made a request
2019-07-28T09:37:36.820Z: Received request for analysing video: 458722023
2019-07-28T09:37:36.820Z: RechatTool is still running for 458722023!
2019-07-28T09:37:36.821Z: Running basic algorithm for video 458722023
2019-07-28T09:37:43.970Z: Client aa34b559-81ff-48f5-8a72-036817c88e2f made a request
2019-07-28T09:37:43.970Z: Received request for analysing video: 458722023
2019-07-28T09:37:43.971Z: RechatTool is still running for 458722023!
2019-07-28T09:37:43.971Z: Running basic algorithm for video 458722023
2019-07-28T09:37:51.262Z: Client aa34b559-81ff-48f5-8a72-036817c88e2f made a request
2019-07-28T09:37:51.262Z: Received request for analysing video: 458722023
2019-07-28T09:37:51.263Z: RechatTool is still running for 458722023!
2019-07-28T09:37:51.263Z: Running basic algorithm for video 458722023
2019-07-28T09:37:58.428Z: Client aa34b559-81ff-48f5-8a72-036817c88e2f made a request
2019-07-28T09:37:58.428Z: Received request for analysing video: 458722023
2019-07-28T09:37:58.429Z: RechatTool is still running for 458722023!
2019-07-28T09:37:58.429Z: Running basic algorithm for video 458722023
2019-07-28T09:38:05.609Z: Client aa34b559-81ff-48f5-8a72-036817c88e2f made a request
2019-07-28T09:38:05.610Z: Received request for analysing video: 458722023
2019-07-28T09:38:05.610Z: RechatTool has stopped for 458722023!
2019-07-28T09:38:05.610Z: Running basic algorithm for video 458722023
2019-07-28T09:38:11.542Z: Client aa34b559-81ff-48f5-8a72-036817c88e2f made a request
2019-07-28T09:38:24.024Z: Client aa34b559-81ff-48f5-8a72-036817c88e2f made a request
2019-07-28T09:38:24.030Z: Received request for analysing video: 458722023
2019-07-28T09:38:24.032Z: RechatTool has stopped for 458722023!
2019-07-28T09:38:24.033Z: Running basic algorithm for video 458722023
2019-07-28T09:38:25.835Z: Client aa34b559-81ff-48f5-8a72-036817c88e2f made a request
2019-07-28T09:38:25.836Z: Received request for analysing video: 458722023
2019-07-28T09:38:25.837Z: RechatTool has stopped for 458722023!
2019-07-28T09:38:25.838Z: Running basic algorithm for video 458722023
2019-07-28T09:38:27.797Z: Client aa34b559-81ff-48f5-8a72-036817c88e2f made a request
2019-07-28T09:38:27.797Z: Received request for analysing video: 458722023
2019-07-28T09:38:27.798Z: RechatTool has stopped for 458722023!
2019-07-28T09:38:27.798Z: Running basic algorithm for video 458722023
2019-07-28T09:38:30.894Z: Client aa34b559-81ff-48f5-8a72-036817c88e2f made a request
2019-07-28T09:38:38.184Z: Client aa34b559-81ff-48f5-8a72-036817c88e2f made a request
2019-07-28T09:38:38.184Z: Received request for analysing video: 458722023
2019-07-28T09:38:38.192Z: RechatTool has stopped for 458722023!
2019-07-28T09:38:38.192Z: Running basic algorithm for video 458722023
2019-07-28T09:38:40.851Z: Client aa34b559-81ff-48f5-8a72-036817c88e2f made a request
2019-07-28T09:38:40.852Z: Received request for analysing video: 458722023
2019-07-28T09:38:40.852Z: RechatTool has stopped for 458722023!
2019-07-28T09:38:40.853Z: Running basic algorithm for video 458722023
2019-07-28T09:38:41.905Z: Client aa34b559-81ff-48f5-8a72-036817c88e2f made a request
2019-07-28T09:38:47.206Z: Client aa34b559-81ff-48f5-8a72-036817c88e2f made a request
2019-07-28T09:38:47.207Z: Received request for analysing video: 458722023
2019-07-28T09:38:47.208Z: RechatTool has stopped for 458722023!
2019-07-28T09:38:47.208Z: Running basic algorithm for video 458722023
2019-07-28T09:40:28.078Z: Client aa34b559-81ff-48f5-8a72-036817c88e2f made a request
2019-07-28T09:40:28.078Z: Received request for analysing video: 458298176
2019-07-28T09:40:28.410Z: File 458298176.done does not exist! Running RechatTool...
2019-07-28T09:40:32.671Z: Client aa34b559-81ff-48f5-8a72-036817c88e2f made a request
2019-07-28T09:40:32.671Z: Received request for analysing video: 458298176
2019-07-28T09:40:32.672Z: RechatTool is still running for 458298176!
2019-07-28T09:40:32.672Z: Running basic algorithm for video 458298176
2019-07-28T09:40:32.950Z: While running highlightFinder(): Error: Command failed: highlight_finder.exe 458298176.txt 458298176results.txt 12 2 5

2019-07-28T09:40:34.339Z: Client aa34b559-81ff-48f5-8a72-036817c88e2f made a request
2019-07-28T09:41:55.969Z: Client aa34b559-81ff-48f5-8a72-036817c88e2f made a request
2019-07-28T09:41:59.168Z: Client aa34b559-81ff-48f5-8a72-036817c88e2f made a request
2019-07-28T09:41:59.191Z: Received request for analysing video: 458298176
2019-07-28T09:41:59.191Z: RechatTool is still running for 458298176!
2019-07-28T09:41:59.192Z: Running basic algorithm for video 458298176
2019-07-28T09:42:04.869Z: Client aa34b559-81ff-48f5-8a72-036817c88e2f made a request
2019-07-28T09:42:05.858Z: Client aa34b559-81ff-48f5-8a72-036817c88e2f made a request
2019-07-28T09:42:05.861Z: Received request for analysing video: 458298176
2019-07-28T09:42:05.882Z: RechatTool is still running for 458298176!
2019-07-28T09:42:05.970Z: Running basic algorithm for video 458298176
2019-07-28T09:42:09.467Z: Client aa34b559-81ff-48f5-8a72-036817c88e2f made a request
2019-07-28T09:42:09.511Z: Received request for analysing video: 458298176
2019-07-28T09:42:09.541Z: RechatTool is still running for 458298176!
2019-07-28T09:42:09.629Z: Running basic algorithm for video 458298176
2019-07-28T09:42:14.563Z: Client aa34b559-81ff-48f5-8a72-036817c88e2f made a request
2019-07-28T09:42:14.564Z: Received request for analysing video: 458298176
2019-07-28T09:42:14.565Z: RechatTool is still running for 458298176!
2019-07-28T09:42:14.565Z: Running basic algorithm for video 458298176
2019-07-28T09:42:20.737Z: Client aa34b559-81ff-48f5-8a72-036817c88e2f made a request
2019-07-28T09:42:20.738Z: Received request for analysing video: 458298176
2019-07-28T09:42:20.738Z: RechatTool is still running for 458298176!
2019-07-28T09:42:20.739Z: Running basic algorithm for video 458298176
2019-07-28T09:43:07.916Z: Client aa34b559-81ff-48f5-8a72-036817c88e2f made a request
2019-07-28T09:43:07.916Z: Received request for analysing video: 458298176
2019-07-28T09:43:07.917Z: RechatTool has stopped for 458298176!
2019-07-28T09:43:07.917Z: Running basic algorithm for video 458298176
2019-07-28T09:43:08.262Z: Client aa34b559-81ff-48f5-8a72-036817c88e2f made a request
2019-07-28T09:43:10.878Z: Client aa34b559-81ff-48f5-8a72-036817c88e2f made a request
2019-07-28T09:43:10.879Z: Received request for analysing video: 458298176
2019-07-28T09:43:10.879Z: RechatTool has stopped for 458298176!
2019-07-28T09:43:10.881Z: Running basic algorithm for video 458298176
2019-07-28T09:43:12.822Z: Client aa34b559-81ff-48f5-8a72-036817c88e2f made a request
2019-07-28T09:43:16.626Z: Client aa34b559-81ff-48f5-8a72-036817c88e2f made a request
2019-07-28T09:43:16.627Z: Received request for analysing video: 458298176
2019-07-28T09:43:16.628Z: RechatTool has stopped for 458298176!
2019-07-28T09:43:16.629Z: Running basic algorithm for video 458298176
2019-07-28T09:43:19.571Z: Client aa34b559-81ff-48f5-8a72-036817c88e2f made a request
2019-07-28T09:43:22.360Z: Client aa34b559-81ff-48f5-8a72-036817c88e2f made a request
2019-07-28T09:43:22.361Z: Received request for analysing video: 458298176
2019-07-28T09:43:22.362Z: RechatTool has stopped for 458298176!
2019-07-28T09:43:22.362Z: Running basic algorithm for video 458298176
2019-07-28T09:44:04.509Z: Client aa34b559-81ff-48f5-8a72-036817c88e2f made a request
2019-07-28T09:44:04.845Z: Client aa34b559-81ff-48f5-8a72-036817c88e2f made a request
2019-07-28T09:44:19.356Z: Client aa34b559-81ff-48f5-8a72-036817c88e2f made a request
2019-07-28T09:44:19.356Z: Received request for analysing video: 458291885
2019-07-28T09:44:19.372Z: File 458291885.done does not exist! Running RechatTool...
2019-07-28T09:44:26.388Z: Client aa34b559-81ff-48f5-8a72-036817c88e2f made a request
2019-07-28T09:44:26.388Z: Received request for analysing video: 458291885
2019-07-28T09:44:26.390Z: RechatTool has stopped for 458291885!
2019-07-28T09:44:26.390Z: Running basic algorithm for video 458291885
2019-07-28T09:44:34.393Z: Client aa34b559-81ff-48f5-8a72-036817c88e2f made a request
2019-07-28T09:44:34.394Z: Received request for analysing video: 458291885
2019-07-28T09:44:34.395Z: RechatTool has stopped for 458291885!
2019-07-28T09:44:34.400Z: Running basic algorithm for video 458291885
2019-07-28T09:44:34.884Z: Client aa34b559-81ff-48f5-8a72-036817c88e2f made a request
2019-07-28T09:44:36.457Z: Client aa34b559-81ff-48f5-8a72-036817c88e2f made a request
2019-07-28T09:44:36.457Z: Received request for analysing video: 458291885
2019-07-28T09:44:36.458Z: RechatTool has stopped for 458291885!
2019-07-28T09:44:36.458Z: Running basic algorithm for video 458291885
