2019-08-04T14:12:35.959Z: Client PremiumPineapple made a request
2019-08-04T14:12:39.104Z: Client account is activated, premium, has 0 pending requests
2019-08-04T14:12:39.105Z: Received request for analysing video: 460652214
2019-08-04T14:12:39.113Z: File 460652214.done does not exist! Running RechatTool...
2019-08-04T14:12:46.141Z: Client PremiumPineapple made a request
2019-08-04T14:12:47.823Z: Client account is activated, premium, has 0 pending requests
2019-08-04T14:12:47.831Z: Received request for analysing video: 460652214
2019-08-04T14:12:47.832Z: RechatTool is still running for 460652214!
2019-08-04T14:12:47.832Z: Running basic algorithm for video 460652214
2019-08-04T14:12:55.727Z: Client PremiumPineapple made a request
2019-08-04T14:12:57.417Z: Client account is activated, premium, has 0 pending requests
2019-08-04T14:12:57.419Z: Received request for analysing video: 460652214
2019-08-04T14:12:57.420Z: RechatTool is still running for 460652214!
2019-08-04T14:12:57.421Z: Running basic algorithm for video 460652214
2019-08-04T14:12:59.823Z: Client PremiumPineapple made a request
2019-08-04T14:13:01.511Z: Client account is activated, premium, has 0 pending requests
2019-08-04T14:13:01.514Z: Received request for analysing video: 460652214
2019-08-04T14:13:01.514Z: RechatTool is still running for 460652214!
2019-08-04T14:13:01.515Z: Running basic algorithm for video 460652214
2019-08-04T14:15:55.703Z: Client PremiumPineapple made a request
2019-08-04T14:15:58.160Z: Client account is activated, premium, has 0 pending requests
2019-08-04T14:15:58.164Z: Received request for analysing video: 461543978
2019-08-04T14:15:58.171Z: File 461543978.done does not exist! Running RechatTool...
2019-08-04T14:16:05.190Z: Client PremiumPineapple made a request
2019-08-04T14:16:06.869Z: Client account is activated, premium, has 0 pending requests
2019-08-04T14:16:06.872Z: Received request for analysing video: 461543978
2019-08-04T14:16:06.873Z: RechatTool is still running for 461543978!
2019-08-04T14:16:06.873Z: Running basic algorithm for video 461543978
2019-08-04T14:16:13.918Z: Client PremiumPineapple made a request
2019-08-04T14:16:15.760Z: Client account is activated, premium, has 0 pending requests
2019-08-04T14:16:15.763Z: Received request for analysing video: 461543978
2019-08-04T14:16:15.764Z: RechatTool is still running for 461543978!
2019-08-04T14:16:15.764Z: Running basic algorithm for video 461543978
2019-08-04T14:16:22.608Z: Client PremiumPineapple made a request
2019-08-04T14:16:24.293Z: Client account is activated, premium, has 0 pending requests
2019-08-04T14:16:24.296Z: Received request for analysing video: 461543978
2019-08-04T14:16:24.297Z: RechatTool is still running for 461543978!
2019-08-04T14:16:24.297Z: Running basic algorithm for video 461543978
2019-08-04T14:16:30.198Z: Client PremiumPineapple made a request
2019-08-04T14:16:30.202Z: Client account is activated, premium, has 0 pending requests
2019-08-04T14:16:30.202Z: Received request for analysing video: 461543978
2019-08-04T14:16:30.203Z: RechatTool is still running for 461543978!
2019-08-04T14:16:30.203Z: Running basic algorithm for video 461543978
2019-08-04T14:16:30.349Z: Client PremiumPineapple made a request
2019-08-04T14:16:30.661Z: Client PremiumPineapple made a request
2019-08-04T14:16:30.815Z: Client PremiumPineapple made a request
2019-08-04T14:16:30.973Z: Client PremiumPineapple made a request
2019-08-04T14:16:31.373Z: Client PremiumPineapple made a request
2019-08-04T14:16:31.417Z: Client PremiumPineapple made a request
2019-08-04T14:16:32.496Z: Client account is activated, premium, has 0 pending requests
2019-08-04T14:16:32.498Z: Received request for analysing video: 461543978
2019-08-04T14:16:32.499Z: RechatTool is still running for 461543978!
2019-08-04T14:16:32.499Z: Running basic algorithm for video 461543978
2019-08-04T14:16:33.341Z: Client account is activated, premium, has 0 pending requests
2019-08-04T14:16:33.343Z: Received request for analysing video: 461543978
2019-08-04T14:16:33.344Z: RechatTool is still running for 461543978!
2019-08-04T14:16:33.344Z: Running basic algorithm for video 461543978
2019-08-04T14:16:33.350Z: Client account is activated, premium, has 0 pending requests
2019-08-04T14:16:33.351Z: Received request for analysing video: 461543978
2019-08-04T14:16:33.353Z: RechatTool is still running for 461543978!
2019-08-04T14:16:33.353Z: Running basic algorithm for video 461543978
2019-08-04T14:16:33.359Z: Client account is activated, premium, has 0 pending requests
2019-08-04T14:16:33.360Z: Received request for analysing video: 461543978
2019-08-04T14:16:33.361Z: RechatTool is still running for 461543978!
2019-08-04T14:16:33.362Z: Running basic algorithm for video 461543978
2019-08-04T14:16:34.611Z: Client account is activated, premium, has 0 pending requests
2019-08-04T14:16:34.613Z: Received request for analysing video: 461543978
2019-08-04T14:16:34.614Z: RechatTool is still running for 461543978!
2019-08-04T14:16:34.614Z: Running basic algorithm for video 461543978
2019-08-04T14:16:34.620Z: Client account is activated, premium, has 0 pending requests
2019-08-04T14:16:34.621Z: Received request for analysing video: 461543978
2019-08-04T14:16:34.622Z: RechatTool is still running for 461543978!
2019-08-04T14:16:34.623Z: Running basic algorithm for video 461543978
2019-08-04T14:16:37.293Z: Client PremiumPineapple made a request
2019-08-04T14:16:37.299Z: Client account is activated, premium, has 0 pending requests
2019-08-04T14:16:37.302Z: Received request for analysing video: 461543978
2019-08-04T14:16:37.302Z: RechatTool is still running for 461543978!
2019-08-04T14:16:37.303Z: Running basic algorithm for video 461543978
2019-08-04T14:16:39.604Z: Client PremiumPineapple made a request
2019-08-04T14:16:39.607Z: Client account is activated, premium, has 0 pending requests
2019-08-04T14:16:39.610Z: Received request for analysing video: 461543978
2019-08-04T14:16:39.611Z: RechatTool is still running for 461543978!
2019-08-04T14:16:39.634Z: Running basic algorithm for video 461543978
2019-08-04T14:16:40.519Z: Client PremiumPineapple made a request
2019-08-04T14:16:40.522Z: Client PremiumPineapple made a request
2019-08-04T14:16:40.582Z: Client PremiumPineapple made a request
2019-08-04T14:16:41.749Z: Client PremiumPineapple made a request
2019-08-04T14:16:41.836Z: Client PremiumPineapple made a request
2019-08-04T14:16:42.265Z: Client account is activated, premium, has 0 pending requests
2019-08-04T14:16:42.268Z: Received request for analysing video: 461543978
2019-08-04T14:16:42.269Z: RechatTool is still running for 461543978!
2019-08-04T14:16:42.269Z: Running basic algorithm for video 461543978
2019-08-04T14:16:42.275Z: Client account is activated, premium, has 0 pending requests
2019-08-04T14:16:42.275Z: Received request for analysing video: 461543978
2019-08-04T14:16:42.277Z: RechatTool is still running for 461543978!
2019-08-04T14:16:42.277Z: Running basic algorithm for video 461543978
2019-08-04T14:16:43.981Z: Client account is activated, premium, has 0 pending requests
2019-08-04T14:16:43.984Z: Received request for analysing video: 461543978
2019-08-04T14:16:43.985Z: RechatTool is still running for 461543978!
2019-08-04T14:16:43.985Z: Running basic algorithm for video 461543978
2019-08-04T14:16:43.995Z: Client account is activated, premium, has 0 pending requests
2019-08-04T14:16:43.999Z: Received request for analysing video: 461543978
2019-08-04T14:16:43.999Z: RechatTool is still running for 461543978!
2019-08-04T14:16:44.002Z: Running basic algorithm for video 461543978
2019-08-04T14:16:44.398Z: Client PremiumPineapple made a request
2019-08-04T14:16:44.890Z: Client account is activated, premium, has 0 pending requests
2019-08-04T14:16:44.893Z: Received request for analysing video: 461543978
2019-08-04T14:16:44.894Z: RechatTool is still running for 461543978!
2019-08-04T14:16:44.894Z: Running basic algorithm for video 461543978
2019-08-04T14:16:45.736Z: Client account is activated, premium, has 0 pending requests
2019-08-04T14:16:45.739Z: Received request for analysing video: 461543978
2019-08-04T14:16:45.740Z: RechatTool is still running for 461543978!
2019-08-04T14:16:45.740Z: Running basic algorithm for video 461543978
2019-08-04T14:16:46.742Z: Client PremiumPineapple made a request
2019-08-04T14:16:46.746Z: Client account is activated, premium, has 0 pending requests
2019-08-04T14:16:46.749Z: Received request for analysing video: 461543978
2019-08-04T14:16:46.789Z: RechatTool is still running for 461543978!
2019-08-04T14:16:46.789Z: Running basic algorithm for video 461543978
2019-08-04T14:16:49.417Z: Client PremiumPineapple made a request
2019-08-04T14:16:49.499Z: Client PremiumPineapple made a request
2019-08-04T14:16:51.092Z: Client account is activated, premium, has 0 pending requests
2019-08-04T14:16:51.096Z: Received request for analysing video: 461543978
2019-08-04T14:16:51.097Z: RechatTool is still running for 461543978!
2019-08-04T14:16:51.097Z: Running basic algorithm for video 461543978
2019-08-04T14:16:51.212Z: Client PremiumPineapple made a request
2019-08-04T14:16:51.216Z: Client account is activated, premium, has 0 pending requests
2019-08-04T14:16:51.219Z: Received request for analysing video: 461543978
2019-08-04T14:16:51.219Z: RechatTool is still running for 461543978!
2019-08-04T14:16:51.219Z: Running basic algorithm for video 461543978
2019-08-04T14:16:51.380Z: Client PremiumPineapple made a request
2019-08-04T14:16:52.052Z: Client PremiumPineapple made a request
2019-08-04T14:16:52.876Z: Client PremiumPineapple made a request
2019-08-04T14:16:53.670Z: Client account is activated, premium, has 0 pending requests
2019-08-04T14:16:53.673Z: Received request for analysing video: 461543978
2019-08-04T14:16:53.674Z: RechatTool has stopped for 461543978!
2019-08-04T14:16:53.674Z: Running basic algorithm for video 461543978
2019-08-04T14:16:53.824Z: Client account is activated, premium, has 0 pending requests
2019-08-04T14:16:53.829Z: Received request for analysing video: 461543978
2019-08-04T14:16:53.829Z: RechatTool has stopped for 461543978!
2019-08-04T14:16:53.830Z: Running basic algorithm for video 461543978
2019-08-04T14:16:54.028Z: Client PremiumPineapple made a request
2019-08-04T14:16:54.670Z: Client account is activated, premium, has 0 pending requests
2019-08-04T14:16:54.671Z: Received request for analysing video: 461543978
2019-08-04T14:16:54.673Z: RechatTool has stopped for 461543978!
2019-08-04T14:16:54.673Z: Running basic algorithm for video 461543978
2019-08-04T14:16:55.534Z: Client account is activated, premium, has 0 pending requests
2019-08-04T14:16:55.535Z: Received request for analysing video: 461543978
2019-08-04T14:16:55.536Z: RechatTool has stopped for 461543978!
2019-08-04T14:16:55.536Z: Running basic algorithm for video 461543978
2019-08-04T14:16:56.387Z: Client account is activated, premium, has 0 pending requests
2019-08-04T14:16:56.390Z: Received request for analysing video: 461543978
2019-08-04T14:16:56.391Z: RechatTool has stopped for 461543978!
2019-08-04T14:16:56.391Z: Running basic algorithm for video 461543978
2019-08-04T14:16:56.886Z: Client PremiumPineapple made a request
2019-08-04T14:16:58.606Z: Client account is activated, premium, has 0 pending requests
2019-08-04T14:16:58.609Z: Received request for analysing video: 461543978
2019-08-04T14:16:58.609Z: RechatTool has stopped for 461543978!
2019-08-04T14:16:58.609Z: Running basic algorithm for video 461543978
