2019-07-31T20:02:29.206Z: Client d2198c70-31d6-463f-afa7-313b87476a17 made a request
2019-07-31T20:02:31.621Z: Client account is activated, not premium, has 0 pending requests
2019-07-31T20:02:31.624Z: Received request for analysing video: 460496686
2019-07-31T20:02:31.634Z: File 460496686.done does not exist! Running RechatTool...
2019-07-31T20:02:38.656Z: Client d2198c70-31d6-463f-afa7-313b87476a17 made a request
2019-07-31T20:02:40.348Z: Client account is activated, not premium, has 0 pending requests
2019-07-31T20:02:40.350Z: Received request for analysing video: 460496686
2019-07-31T20:02:40.350Z: RechatTool is still running for 460496686!
2019-07-31T20:02:40.350Z: Running basic algorithm for video 460496686
2019-07-31T20:02:47.469Z: Client d2198c70-31d6-463f-afa7-313b87476a17 made a request
2019-07-31T20:02:49.237Z: Client account is activated, not premium, has 0 pending requests
2019-07-31T20:02:49.238Z: Received request for analysing video: 460496686
2019-07-31T20:02:49.239Z: RechatTool is still running for 460496686!
2019-07-31T20:02:49.239Z: Running basic algorithm for video 460496686
2019-07-31T20:02:56.304Z: Client d2198c70-31d6-463f-afa7-313b87476a17 made a request
2019-07-31T20:02:57.988Z: Client account is activated, not premium, has 0 pending requests
2019-07-31T20:02:57.990Z: Received request for analysing video: 460496686
2019-07-31T20:02:57.990Z: RechatTool is still running for 460496686!
2019-07-31T20:02:57.992Z: Running basic algorithm for video 460496686
2019-07-31T20:03:05.348Z: Client d2198c70-31d6-463f-afa7-313b87476a17 made a request
2019-07-31T20:03:05.426Z: Client account is activated, not premium, has 0 pending requests
2019-07-31T20:03:05.458Z: Received request for analysing video: 460496686
2019-07-31T20:03:05.463Z: RechatTool is still running for 460496686!
2019-07-31T20:03:05.467Z: Running basic algorithm for video 460496686
2019-07-31T20:03:09.556Z: Client d2198c70-31d6-463f-afa7-313b87476a17 made a request
2019-07-31T20:03:10.395Z: Client account is activated, not premium, has 0 pending requests
2019-07-31T20:03:10.399Z: Received request for analysing video: 460496686
2019-07-31T20:03:10.402Z: RechatTool is still running for 460496686!
2019-07-31T20:03:10.402Z: Running basic algorithm for video 460496686
2019-07-31T20:03:11.170Z: Client d2198c70-31d6-463f-afa7-313b87476a17 made a request
2019-07-31T20:03:12.026Z: Client account is activated, not premium, has 0 pending requests
2019-07-31T20:03:12.027Z: Request Error: Not premium
2019-07-31T20:03:16.770Z: Client d2198c70-31d6-463f-afa7-313b87476a17 made a request
2019-07-31T20:03:16.774Z: Client account is activated, not premium, has 0 pending requests
2019-07-31T20:03:16.774Z: Request Error: Not premium
2019-07-31T20:03:17.504Z: Client d2198c70-31d6-463f-afa7-313b87476a17 made a request
2019-07-31T20:03:18.396Z: Client d2198c70-31d6-463f-afa7-313b87476a17 made a request
2019-07-31T20:03:19.191Z: Client account is activated, not premium, has 0 pending requests
2019-07-31T20:03:19.194Z: Received request for analysing video: 460496686
2019-07-31T20:03:19.194Z: RechatTool is still running for 460496686!
2019-07-31T20:03:19.194Z: Running basic algorithm for video 460496686
2019-07-31T20:03:20.160Z: Client account is activated, not premium, has 0 pending requests
2019-07-31T20:03:20.161Z: Request Error: Not premium
2019-07-31T20:03:26.322Z: Client d2198c70-31d6-463f-afa7-313b87476a17 made a request
2019-07-31T20:03:26.329Z: Client account is activated, not premium, has 0 pending requests
2019-07-31T20:03:26.331Z: Received request for analysing video: 460496686
2019-07-31T20:03:26.331Z: RechatTool is still running for 460496686!
2019-07-31T20:03:26.332Z: Running basic algorithm for video 460496686
2019-07-31T20:03:33.534Z: Client d2198c70-31d6-463f-afa7-313b87476a17 made a request
2019-07-31T20:03:33.538Z: Client account is activated, not premium, has 0 pending requests
2019-07-31T20:03:33.539Z: Received request for analysing video: 460496686
2019-07-31T20:03:33.539Z: RechatTool is still running for 460496686!
2019-07-31T20:03:33.539Z: Running basic algorithm for video 460496686
2019-07-31T20:03:35.837Z: Client d2198c70-31d6-463f-afa7-313b87476a17 made a request
2019-07-31T20:03:35.841Z: Client account is activated, not premium, has 0 pending requests
2019-07-31T20:03:35.842Z: Received request for analysing video: 460496686
2019-07-31T20:03:35.843Z: RechatTool is still running for 460496686!
2019-07-31T20:03:35.843Z: Running basic algorithm for video 460496686
2019-07-31T20:03:43.084Z: Client d2198c70-31d6-463f-afa7-313b87476a17 made a request
2019-07-31T20:03:43.089Z: Client account is activated, not premium, has 0 pending requests
2019-07-31T20:03:43.090Z: Received request for analysing video: 460496686
2019-07-31T20:03:43.090Z: RechatTool has stopped for 460496686!
2019-07-31T20:03:43.091Z: Running basic algorithm for video 460496686
2019-07-31T20:03:47.856Z: Client d2198c70-31d6-463f-afa7-313b87476a17 made a request
2019-07-31T20:03:47.860Z: Client account is activated, not premium, has 0 pending requests
2019-07-31T20:03:47.862Z: Received request for analysing video: 460496686
2019-07-31T20:03:47.863Z: RechatTool has stopped for 460496686!
2019-07-31T20:03:47.863Z: Running basic algorithm for video 460496686
2019-07-31T20:04:09.437Z: Client d2198c70-31d6-463f-afa7-313b87476a17 made a request
2019-07-31T20:04:09.441Z: Client account is activated, not premium, has 0 pending requests
2019-07-31T20:04:09.441Z: Received request for analysing video: 460496686
2019-07-31T20:04:09.443Z: RechatTool has stopped for 460496686!
2019-07-31T20:04:09.443Z: Running basic algorithm for video 460496686
2019-07-31T20:05:03.058Z: Client d2198c70-31d6-463f-afa7-313b87476a17 made a request
2019-07-31T20:05:03.062Z: Client account is activated, not premium, has 0 pending requests
2019-07-31T20:05:03.062Z: Received request for analysing video: 460496686
2019-07-31T20:05:03.063Z: RechatTool has stopped for 460496686!
2019-07-31T20:05:03.063Z: Running basic algorithm for video 460496686
2019-07-31T20:05:17.643Z: Client d2198c70-31d6-463f-afa7-313b87476a17 made a request
2019-07-31T20:05:17.646Z: Client account is activated, not premium, has 0 pending requests
2019-07-31T20:05:17.646Z: Received request for analysing video: 460496686
2019-07-31T20:05:17.647Z: RechatTool has stopped for 460496686!
2019-07-31T20:05:17.647Z: Running basic algorithm for video 460496686
