2019-07-31T19:15:46.330Z: Client PremiumPineapple made a request
2019-07-31T19:15:48.034Z: Client account is activated, premium, has 0 pending requests
2019-07-31T19:15:48.038Z: Received request for analysing video: 451344082
2019-07-31T19:15:48.039Z: RechatTool has stopped for 451344082!
2019-07-31T19:15:48.040Z: Running basic algorithm for video 451344082
2019-07-31T19:15:49.268Z: Client PremiumPineapple made a request
2019-07-31T19:15:50.924Z: Client account is activated, premium, has 0 pending requests
2019-07-31T19:15:50.927Z: Received request for analysing video: 451344082
2019-07-31T19:15:50.927Z: RechatTool has stopped for 451344082!
2019-07-31T19:15:50.928Z: Running basic algorithm for video 451344082
2019-07-31T19:15:51.492Z: Client PremiumPineapple made a request
2019-07-31T19:15:53.177Z: Client account is activated, premium, has 0 pending requests
2019-07-31T19:15:53.180Z: Received request for analysing video: 451344082
2019-07-31T19:15:53.181Z: RechatTool has stopped for 451344082!
2019-07-31T19:15:53.181Z: Running advance algorithm for video 451344082
2019-07-31T19:15:57.443Z: Client PremiumPineapple made a request
2019-07-31T19:15:59.095Z: Client account is activated, premium, has 0 pending requests
2019-07-31T19:15:59.099Z: Received request for analysing video: 451344082
2019-07-31T19:15:59.100Z: RechatTool has stopped for 451344082!
2019-07-31T19:15:59.100Z: Running basic algorithm for video 451344082
2019-07-31T19:16:00.804Z: Client PremiumPineapple made a request
2019-07-31T19:16:02.458Z: Client account is activated, premium, has 0 pending requests
2019-07-31T19:16:02.461Z: Received request for analysing video: 451344082
2019-07-31T19:16:02.462Z: RechatTool has stopped for 451344082!
2019-07-31T19:16:02.462Z: Running basic algorithm for video 451344082
2019-07-31T19:16:03.085Z: Client PremiumPineapple made a request
2019-07-31T19:16:04.739Z: Client account is activated, premium, has 0 pending requests
2019-07-31T19:16:04.742Z: Received request for analysing video: 451344082
2019-07-31T19:16:04.742Z: RechatTool has stopped for 451344082!
2019-07-31T19:16:04.743Z: Running basic algorithm for video 451344082
