2019-07-30T19:27:38.382Z: Client fc089c3a-f73e-4488-ae94-5ea2a8ce0da2 made a request
2019-07-30T19:27:40.413Z: Client account is activated, not premium, has 0 pending requests
2019-07-30T19:27:40.414Z: Request Error: Not premium
2019-07-30T19:28:34.315Z: Client fc089c3a-f73e-4488-ae94-5ea2a8ce0da2 made a request
2019-07-30T19:28:34.323Z: Client account is activated, not premium, has 0 pending requests
2019-07-30T19:28:34.324Z: Received request for analysing video: 451344082
2019-07-30T19:28:34.324Z: RechatTool has stopped for 451344082!
2019-07-30T19:28:34.325Z: Running basic algorithm for video 451344082
2019-07-30T19:28:35.325Z: Client fc089c3a-f73e-4488-ae94-5ea2a8ce0da2 made a request
2019-07-30T19:28:37.166Z: Client account is activated, not premium, has 0 pending requests
2019-07-30T19:28:37.167Z: Request Error: Not premium
2019-07-30T19:28:38.084Z: Client fc089c3a-f73e-4488-ae94-5ea2a8ce0da2 made a request
2019-07-30T19:28:39.737Z: Client account is activated, not premium, has 0 pending requests
2019-07-30T19:28:39.737Z: Request Error: Not premium
2019-07-30T19:29:25.685Z: Client fc089c3a-f73e-4488-ae94-5ea2a8ce0da2 made a request
2019-07-30T19:29:25.689Z: Client account is activated, not premium, has 0 pending requests
2019-07-30T19:29:25.690Z: Received request for analysing video: 451344082
2019-07-30T19:29:25.691Z: RechatTool has stopped for 451344082!
2019-07-30T19:29:25.691Z: Running basic algorithm for video 451344082
2019-07-30T19:29:27.898Z: Client fc089c3a-f73e-4488-ae94-5ea2a8ce0da2 made a request
2019-07-30T19:29:27.907Z: Client account is activated, not premium, has 0 pending requests
2019-07-30T19:29:27.908Z: Request Error: Not premium
2019-07-30T19:29:28.226Z: Client fc089c3a-f73e-4488-ae94-5ea2a8ce0da2 made a request
2019-07-30T19:29:28.230Z: Client account is activated, not premium, has 0 pending requests
2019-07-30T19:29:28.233Z: Received request for analysing video: 451344082
2019-07-30T19:29:28.234Z: RechatTool has stopped for 451344082!
2019-07-30T19:29:28.235Z: Running basic algorithm for video 451344082
2019-07-30T19:29:32.235Z: Client fc089c3a-f73e-4488-ae94-5ea2a8ce0da2 made a request
2019-07-30T19:29:32.850Z: Client fc089c3a-f73e-4488-ae94-5ea2a8ce0da2 made a request
2019-07-30T19:29:33.899Z: Client account is activated, not premium, has 0 pending requests
2019-07-30T19:29:33.902Z: Received request for analysing video: 451344082
2019-07-30T19:29:33.903Z: RechatTool has stopped for 451344082!
2019-07-30T19:29:33.903Z: Running basic algorithm for video 451344082
2019-07-30T19:29:34.503Z: Client account is activated, not premium, has 0 pending requests
2019-07-30T19:29:34.503Z: Request Error: Not premium
2019-07-30T19:29:35.713Z: Client fc089c3a-f73e-4488-ae94-5ea2a8ce0da2 made a request
2019-07-30T19:29:37.365Z: Client account is activated, not premium, has 0 pending requests
2019-07-30T19:29:37.366Z: Request Error: Not premium
2019-07-30T19:33:22.655Z: Client fc089c3a-f73e-4488-ae94-5ea2a8ce0da2 made a request
2019-07-30T19:33:24.330Z: Client account is activated, not premium, has 0 pending requests
2019-07-30T19:33:24.334Z: Received request for analysing video: 451344082
2019-07-30T19:33:24.334Z: RechatTool has stopped for 451344082!
2019-07-30T19:33:24.334Z: Running basic algorithm for video 451344082
2019-07-30T19:33:24.712Z: Client fc089c3a-f73e-4488-ae94-5ea2a8ce0da2 made a request
2019-07-30T19:33:26.365Z: Client account is activated, not premium, has 0 pending requests
2019-07-30T19:33:26.365Z: Request Error: Not premium
