2019-08-05T17:21:35.657Z: Updating status of 38b58a13-bb85-44cc-8562-939f8f864251
2019-08-05T17:21:35.990Z: Client 38b58a13-bb85-44cc-8562-939f8f864251 made a request
2019-08-05T17:21:37.284Z: Upgraded client 38b58a13-bb85-44cc-8562-939f8f864251, expire on Tue Aug 06 2019 17:21:35 GMT+0000 (Greenwich Mean Time)
2019-08-05T17:21:38.171Z: Client account is activated, premium, has 0 pending requests
2019-08-05T17:21:38.175Z: Received request for analysing video: 461123639
2019-08-05T17:21:38.187Z: File 461123639.done does not exist! Running RechatTool...
2019-08-05T17:21:39.371Z: Client 38b58a13-bb85-44cc-8562-939f8f864251 made a request
2019-08-05T17:21:41.056Z: Client account is activated, premium, has 1 pending requests
2019-08-05T17:21:41.059Z: Received request for analysing video: 460630780
2019-08-05T17:21:41.070Z: File 460630780.done does not exist! Running RechatTool...
2019-08-05T17:21:42.533Z: Client 38b58a13-bb85-44cc-8562-939f8f864251 made a request
2019-08-05T17:21:44.304Z: Client account is activated, premium, has 2 pending requests
2019-08-05T17:21:44.307Z: Received request for analysing video: 461588506
2019-08-05T17:21:44.318Z: File 461588506.done does not exist! Running RechatTool...
2019-08-05T17:21:45.999Z: Client 38b58a13-bb85-44cc-8562-939f8f864251 made a request
2019-08-05T17:21:47.695Z: Client account is activated, premium, has 3 pending requests
2019-08-05T17:21:47.699Z: Received request for analysing video: 462063573
2019-08-05T17:21:47.709Z: File 462063573.done does not exist! Running RechatTool...
2019-08-05T17:21:49.227Z: Client 38b58a13-bb85-44cc-8562-939f8f864251 made a request
2019-08-05T17:21:50.944Z: Client account is activated, premium, has 4 pending requests
2019-08-05T17:21:50.947Z: Received request for analysing video: 460704211
2019-08-05T17:21:50.970Z: File 460704211.done does not exist! Running RechatTool...
2019-08-05T17:21:52.113Z: Client 38b58a13-bb85-44cc-8562-939f8f864251 made a request
2019-08-05T17:21:53.804Z: Client account is activated, premium, has 5 pending requests
2019-08-05T17:21:53.804Z: Request Error: Too many requests
