2019-07-28T22:02:49.111Z: Client aa34b559-81ff-48f5-8a72-036817c88e2f made a request
2019-07-28T22:02:49.115Z: Received request for analysing video: 457956530
2019-07-28T22:02:49.125Z: File 457956530.done does not exist! Running RechatTool...
2019-07-28T22:02:56.153Z: Client aa34b559-81ff-48f5-8a72-036817c88e2f made a request
2019-07-28T22:02:56.153Z: Received request for analysing video: 457956530
2019-07-28T22:02:56.154Z: RechatTool is still running for 457956530!
2019-07-28T22:02:56.154Z: Running basic algorithm for video 457956530
2019-07-28T22:03:03.261Z: Client aa34b559-81ff-48f5-8a72-036817c88e2f made a request
2019-07-28T22:03:03.262Z: Received request for analysing video: 457956530
2019-07-28T22:03:03.262Z: RechatTool is still running for 457956530!
2019-07-28T22:03:03.262Z: Running basic algorithm for video 457956530
2019-07-28T22:03:10.322Z: Client aa34b559-81ff-48f5-8a72-036817c88e2f made a request
2019-07-28T22:03:10.323Z: Received request for analysing video: 457956530
2019-07-28T22:03:10.323Z: RechatTool is still running for 457956530!
2019-07-28T22:03:10.324Z: Running basic algorithm for video 457956530
2019-07-28T22:03:17.433Z: Client aa34b559-81ff-48f5-8a72-036817c88e2f made a request
2019-07-28T22:03:17.437Z: Received request for analysing video: 457956530
2019-07-28T22:03:17.437Z: RechatTool is still running for 457956530!
2019-07-28T22:03:17.438Z: Running basic algorithm for video 457956530
2019-07-28T22:03:24.528Z: Client aa34b559-81ff-48f5-8a72-036817c88e2f made a request
2019-07-28T22:03:24.528Z: Received request for analysing video: 457956530
2019-07-28T22:03:24.529Z: RechatTool is still running for 457956530!
2019-07-28T22:03:24.529Z: Running basic algorithm for video 457956530
2019-07-28T22:03:31.922Z: Client aa34b559-81ff-48f5-8a72-036817c88e2f made a request
2019-07-28T22:03:31.923Z: Received request for analysing video: 457956530
2019-07-28T22:03:31.924Z: RechatTool is still running for 457956530!
2019-07-28T22:03:31.925Z: Running basic algorithm for video 457956530
2019-07-28T22:03:39.136Z: Client aa34b559-81ff-48f5-8a72-036817c88e2f made a request
2019-07-28T22:03:39.149Z: Received request for analysing video: 457956530
2019-07-28T22:03:39.150Z: RechatTool is still running for 457956530!
2019-07-28T22:03:39.151Z: Running basic algorithm for video 457956530
2019-07-28T22:03:46.458Z: Client aa34b559-81ff-48f5-8a72-036817c88e2f made a request
2019-07-28T22:03:46.459Z: Received request for analysing video: 457956530
2019-07-28T22:03:46.459Z: RechatTool is still running for 457956530!
2019-07-28T22:03:46.460Z: Running basic algorithm for video 457956530
2019-07-28T22:03:53.834Z: Client aa34b559-81ff-48f5-8a72-036817c88e2f made a request
2019-07-28T22:03:53.835Z: Received request for analysing video: 457956530
2019-07-28T22:03:53.836Z: RechatTool is still running for 457956530!
2019-07-28T22:03:53.836Z: Running basic algorithm for video 457956530
2019-07-28T22:04:01.077Z: Client aa34b559-81ff-48f5-8a72-036817c88e2f made a request
2019-07-28T22:04:01.078Z: Received request for analysing video: 457956530
2019-07-28T22:04:01.079Z: RechatTool is still running for 457956530!
2019-07-28T22:04:01.079Z: Running basic algorithm for video 457956530
2019-07-28T22:04:08.470Z: Client aa34b559-81ff-48f5-8a72-036817c88e2f made a request
2019-07-28T22:04:08.471Z: Received request for analysing video: 457956530
2019-07-28T22:04:08.472Z: RechatTool is still running for 457956530!
2019-07-28T22:04:08.472Z: Running basic algorithm for video 457956530
2019-07-28T22:04:16.023Z: Client aa34b559-81ff-48f5-8a72-036817c88e2f made a request
2019-07-28T22:04:16.024Z: Received request for analysing video: 457956530
2019-07-28T22:04:16.025Z: RechatTool is still running for 457956530!
2019-07-28T22:04:16.025Z: Running basic algorithm for video 457956530
2019-07-28T22:04:23.392Z: Client aa34b559-81ff-48f5-8a72-036817c88e2f made a request
2019-07-28T22:04:23.393Z: Received request for analysing video: 457956530
2019-07-28T22:04:23.394Z: RechatTool is still running for 457956530!
2019-07-28T22:04:23.394Z: Running basic algorithm for video 457956530
2019-07-28T22:04:30.667Z: Client aa34b559-81ff-48f5-8a72-036817c88e2f made a request
2019-07-28T22:04:30.668Z: Received request for analysing video: 457956530
2019-07-28T22:04:30.669Z: RechatTool is still running for 457956530!
2019-07-28T22:04:30.669Z: Running basic algorithm for video 457956530
2019-07-28T22:04:38.042Z: Client aa34b559-81ff-48f5-8a72-036817c88e2f made a request
2019-07-28T22:04:38.043Z: Received request for analysing video: 457956530
2019-07-28T22:04:38.043Z: RechatTool is still running for 457956530!
2019-07-28T22:04:38.044Z: Running basic algorithm for video 457956530
2019-07-28T22:04:45.394Z: Client aa34b559-81ff-48f5-8a72-036817c88e2f made a request
2019-07-28T22:04:45.395Z: Received request for analysing video: 457956530
2019-07-28T22:04:45.396Z: RechatTool is still running for 457956530!
2019-07-28T22:04:45.397Z: Running basic algorithm for video 457956530
2019-07-28T22:04:52.808Z: Client aa34b559-81ff-48f5-8a72-036817c88e2f made a request
2019-07-28T22:04:52.809Z: Received request for analysing video: 457956530
2019-07-28T22:04:52.810Z: RechatTool is still running for 457956530!
2019-07-28T22:04:52.811Z: Running basic algorithm for video 457956530
2019-07-28T22:05:00.409Z: Client aa34b559-81ff-48f5-8a72-036817c88e2f made a request
2019-07-28T22:05:00.414Z: Received request for analysing video: 457956530
2019-07-28T22:05:00.415Z: RechatTool is still running for 457956530!
2019-07-28T22:05:00.415Z: Running basic algorithm for video 457956530
2019-07-28T22:05:07.928Z: Client aa34b559-81ff-48f5-8a72-036817c88e2f made a request
2019-07-28T22:05:07.929Z: Received request for analysing video: 457956530
2019-07-28T22:05:07.930Z: RechatTool is still running for 457956530!
2019-07-28T22:05:07.931Z: Running basic algorithm for video 457956530
2019-07-28T22:05:15.453Z: Client aa34b559-81ff-48f5-8a72-036817c88e2f made a request
2019-07-28T22:05:15.454Z: Received request for analysing video: 457956530
2019-07-28T22:05:15.455Z: RechatTool is still running for 457956530!
2019-07-28T22:05:15.456Z: Running basic algorithm for video 457956530
2019-07-28T22:05:24.402Z: Client aa34b559-81ff-48f5-8a72-036817c88e2f made a request
2019-07-28T22:05:24.403Z: Received request for analysing video: 457956530
2019-07-28T22:05:24.403Z: RechatTool is still running for 457956530!
2019-07-28T22:05:24.405Z: Running basic algorithm for video 457956530
2019-07-28T22:05:31.941Z: Client aa34b559-81ff-48f5-8a72-036817c88e2f made a request
2019-07-28T22:05:31.942Z: Received request for analysing video: 457956530
2019-07-28T22:05:31.942Z: RechatTool is still running for 457956530!
2019-07-28T22:05:31.944Z: Running basic algorithm for video 457956530
2019-07-28T22:05:39.495Z: Client aa34b559-81ff-48f5-8a72-036817c88e2f made a request
2019-07-28T22:05:39.496Z: Received request for analysing video: 457956530
2019-07-28T22:05:39.497Z: RechatTool is still running for 457956530!
2019-07-28T22:05:39.497Z: Running basic algorithm for video 457956530
2019-07-28T22:05:47.038Z: Client aa34b559-81ff-48f5-8a72-036817c88e2f made a request
2019-07-28T22:05:47.039Z: Received request for analysing video: 457956530
2019-07-28T22:05:47.039Z: RechatTool is still running for 457956530!
2019-07-28T22:05:47.040Z: Running basic algorithm for video 457956530
2019-07-28T22:05:54.665Z: Client aa34b559-81ff-48f5-8a72-036817c88e2f made a request
2019-07-28T22:05:54.670Z: Received request for analysing video: 457956530
2019-07-28T22:05:54.674Z: RechatTool is still running for 457956530!
2019-07-28T22:05:54.681Z: Running basic algorithm for video 457956530
